#
# A fatal error has been detected by the Java Runtime Environment:
#
#  SIGSEGV (0xb) at pc=0x00007f4b88e373b7, pid=9891, tid=0x00007f4ba5247700
#
# JRE version: OpenJDK Runtime Environment (8.0_121-b13) (build 1.8.0_121-8u121-b13-0ubuntu1.16.04.2-b13)
# Java VM: OpenJDK 64-Bit Server VM (25.121-b13 mixed mode linux-amd64 compressed oops)
# Problematic frame:
# C  [libtesseract.so+0xc83b7]  tesseract::Tesseract::recog_all_words(PAGE_RES*, ETEXT_DESC*, TBOX const*, char const*, int)+0x5f7
#
# Failed to write core dump. Core dumps have been disabled. To enable core dumping, try "ulimit -c unlimited" before starting Java again
#
# If you would like to submit a bug report, please visit:
#   http://bugreport.java.com/bugreport/crash.jsp
# The crash happened outside the Java Virtual Machine in native code.
# See problematic frame for where to report the bug.
#

---------------  T H R E A D  ---------------

Current thread (0x00007f4b9c012000):  JavaThread "main" [_thread_in_native, id=9892, stack(0x00007f4ba5147000,0x00007f4ba5248000)]

siginfo: si_signo: 11 (SIGSEGV), si_code: 1 (SEGV_MAPERR), si_addr: 0x000000000000000c

Registers:
RAX=0x0000000000000000, RBX=0x00007f4b9cc39610, RCX=0x0000000000000000, RDX=0x0000000000000000
RSP=0x00007f4ba52455b0, RBP=0x00007f4ba5245600, RSI=0x0000000000000000, RDI=0x00007f4ba52456c0
R8 =0x0000000000000000, R9 =0x00007f4b9d23f430, R10=0x000000000000122f, R11=0x00007f4b88ffd930
R12=0x00007f4b9d2d6e70, R13=0x0000000000000000, R14=0x0000000000000001, R15=0x00000000ffffffff
RIP=0x00007f4b88e373b7, EFLAGS=0x0000000000010246, CSGSFS=0x0000000000000033, ERR=0x0000000000000004
  TRAPNO=0x000000000000000e

Top of Stack: (sp=0x00007f4ba52455b0)
0x00007f4ba52455b0:   0000000000000000 0000000000000000
0x00007f4ba52455c0:   0000000000000000 0000000000000000
0x00007f4ba52455d0:   0000000000000000 0000000000000000
0x00007f4ba52455e0:   0000000000ff0000 0000000000000000
0x00007f4ba52455f0:   0000000000000000 0000000000000000
0x00007f4ba5245600:   00007f4b9d2d6e70 0000000000000000
0x00007f4ba5245610:   0000000000000000 0000000000000000
0x00007f4ba5245620:   00007f4b9d29f630 00007f4b9d2aad80
0x00007f4ba5245630:   00007f4b9d24ab30 00007f4b9d2a4bd0
0x00007f4ba5245640:   00007f4b9c46b480 00007f4b9d23f430
0x00007f4ba5245650:   00007f4b9d2d6e78 00007f4b9d24ab30
0x00007f4ba5245660:   00007f4b9d23f430 00007f4b9d1b8cf0
0x00007f4ba5245670:   0000000000000000 00007f4b9d24ab30
0x00007f4ba5245680:   0000000000000001 00007f4b9d23f458
0x00007f4ba5245690:   00007f4b9c46b480 00007f4b9c46b480
0x00007f4ba52456a0:   00007f4b9c46b480 0000007c00000000
0x00007f4ba52456b0:   00007f4b9c46b480 00007f4b9d2d6e00
0x00007f4ba52456c0:   00007f4b9c46b4a0 00007f4b9d2a4bd0
0x00007f4ba52456d0:   00007f4b9d2d7180 00007f4b9c298ed0
0x00007f4ba52456e0:   0000000000000000 00007f4b9d2a4bd0
0x00007f4ba52456f0:   0000000000000001 1fca81828e393e00
0x00007f4ba5245700:   00007f4b9cc39610 00007f4b9cc36c10
0x00007f4ba5245710:   00007f4ba5245790 0000000000000000
0x00007f4ba5245720:   00007f4b9d2d6e70 0000000000000001
0x00007f4ba5245730:   00000000ffffffff 00007f4b88e1e6fd
0x00007f4ba5245740:   0000000000000000 00000000a09d4898
0x00007f4ba5245750:   00007f4ba5245701 1fca81828e393e00
0x00007f4ba5245760:   00007f4b9cc36c10 00007f4ba52458c8
0x00007f4ba5245770:   0000000000000001 0000000000000000
0x00007f4ba5245780:   0000000000000002 00007f4ba52461a0
0x00007f4ba5245790:   00007f4ba52457a0 00007f4b896217a0
0x00007f4ba52457a0:   000000000000000a 00007f4ba5246228 

Instructions: (pc=0x00007f4b88e373b7)
0x00007f4b88e37397:   02 fd ff 83 7c 24 04 01 0f 84 d2 fb ff ff e9 ac
0x00007f4b88e373a7:   fa ff ff 66 0f 1f 44 00 00 48 8b 83 38 0b 00 00
0x00007f4b88e373b7:   80 78 0c 00 0f 84 cc fd ff ff 48 89 df e8 a7 00
0x00007f4b88e373c7:   fd ff e9 bf fd ff ff 4c 89 e6 48 89 df e8 97 ff 

Register to memory mapping:

RAX=0x0000000000000000 is an unknown value
RBX=0x00007f4b9cc39610 is an unknown value
RCX=0x0000000000000000 is an unknown value
RDX=0x0000000000000000 is an unknown value
RSP=0x00007f4ba52455b0 is pointing into the stack for thread: 0x00007f4b9c012000
RBP=0x00007f4ba5245600 is pointing into the stack for thread: 0x00007f4b9c012000
RSI=0x0000000000000000 is an unknown value
RDI=0x00007f4ba52456c0 is pointing into the stack for thread: 0x00007f4b9c012000
R8 =0x0000000000000000 is an unknown value
R9 =0x00007f4b9d23f430 is an unknown value
R10=0x000000000000122f is an unknown value
R11=0x00007f4b88ffd930: _ZN11PAGE_RES_IT16internal_forwardEbb+0 in /usr/local/lib/libtesseract.so at 0x00007f4b88d6f000
R12=0x00007f4b9d2d6e70 is an unknown value
R13=0x0000000000000000 is an unknown value
R14=0x0000000000000001 is an unknown value
R15=0x00000000ffffffff is an unallocated location in the heap


Stack: [0x00007f4ba5147000,0x00007f4ba5248000],  sp=0x00007f4ba52455b0,  free space=1017k
Native frames: (J=compiled Java code, j=interpreted, Vv=VM code, C=native code)
C  [libtesseract.so+0xc83b7]  tesseract::Tesseract::recog_all_words(PAGE_RES*, ETEXT_DESC*, TBOX const*, char const*, int)+0x5f7
C  0x0000000000000000

Java frames: (J=compiled Java code, j=interpreted, Vv=VM code)
j  com.sun.jna.Native.invokeInt(JI[Ljava/lang/Object;)I+0
j  com.sun.jna.Function.invoke([Ljava/lang/Object;Ljava/lang/Class;Z)Ljava/lang/Object;+225
j  com.sun.jna.Function.invoke(Ljava/lang/Class;[Ljava/lang/Object;Ljava/util/Map;)Ljava/lang/Object;+262
j  com.sun.jna.Library$Handler.invoke(Ljava/lang/Object;Ljava/lang/reflect/Method;[Ljava/lang/Object;)Ljava/lang/Object;+316
j  com.sun.proxy.$Proxy0.TessBaseAPIRecognize(Lnet/sourceforge/tess4j/ITessAPI$TessBaseAPI;Lnet/sourceforge/tess4j/ITessAPI$ETEXT_DESC;)I+20
j  etl.ConvTesseract.getSymbols()Ljava/util/List;+19
j  etl.ConvTesseract.getOCRText(Ljava/lang/String;)Ljava/lang/String;+1
j  etl.ConvTesseract.doOCR(Ljava/io/File;Ljava/awt/Rectangle;)Ljava/lang/String;+27
j  etl.ConvTesseract.doOCR(Ljava/io/File;)Ljava/lang/String;+3
j  etl.OCR.doOCRFiles()V+120
j  etl.OCR.processing()Ljava/lang/String;+5
j  etl.ETL.processing()V+13
j  Test.main([Ljava/lang/String;)V+18
v  ~StubRoutines::call_stub

---------------  P R O C E S S  ---------------

Java Threads: ( => current thread )
  0x00007f4b9ccfc000 JavaThread "Java2D Disposer" daemon [_thread_blocked, id=9925, stack(0x00007f4b899ee000,0x00007f4b89aef000)]
  0x00007f4b9c618000 JavaThread "process reaper" daemon [_thread_blocked, id=9909, stack(0x00007f4b89aef000,0x00007f4b89b28000)]
  0x00007f4b9c0bb800 JavaThread "Service Thread" daemon [_thread_blocked, id=9906, stack(0x00007f4b8a43e000,0x00007f4b8a53f000)]
  0x00007f4b9c0b3800 JavaThread "C1 CompilerThread1" daemon [_thread_blocked, id=9905, stack(0x00007f4b8a53f000,0x00007f4b8a640000)]
  0x00007f4b9c0b1000 JavaThread "C2 CompilerThread0" daemon [_thread_blocked, id=9904, stack(0x00007f4b8a640000,0x00007f4b8a741000)]
  0x00007f4b9c0ae800 JavaThread "Signal Dispatcher" daemon [_thread_blocked, id=9903, stack(0x00007f4b8a741000,0x00007f4b8a842000)]
  0x00007f4b9c087800 JavaThread "Finalizer" daemon [_thread_blocked, id=9902, stack(0x00007f4b8ab1a000,0x00007f4b8ac1b000)]
  0x00007f4b9c083000 JavaThread "Reference Handler" daemon [_thread_blocked, id=9901, stack(0x00007f4b8ac1b000,0x00007f4b8ad1c000)]
=>0x00007f4b9c012000 JavaThread "main" [_thread_in_native, id=9892, stack(0x00007f4ba5147000,0x00007f4ba5248000)]

Other Threads:
  0x00007f4b9c07b000 VMThread [stack: 0x00007f4b8ad1c000,0x00007f4b8ae1d000] [id=9900]
  0x00007f4b9c0bd800 WatcherThread [stack: 0x00007f4b8a33d000,0x00007f4b8a43e000] [id=9907]

VM state:not at safepoint (normal execution)

VM Mutex/Monitor currently owned by a thread: None

Heap:
 PSYoungGen      total 18432K, used 8735K [0x00000000eb700000, 0x00000000ecb80000, 0x0000000100000000)
  eden space 15872K, 39% used [0x00000000eb700000,0x00000000ebd0cb30,0x00000000ec680000)
  from space 2560K, 99% used [0x00000000ec900000,0x00000000ecb7b200,0x00000000ecb80000)
  to   space 2560K, 0% used [0x00000000ec680000,0x00000000ec680000,0x00000000ec900000)
 ParOldGen       total 42496K, used 9198K [0x00000000c2400000, 0x00000000c4d80000, 0x00000000eb700000)
  object space 42496K, 21% used [0x00000000c2400000,0x00000000c2cfba20,0x00000000c4d80000)
 Metaspace       used 8683K, capacity 8846K, committed 9088K, reserved 1056768K
  class space    used 948K, capacity 1025K, committed 1152K, reserved 1048576K

Card table byte_map: [0x00007f4ba1615000,0x00007f4ba1804000] byte_map_base: 0x00007f4ba1003000

Marking Bits: (ParMarkBitMap*) 0x00007f4ba4414220
 Begin Bits: [0x00007f4b8b120000, 0x00007f4b8c090000)
 End Bits:   [0x00007f4b8c090000, 0x00007f4b8d000000)

Polling page: 0x00007f4ba5262000

CodeCache: size=245760Kb used=3076Kb max_used=3080Kb free=242683Kb
 bounds [0x00007f4b8d000000, 0x00007f4b8d310000, 0x00007f4b9c000000]
 total_blobs=1116 nmethods=771 adapters=260
 compilation: enabled

Compilation events (10 events):
Event: 3.142 Thread 0x00007f4b9c0b1000  767   !   4       java.util.zip.Inflater::inflate (113 bytes)
Event: 3.145 Thread 0x00007f4b9c0b1000 nmethod 767 0x00007f4b8d300ed0 code [0x00007f4b8d301040, 0x00007f4b8d301508]
Event: 3.160 Thread 0x00007f4b9c0b3800  768 %     3       com.sun.imageio.plugins.png.PNGImageReader::decodeAverageFilter @ 58 (128 bytes)
Event: 3.160 Thread 0x00007f4b9c0b3800 nmethod 768% 0x00007f4b8d3003d0 code [0x00007f4b8d300560, 0x00007f4b8d300a50]
Event: 3.160 Thread 0x00007f4b9c0b3800  769       3       com.sun.imageio.plugins.png.PNGImageReader::decodeAverageFilter (128 bytes)
Event: 3.160 Thread 0x00007f4b9c0b3800 nmethod 769 0x00007f4b8d303ed0 code [0x00007f4b8d304060, 0x00007f4b8d304450]
Event: 3.213 Thread 0x00007f4b9c0b3800  770       3       sun.reflect.ClassFileAssembler::emitByte (11 bytes)
Event: 3.213 Thread 0x00007f4b9c0b3800 nmethod 770 0x00007f4b8d2fa210 code [0x00007f4b8d2fa380, 0x00007f4b8d2fa548]
Event: 3.213 Thread 0x00007f4b9c0b3800  771       3       sun.reflect.ByteVectorImpl::add (38 bytes)
Event: 3.213 Thread 0x00007f4b9c0b3800 nmethod 771 0x00007f4b8d303a10 code [0x00007f4b8d303b80, 0x00007f4b8d303da8]

GC Heap History (4 events):
Event: 2.623 GC heap before
{Heap before GC invocations=1 (full 0):
 PSYoungGen      total 18432K, used 15872K [0x00000000eb700000, 0x00000000ecb80000, 0x0000000100000000)
  eden space 15872K, 100% used [0x00000000eb700000,0x00000000ec680000,0x00000000ec680000)
  from space 2560K, 0% used [0x00000000ec900000,0x00000000ec900000,0x00000000ecb80000)
  to   space 2560K, 0% used [0x00000000ec680000,0x00000000ec680000,0x00000000ec900000)
 ParOldGen       total 42496K, used 0K [0x00000000c2400000, 0x00000000c4d80000, 0x00000000eb700000)
  object space 42496K, 0% used [0x00000000c2400000,0x00000000c2400000,0x00000000c4d80000)
 Metaspace       used 5799K, capacity 5988K, committed 6144K, reserved 1056768K
  class space    used 649K, capacity 734K, committed 768K, reserved 1048576K
Event: 2.626 GC heap after
Heap after GC invocations=1 (full 0):
 PSYoungGen      total 18432K, used 2534K [0x00000000eb700000, 0x00000000ecb80000, 0x0000000100000000)
  eden space 15872K, 0% used [0x00000000eb700000,0x00000000eb700000,0x00000000ec680000)
  from space 2560K, 99% used [0x00000000ec680000,0x00000000ec8f9a60,0x00000000ec900000)
  to   space 2560K, 0% used [0x00000000ec900000,0x00000000ec900000,0x00000000ecb80000)
 ParOldGen       total 42496K, used 240K [0x00000000c2400000, 0x00000000c4d80000, 0x00000000eb700000)
  object space 42496K, 0% used [0x00000000c2400000,0x00000000c243c1b8,0x00000000c4d80000)
 Metaspace       used 5799K, capacity 5988K, committed 6144K, reserved 1056768K
  class space    used 649K, capacity 734K, committed 768K, reserved 1048576K
}
Event: 3.115 GC heap before
{Heap before GC invocations=2 (full 0):
 PSYoungGen      total 18432K, used 18406K [0x00000000eb700000, 0x00000000ecb80000, 0x0000000100000000)
  eden space 15872K, 100% used [0x00000000eb700000,0x00000000ec680000,0x00000000ec680000)
  from space 2560K, 99% used [0x00000000ec680000,0x00000000ec8f9a60,0x00000000ec900000)
  to   space 2560K, 0% used [0x00000000ec900000,0x00000000ec900000,0x00000000ecb80000)
 ParOldGen       total 42496K, used 8577K [0x00000000c2400000, 0x00000000c4d80000, 0x00000000eb700000)
  object space 42496K, 20% used [0x00000000c2400000,0x00000000c2c60698,0x00000000c4d80000)
 Metaspace       used 8545K, capacity 8712K, committed 8960K, reserved 1056768K
  class space    used 935K, capacity 1024K, committed 1024K, reserved 1048576K
Event: 3.121 GC heap after
Heap after GC invocations=2 (full 0):
 PSYoungGen      total 18432K, used 2540K [0x00000000eb700000, 0x00000000ecb80000, 0x0000000100000000)
  eden space 15872K, 0% used [0x00000000eb700000,0x00000000eb700000,0x00000000ec680000)
  from space 2560K, 99% used [0x00000000ec900000,0x00000000ecb7b200,0x00000000ecb80000)
  to   space 2560K, 0% used [0x00000000ec680000,0x00000000ec680000,0x00000000ec900000)
 ParOldGen       total 42496K, used 9198K [0x00000000c2400000, 0x00000000c4d80000, 0x00000000eb700000)
  object space 42496K, 21% used [0x00000000c2400000,0x00000000c2cfba20,0x00000000c4d80000)
 Metaspace       used 8545K, capacity 8712K, committed 8960K, reserved 1056768K
  class space    used 935K, capacity 1024K, committed 1024K, reserved 1048576K
}

Deoptimization events (9 events):
Event: 0.168 Thread 0x00007f4b9c012000 Uncommon trap: reason=unstable_if action=reinterpret pc=0x00007f4b8d10b6c4 method=java.lang.String.hashCode()I @ 14
Event: 0.227 Thread 0x00007f4b9c012000 Uncommon trap: reason=unstable_if action=reinterpret pc=0x00007f4b8d10f6b8 method=java.lang.String.indexOf(II)I @ 49
Event: 2.432 Thread 0x00007f4b9c012000 Uncommon trap: reason=unstable_if action=reinterpret pc=0x00007f4b8d1be128 method=java.lang.String.indexOf([CII[CIII)I @ 3
Event: 2.677 Thread 0x00007f4b9c012000 Uncommon trap: reason=bimorphic action=maybe_recompile pc=0x00007f4b8d207c10 method=java.util.HashMap.getNode(ILjava/lang/Object;)Ljava/util/HashMap$Node; @ 126
Event: 2.677 Thread 0x00007f4b9c012000 Uncommon trap: reason=bimorphic action=maybe_recompile pc=0x00007f4b8d207c10 method=java.util.HashMap.getNode(ILjava/lang/Object;)Ljava/util/HashMap$Node; @ 126
Event: 2.677 Thread 0x00007f4b9c012000 Uncommon trap: reason=bimorphic action=maybe_recompile pc=0x00007f4b8d207c10 method=java.util.HashMap.getNode(ILjava/lang/Object;)Ljava/util/HashMap$Node; @ 126
Event: 2.677 Thread 0x00007f4b9c012000 Uncommon trap: reason=bimorphic action=maybe_recompile pc=0x00007f4b8d207c10 method=java.util.HashMap.getNode(ILjava/lang/Object;)Ljava/util/HashMap$Node; @ 126
Event: 2.770 Thread 0x00007f4b9c012000 Uncommon trap: reason=unstable_if action=reinterpret pc=0x00007f4b8d278e98 method=java.util.HashMap.getNode(ILjava/lang/Object;)Ljava/util/HashMap$Node; @ 62
Event: 2.770 Thread 0x00007f4b9c012000 Uncommon trap: reason=unstable_if action=reinterpret pc=0x00007f4b8d27aa44 method=java.util.HashMap.getNode(ILjava/lang/Object;)Ljava/util/HashMap$Node; @ 62

Internal exceptions (10 events):
Event: 2.977 Thread 0x00007f4b9c012000 Exception <a 'java/security/PrivilegedActionException'> (0x00000000ec0df730) thrown at [/build/openjdk-8-YiEakL/openjdk-8-8u121-b13/src/hotspot/src/share/vm/prims/jvm.cpp, line 1390]
Event: 2.977 Thread 0x00007f4b9c012000 Exception <a 'java/security/PrivilegedActionException'> (0x00000000ec0df940) thrown at [/build/openjdk-8-YiEakL/openjdk-8-8u121-b13/src/hotspot/src/share/vm/prims/jvm.cpp, line 1390]
Event: 2.977 Thread 0x00007f4b9c012000 Exception <a 'java/security/PrivilegedActionException'> (0x00000000ec0e4740) thrown at [/build/openjdk-8-YiEakL/openjdk-8-8u121-b13/src/hotspot/src/share/vm/prims/jvm.cpp, line 1390]
Event: 2.977 Thread 0x00007f4b9c012000 Exception <a 'java/security/PrivilegedActionException'> (0x00000000ec0e4950) thrown at [/build/openjdk-8-YiEakL/openjdk-8-8u121-b13/src/hotspot/src/share/vm/prims/jvm.cpp, line 1390]
Event: 2.977 Thread 0x00007f4b9c012000 Exception <a 'java/security/PrivilegedActionException'> (0x00000000ec0e5b40) thrown at [/build/openjdk-8-YiEakL/openjdk-8-8u121-b13/src/hotspot/src/share/vm/prims/jvm.cpp, line 1390]
Event: 2.977 Thread 0x00007f4b9c012000 Exception <a 'java/security/PrivilegedActionException'> (0x00000000ec0e5d50) thrown at [/build/openjdk-8-YiEakL/openjdk-8-8u121-b13/src/hotspot/src/share/vm/prims/jvm.cpp, line 1390]
Event: 2.977 Thread 0x00007f4b9c012000 Exception <a 'java/security/PrivilegedActionException'> (0x00000000ec0e78a8) thrown at [/build/openjdk-8-YiEakL/openjdk-8-8u121-b13/src/hotspot/src/share/vm/prims/jvm.cpp, line 1390]
Event: 2.977 Thread 0x00007f4b9c012000 Exception <a 'java/security/PrivilegedActionException'> (0x00000000ec0e7ab8) thrown at [/build/openjdk-8-YiEakL/openjdk-8-8u121-b13/src/hotspot/src/share/vm/prims/jvm.cpp, line 1390]
Event: 2.977 Thread 0x00007f4b9c012000 Exception <a 'java/security/PrivilegedActionException'> (0x00000000ec0e8c80) thrown at [/build/openjdk-8-YiEakL/openjdk-8-8u121-b13/src/hotspot/src/share/vm/prims/jvm.cpp, line 1390]
Event: 2.977 Thread 0x00007f4b9c012000 Exception <a 'java/security/PrivilegedActionException'> (0x00000000ec0e8e90) thrown at [/build/openjdk-8-YiEakL/openjdk-8-8u121-b13/src/hotspot/src/share/vm/prims/jvm.cpp, line 1390]

Events (10 events):
Event: 3.213 loading class sun/reflect/Label
Event: 3.213 loading class sun/reflect/Label done
Event: 3.213 loading class sun/reflect/Label$PatchInfo
Event: 3.213 loading class sun/reflect/Label$PatchInfo done
Event: 3.213 loading class sun/reflect/MethodAccessorGenerator$1
Event: 3.213 loading class sun/reflect/MethodAccessorGenerator$1 done
Event: 3.214 loading class sun/reflect/ClassDefiner
Event: 3.214 loading class sun/reflect/ClassDefiner done
Event: 3.214 loading class sun/reflect/ClassDefiner$1
Event: 3.214 loading class sun/reflect/ClassDefiner$1 done


Dynamic libraries:
00400000-00401000 r-xp 00000000 08:01 2106288                            /usr/lib/jvm/java-8-openjdk-amd64/jre/bin/java
00600000-00601000 r--p 00000000 08:01 2106288                            /usr/lib/jvm/java-8-openjdk-amd64/jre/bin/java
00601000-00602000 rw-p 00001000 08:01 2106288                            /usr/lib/jvm/java-8-openjdk-amd64/jre/bin/java
013a9000-013ca000 rw-p 00000000 00:00 0                                  [heap]
c2400000-c4d80000 rw-p 00000000 00:00 0 
c4d80000-eb700000 ---p 00000000 00:00 0 
eb700000-ecb80000 rw-p 00000000 00:00 0 
ecb80000-100000000 ---p 00000000 00:00 0 
100000000-100120000 rw-p 00000000 00:00 0 
100120000-140000000 ---p 00000000 00:00 0 
7f4b50c39000-7f4b5145e000 rw-p 00000000 00:00 0 
7f4b51c83000-7f4b524a8000 rw-p 00000000 00:00 0 
7f4b524a8000-7f4b524ad000 r-xp 00000000 08:01 1713104                    /usr/lib/x86_64-linux-gnu/libXdmcp.so.6.0.0
7f4b524ad000-7f4b526ac000 ---p 00005000 08:01 1713104                    /usr/lib/x86_64-linux-gnu/libXdmcp.so.6.0.0
7f4b526ac000-7f4b526ad000 r--p 00004000 08:01 1713104                    /usr/lib/x86_64-linux-gnu/libXdmcp.so.6.0.0
7f4b526ad000-7f4b526ae000 rw-p 00005000 08:01 1713104                    /usr/lib/x86_64-linux-gnu/libXdmcp.so.6.0.0
7f4b526ae000-7f4b526b0000 r-xp 00000000 08:01 1713093                    /usr/lib/x86_64-linux-gnu/libXau.so.6.0.0
7f4b526b0000-7f4b528b0000 ---p 00002000 08:01 1713093                    /usr/lib/x86_64-linux-gnu/libXau.so.6.0.0
7f4b528b0000-7f4b528b1000 r--p 00002000 08:01 1713093                    /usr/lib/x86_64-linux-gnu/libXau.so.6.0.0
7f4b528b1000-7f4b528b2000 rw-p 00003000 08:01 1713093                    /usr/lib/x86_64-linux-gnu/libXau.so.6.0.0
7f4b528b2000-7f4b528d3000 r-xp 00000000 08:01 1714471                    /usr/lib/x86_64-linux-gnu/libxcb.so.1.1.0
7f4b528d3000-7f4b52ad2000 ---p 00021000 08:01 1714471                    /usr/lib/x86_64-linux-gnu/libxcb.so.1.1.0
7f4b52ad2000-7f4b52ad3000 r--p 00020000 08:01 1714471                    /usr/lib/x86_64-linux-gnu/libxcb.so.1.1.0
7f4b52ad3000-7f4b52ad4000 rw-p 00021000 08:01 1714471                    /usr/lib/x86_64-linux-gnu/libxcb.so.1.1.0
7f4b52ad4000-7f4b52ae3000 r-xp 00000000 08:01 1713114                    /usr/lib/x86_64-linux-gnu/libXi.so.6.1.0
7f4b52ae3000-7f4b52ce2000 ---p 0000f000 08:01 1713114                    /usr/lib/x86_64-linux-gnu/libXi.so.6.1.0
7f4b52ce2000-7f4b52ce3000 r--p 0000e000 08:01 1713114                    /usr/lib/x86_64-linux-gnu/libXi.so.6.1.0
7f4b52ce3000-7f4b52ce4000 rw-p 0000f000 08:01 1713114                    /usr/lib/x86_64-linux-gnu/libXi.so.6.1.0
7f4b52ce4000-7f4b52ce9000 r-xp 00000000 08:01 1713132                    /usr/lib/x86_64-linux-gnu/libXtst.so.6.1.0
7f4b52ce9000-7f4b52ee8000 ---p 00005000 08:01 1713132                    /usr/lib/x86_64-linux-gnu/libXtst.so.6.1.0
7f4b52ee8000-7f4b52ee9000 r--p 00004000 08:01 1713132                    /usr/lib/x86_64-linux-gnu/libXtst.so.6.1.0
7f4b52ee9000-7f4b52eea000 rw-p 00005000 08:01 1713132                    /usr/lib/x86_64-linux-gnu/libXtst.so.6.1.0
7f4b52eea000-7f4b52ef3000 r-xp 00000000 08:01 1713126                    /usr/lib/x86_64-linux-gnu/libXrender.so.1.3.0
7f4b52ef3000-7f4b530f2000 ---p 00009000 08:01 1713126                    /usr/lib/x86_64-linux-gnu/libXrender.so.1.3.0
7f4b530f2000-7f4b530f3000 r--p 00008000 08:01 1713126                    /usr/lib/x86_64-linux-gnu/libXrender.so.1.3.0
7f4b530f3000-7f4b530f4000 rw-p 00009000 08:01 1713126                    /usr/lib/x86_64-linux-gnu/libXrender.so.1.3.0
7f4b530f4000-7f4b53229000 r-xp 00000000 08:01 1713089                    /usr/lib/x86_64-linux-gnu/libX11.so.6.3.0
7f4b53229000-7f4b53429000 ---p 00135000 08:01 1713089                    /usr/lib/x86_64-linux-gnu/libX11.so.6.3.0
7f4b53429000-7f4b5342a000 r--p 00135000 08:01 1713089                    /usr/lib/x86_64-linux-gnu/libX11.so.6.3.0
7f4b5342a000-7f4b5342e000 rw-p 00136000 08:01 1713089                    /usr/lib/x86_64-linux-gnu/libX11.so.6.3.0
7f4b5342e000-7f4b5343f000 r-xp 00000000 08:01 1713106                    /usr/lib/x86_64-linux-gnu/libXext.so.6.4.0
7f4b5343f000-7f4b5363e000 ---p 00011000 08:01 1713106                    /usr/lib/x86_64-linux-gnu/libXext.so.6.4.0
7f4b5363e000-7f4b5363f000 r--p 00010000 08:01 1713106                    /usr/lib/x86_64-linux-gnu/libXext.so.6.4.0
7f4b5363f000-7f4b53640000 rw-p 00011000 08:01 1713106                    /usr/lib/x86_64-linux-gnu/libXext.so.6.4.0
7f4b53640000-7f4b53694000 r-xp 00000000 08:01 2106246                    /usr/lib/jvm/java-8-openjdk-amd64/jre/lib/amd64/libawt_xawt.so
7f4b53694000-7f4b53894000 ---p 00054000 08:01 2106246                    /usr/lib/jvm/java-8-openjdk-amd64/jre/lib/amd64/libawt_xawt.so
7f4b53894000-7f4b53895000 r--p 00054000 08:01 2106246                    /usr/lib/jvm/java-8-openjdk-amd64/jre/lib/amd64/libawt_xawt.so
7f4b53895000-7f4b53898000 rw-p 00055000 08:01 2106246                    /usr/lib/jvm/java-8-openjdk-amd64/jre/lib/amd64/libawt_xawt.so
7f4b53898000-7f4b53899000 rw-p 00000000 00:00 0 
7f4b53899000-7f4b53939000 r-xp 00000000 08:01 2106252                    /usr/lib/jvm/java-8-openjdk-amd64/jre/lib/amd64/libawt.so
7f4b53939000-7f4b53b39000 ---p 000a0000 08:01 2106252                    /usr/lib/jvm/java-8-openjdk-amd64/jre/lib/amd64/libawt.so
7f4b53b39000-7f4b53b3a000 r--p 000a0000 08:01 2106252                    /usr/lib/jvm/java-8-openjdk-amd64/jre/lib/amd64/libawt.so
7f4b53b3a000-7f4b53b45000 rw-p 000a1000 08:01 2106252                    /usr/lib/jvm/java-8-openjdk-amd64/jre/lib/amd64/libawt.so
7f4b53b45000-7f4b53b6a000 rw-p 00000000 00:00 0 
7f4b53b6a000-7f4b53b8b000 r-xp 00000000 08:01 3412753                    /lib/x86_64-linux-gnu/liblzma.so.5.0.0
7f4b53b8b000-7f4b53d8a000 ---p 00021000 08:01 3412753                    /lib/x86_64-linux-gnu/liblzma.so.5.0.0
7f4b53d8a000-7f4b53d8b000 r--p 00020000 08:01 3412753                    /lib/x86_64-linux-gnu/liblzma.so.5.0.0
7f4b53d8b000-7f4b53d8c000 rw-p 00021000 08:01 3412753                    /lib/x86_64-linux-gnu/liblzma.so.5.0.0
7f4b53d8c000-7f4b53dfc000 r-xp 00000000 08:01 1713469                    /usr/lib/x86_64-linux-gnu/libtiff.so.5.2.4
7f4b53dfc000-7f4b53ffc000 ---p 00070000 08:01 1713469                    /usr/lib/x86_64-linux-gnu/libtiff.so.5.2.4
7f4b53ffc000-7f4b53ffd000 r--p 00070000 08:01 1713469                    /usr/lib/x86_64-linux-gnu/libtiff.so.5.2.4
7f4b53ffd000-7f4b54000000 rw-p 00071000 08:01 1713469                    /usr/lib/x86_64-linux-gnu/libtiff.so.5.2.4
7f4b54000000-7f4b54021000 rw-p 00000000 00:00 0 
7f4b54021000-7f4b58000000 ---p 00000000 00:00 0 
7f4b58000000-7f4b58021000 rw-p 00000000 00:00 0 
7f4b58021000-7f4b5c000000 ---p 00000000 00:00 0 
7f4b5c000000-7f4b5c021000 rw-p 00000000 00:00 0 
7f4b5c021000-7f4b60000000 ---p 00000000 00:00 0 
7f4b60000000-7f4b60021000 rw-p 00000000 00:00 0 
7f4b60021000-7f4b64000000 ---p 00000000 00:00 0 
7f4b64000000-7f4b6435f000 rw-p 00000000 00:00 0 
7f4b6435f000-7f4b68000000 ---p 00000000 00:00 0 
7f4b68000000-7f4b68021000 rw-p 00000000 00:00 0 
7f4b68021000-7f4b6c000000 ---p 00000000 00:00 0 
7f4b6c000000-7f4b6c021000 rw-p 00000000 00:00 0 
7f4b6c021000-7f4b70000000 ---p 00000000 00:00 0 
7f4b70000000-7f4b7023d000 rw-p 00000000 00:00 0 
7f4b7023d000-7f4b74000000 ---p 00000000 00:00 0 
7f4b74000000-7f4b74021000 rw-p 00000000 00:00 0 
7f4b74021000-7f4b78000000 ---p 00000000 00:00 0 
7f4b78000000-7f4b78021000 rw-p 00000000 00:00 0 
7f4b78021000-7f4b7c000000 ---p 00000000 00:00 0 
7f4b7c000000-7f4b7c021000 rw-p 00000000 00:00 0 
7f4b7c021000-7f4b80000000 ---p 00000000 00:00 0 
7f4b80000000-7f4b80021000 rw-p 00000000 00:00 0 
7f4b80021000-7f4b84000000 ---p 00000000 00:00 0 
7f4b84000000-7f4b84021000 rw-p 00000000 00:00 0 
7f4b84021000-7f4b88000000 ---p 00000000 00:00 0 
7f4b88001000-7f4b8800c000 r-xp 00000000 08:01 1713823                    /usr/lib/x86_64-linux-gnu/libjbig.so.0
7f4b8800c000-7f4b8820b000 ---p 0000b000 08:01 1713823                    /usr/lib/x86_64-linux-gnu/libjbig.so.0
7f4b8820b000-7f4b8820c000 r--p 0000a000 08:01 1713823                    /usr/lib/x86_64-linux-gnu/libjbig.so.0
7f4b8820c000-7f4b8820f000 rw-p 0000b000 08:01 1713823                    /usr/lib/x86_64-linux-gnu/libjbig.so.0
7f4b8820f000-7f4b88266000 r-xp 00000000 08:01 1713827                    /usr/lib/x86_64-linux-gnu/libjpeg.so.8.0.2
7f4b88266000-7f4b88466000 ---p 00057000 08:01 1713827                    /usr/lib/x86_64-linux-gnu/libjpeg.so.8.0.2
7f4b88466000-7f4b88467000 r--p 00057000 08:01 1713827                    /usr/lib/x86_64-linux-gnu/libjpeg.so.8.0.2
7f4b88467000-7f4b88468000 rw-p 00058000 08:01 1713827                    /usr/lib/x86_64-linux-gnu/libjpeg.so.8.0.2
7f4b88468000-7f4b8848c000 r-xp 00000000 08:01 3412827                    /lib/x86_64-linux-gnu/libpng12.so.0.54.0
7f4b8848c000-7f4b8868b000 ---p 00024000 08:01 3412827                    /lib/x86_64-linux-gnu/libpng12.so.0.54.0
7f4b8868b000-7f4b8868c000 r--p 00023000 08:01 3412827                    /lib/x86_64-linux-gnu/libpng12.so.0.54.0
7f4b8868c000-7f4b8868d000 rw-p 00024000 08:01 3412827                    /lib/x86_64-linux-gnu/libpng12.so.0.54.0
7f4b8868d000-7f4b886ae000 r-xp 00000000 08:01 1714107                    /usr/lib/x86_64-linux-gnu/libgomp.so.1.0.0
7f4b886ae000-7f4b888ad000 ---p 00021000 08:01 1714107                    /usr/lib/x86_64-linux-gnu/libgomp.so.1.0.0
7f4b888ad000-7f4b888ae000 r--p 00020000 08:01 1714107                    /usr/lib/x86_64-linux-gnu/libgomp.so.1.0.0
7f4b888ae000-7f4b888af000 rw-p 00021000 08:01 1714107                    /usr/lib/x86_64-linux-gnu/libgomp.so.1.0.0
7f4b888af000-7f4b88b0b000 r-xp 00000000 08:01 1843214                    /usr/local/lib/liblept.so.5.0.1
7f4b88b0b000-7f4b88d0b000 ---p 0025c000 08:01 1843214                    /usr/local/lib/liblept.so.5.0.1
7f4b88d0b000-7f4b88d0c000 r--p 0025c000 08:01 1843214                    /usr/local/lib/liblept.so.5.0.1
7f4b88d0c000-7f4b88d15000 rw-p 0025d000 08:01 1843214                    /usr/local/lib/liblept.so.5.0.1
7f4b88d6f000-7f4b890ef000 r-xp 00000000 08:01 1843317                    /usr/local/lib/libtesseract.so.4.0.0
7f4b890ef000-7f4b892ee000 ---p 00380000 08:01 1843317                    /usr/local/lib/libtesseract.so.4.0.0
7f4b892ee000-7f4b892f3000 r--p 0037f000 08:01 1843317                    /usr/local/lib/libtesseract.so.4.0.0
7f4b892f3000-7f4b892fb000 rw-p 00384000 08:01 1843317                    /usr/local/lib/libtesseract.so.4.0.0
7f4b892fb000-7f4b895a0000 rw-p 00000000 00:00 0 
7f4b8960f000-7f4b89626000 r-xp 00000000 08:01 2645770                    /tmp/jna--1412935968/jna1010045945691343289.tmp (deleted)
7f4b89626000-7f4b89725000 ---p 00017000 08:01 2645770                    /tmp/jna--1412935968/jna1010045945691343289.tmp (deleted)
7f4b89725000-7f4b89727000 rw-p 00016000 08:01 2645770                    /tmp/jna--1412935968/jna1010045945691343289.tmp (deleted)
7f4b89727000-7f4b89728000 r--s 00006000 08:01 671300                     /home/anonym/.m2/repository/org/noggit/noggit/0.6/noggit-0.6.jar
7f4b89728000-7f4b8972e000 r--s 00071000 08:01 668192                     /home/anonym/.m2/repository/org/codehaus/woodstox/woodstox-core-asl/4.4.1/woodstox-core-asl-4.4.1.jar
7f4b8972e000-7f4b89732000 r--s 00024000 08:01 668194                     /home/anonym/.m2/repository/org/codehaus/woodstox/stax2-api/3.1.4/stax2-api-3.1.4.jar
7f4b89732000-7f4b8973e000 r--s 000b6000 08:01 671298                     /home/anonym/.m2/repository/org/apache/zookeeper/zookeeper/3.4.6/zookeeper-3.4.6.jar
7f4b8973e000-7f4b8973f000 r--s 00009000 08:01 671294                     /home/anonym/.m2/repository/org/apache/httpcomponents/httpmime/4.4.1/httpmime-4.4.1.jar
7f4b8973f000-7f4b89746000 r--s 00048000 08:01 671292                     /home/anonym/.m2/repository/org/apache/httpcomponents/httpcore/4.4.1/httpcore-4.4.1.jar
7f4b89746000-7f4b89753000 r--s 000a4000 08:01 671286                     /home/anonym/.m2/repository/org/apache/httpcomponents/httpclient/4.4.1/httpclient-4.4.1.jar
7f4b89753000-7f4b89765000 r--s 000ef000 08:01 671270                     /home/anonym/.m2/repository/org/apache/solr/solr-solrj/6.4.0/solr-solrj-6.4.0.jar
7f4b89765000-7f4b89767000 r--s 0000c000 08:01 668238                     /home/anonym/.m2/repository/org/json/json/20160810/json-20160810.jar
7f4b89767000-7f4b8976a000 r--s 000e4000 08:01 786882                     /home/anonym/.m2/repository/net/java/dev/jna/jna/4.3.0/jna-4.3.0.jar
7f4b8976a000-7f4b8976c000 r--s 00002000 08:01 787773                     /home/anonym/.m2/repository/org/nd4j/nd4j-jackson/0.7.2/nd4j-jackson-0.7.2.jar
7f4b8976c000-7f4b89771000 r--s 00041000 08:01 670897                     /home/anonym/.m2/repository/commons-lang/commons-lang/2.6/commons-lang-2.6.jar
7f4b89771000-7f4b89772000 r--s 00008000 08:01 787771                     /home/anonym/.m2/repository/org/nd4j/nd4j-native-api/0.7.2/nd4j-native-api-0.7.2.jar
7f4b89773000-7f4b8977c000 r--s 004ea000 08:01 787450                     /home/anonym/.m2/repository/org/deeplearning4j/deeplearning4j-nlp/0.7.2/deeplearning4j-nlp-0.7.2.jar
7f4b8977c000-7f4b8977d000 r--s 00239000 08:01 787667                     /home/anonym/.m2/repository/org/bytedeco/javacpp-presets/leptonica/1.73-1.3/leptonica-1.73-1.3-linux-ppc64le.jar
7f4b8977d000-7f4b8977f000 r--s 00291000 08:01 787665                     /home/anonym/.m2/repository/org/bytedeco/javacpp-presets/leptonica/1.73-1.3/leptonica-1.73-1.3-windows-x86_64.jar
7f4b8977f000-7f4b89780000 r--s 00254000 08:01 787663                     /home/anonym/.m2/repository/org/bytedeco/javacpp-presets/leptonica/1.73-1.3/leptonica-1.73-1.3-macosx-x86_64.jar
7f4b89780000-7f4b89782000 r--s 00242000 08:01 787661                     /home/anonym/.m2/repository/org/bytedeco/javacpp-presets/leptonica/1.73-1.3/leptonica-1.73-1.3-linux-x86_64.jar
7f4b89782000-7f4b89783000 r--s 00245000 08:01 787659                     /home/anonym/.m2/repository/org/bytedeco/javacpp-presets/leptonica/1.73-1.3/leptonica-1.73-1.3-android-x86.jar
7f4b89783000-7f4b89784000 r--s 001e0000 08:01 787657                     /home/anonym/.m2/repository/org/bytedeco/javacpp-presets/leptonica/1.73-1.3/leptonica-1.73-1.3-android-arm.jar
7f4b89784000-7f4b89787000 r--s 00021000 08:01 787655                     /home/anonym/.m2/repository/org/bytedeco/javacpp-presets/leptonica/1.73-1.3/leptonica-1.73-1.3.jar
7f4b89787000-7f4b89789000 r--s 00988000 08:01 787653                     /home/anonym/.m2/repository/org/bytedeco/javacpp-presets/opencv/3.1.0-1.3/opencv-3.1.0-1.3-linux-ppc64le.jar
7f4b89789000-7f4b8978c000 r--s 009d8000 08:01 787651                     /home/anonym/.m2/repository/org/bytedeco/javacpp-presets/opencv/3.1.0-1.3/opencv-3.1.0-1.3-windows-x86_64.jar
7f4b8978c000-7f4b8978e000 r--s 00821000 08:01 787649                     /home/anonym/.m2/repository/org/bytedeco/javacpp-presets/opencv/3.1.0-1.3/opencv-3.1.0-1.3-macosx-x86_64.jar
7f4b8978e000-7f4b89791000 r--s 007bf000 08:01 787647                     /home/anonym/.m2/repository/org/bytedeco/javacpp-presets/opencv/3.1.0-1.3/opencv-3.1.0-1.3-linux-x86_64.jar
7f4b89791000-7f4b89793000 r--s 00bf0000 08:01 787645                     /home/anonym/.m2/repository/org/bytedeco/javacpp-presets/opencv/3.1.0-1.3/opencv-3.1.0-1.3-android-x86.jar
7f4b89793000-7f4b89795000 r--s 008f3000 08:01 787643                     /home/anonym/.m2/repository/org/bytedeco/javacpp-presets/opencv/3.1.0-1.3/opencv-3.1.0-1.3-android-arm.jar
7f4b89795000-7f4b897a5000 r--s 00098000 08:01 787641                     /home/anonym/.m2/repository/org/bytedeco/javacpp-presets/opencv/3.1.0-1.3/opencv-3.1.0-1.3.jar
7f4b897a5000-7f4b897a6000 r--s 00002000 08:01 787639                     /home/anonym/.m2/repository/org/bytedeco/javacpp-presets/flandmark/1.07-1.3/flandmark-1.07-1.3.jar
7f4b897a6000-7f4b897a7000 r--s 00005000 08:01 787637                     /home/anonym/.m2/repository/org/bytedeco/javacpp-presets/artoolkitplus/2.3.1-1.3/artoolkitplus-2.3.1-1.3.jar
7f4b897a7000-7f4b897a8000 r--s 00003000 08:01 787635                     /home/anonym/.m2/repository/org/bytedeco/javacpp-presets/videoinput/0.200-1.3/videoinput-0.200-1.3.jar
7f4b897a8000-7f4b897ab000 r--s 00009000 08:01 787633                     /home/anonym/.m2/repository/org/bytedeco/javacpp-presets/librealsense/1.9.6-1.3/librealsense-1.9.6-1.3.jar
7f4b897ab000-7f4b897ad000 r--s 00004000 08:01 787631                     /home/anonym/.m2/repository/org/bytedeco/javacpp-presets/libfreenect/0.5.3-1.3/libfreenect-0.5.3-1.3.jar
7f4b897ad000-7f4b897af000 r--s 00006000 08:01 787629                     /home/anonym/.m2/repository/org/bytedeco/javacpp-presets/libdc1394/2.2.4-1.3/libdc1394-2.2.4-1.3.jar
7f4b897af000-7f4b897b3000 r--s 0001f000 08:01 787627                     /home/anonym/.m2/repository/org/bytedeco/javacpp-presets/flycapture/2.9.3.43-1.3/flycapture-2.9.3.43-1.3.jar
7f4b897b3000-7f4b897ba000 r--s 00033000 08:01 787625                     /home/anonym/.m2/repository/org/bytedeco/javacpp-presets/ffmpeg/3.2.1-1.3/ffmpeg-3.2.1-1.3.jar
7f4b897ba000-7f4b897be000 r--s 00058000 08:01 787402                     /home/anonym/.m2/repository/org/bytedeco/javacv/1.3/javacv-1.3.jar
7f4b897be000-7f4b897c0000 r--s 0000b000 08:01 787400                     /home/anonym/.m2/repository/com/twelvemonkeys/imageio/imageio-bmp/3.1.1/imageio-bmp-3.1.1.jar
7f4b897c0000-7f4b897c2000 r--s 0000f000 08:01 787398                     /home/anonym/.m2/repository/com/twelvemonkeys/imageio/imageio-psd/3.1.1/imageio-psd-3.1.1.jar
7f4b897c2000-7f4b897c4000 r--s 0000e000 08:01 787396                     /home/anonym/.m2/repository/com/twelvemonkeys/imageio/imageio-tiff/3.1.1/imageio-tiff-3.1.1.jar
7f4b897c4000-7f4b897c7000 r--s 00012000 08:01 787394                     /home/anonym/.m2/repository/com/twelvemonkeys/common/common-image/3.1.1/common-image-3.1.1.jar
7f4b897c7000-7f4b897c9000 r--s 00014000 08:01 787393                     /home/anonym/.m2/repository/com/twelvemonkeys/common/common-io/3.1.1/common-io-3.1.1.jar
7f4b897c9000-7f4b897cc000 r--s 0001a000 08:01 787404                     /home/anonym/.m2/repository/com/twelvemonkeys/common/common-lang/3.1.1/common-lang-3.1.1.jar
7f4b897cc000-7f4b897cf000 r--s 0000e000 08:01 787389                     /home/anonym/.m2/repository/com/twelvemonkeys/imageio/imageio-metadata/3.1.1/imageio-metadata-3.1.1.jar
7f4b897cf000-7f4b897d2000 r--s 0000c000 08:01 787387                     /home/anonym/.m2/repository/com/twelvemonkeys/imageio/imageio-core/3.1.1/imageio-core-3.1.1.jar
7f4b897d2000-7f4b897d4000 r--s 0000d000 08:01 787385                     /home/anonym/.m2/repository/com/twelvemonkeys/imageio/imageio-jpeg/3.1.1/imageio-jpeg-3.1.1.jar
7f4b897d4000-7f4b897d6000 r--s 0000f000 08:01 787379                     /home/anonym/.m2/repository/org/datavec/datavec-data-image/0.7.2/datavec-data-image-0.7.2.jar
7f4b897d6000-7f4b897ee000 r--s 00132000 08:01 787381                     /home/anonym/.m2/repository/org/freemarker/freemarker/2.3.23/freemarker-2.3.23.jar
7f4b897ee000-7f4b897fb000 r--s 0008a000 08:01 787378                     /home/anonym/.m2/repository/org/datavec/datavec-api/0.7.2/datavec-api-0.7.2.jar
7f4b897fb000-7f4b897fd000 r--s 00001000 08:01 787380                     /home/anonym/.m2/repository/org/datavec/datavec-nd4j-common/0.7.2/datavec-nd4j-common-0.7.2.jar
7f4b8980e000-7f4b89812000 r--s 0009a000 08:01 2106278                    /usr/lib/jvm/java-8-openjdk-amd64/jre/lib/jsse.jar
7f4b89812000-7f4b89822000 r--s 0007d000 08:01 668465                     /home/anonym/.m2/repository/joda-time/joda-time/2.2/joda-time-2.2.jar
7f4b89822000-7f4b89829000 r--s 0003c000 08:01 787372                     /home/anonym/.m2/repository/org/yaml/snakeyaml/1.12/snakeyaml-1.12.jar
7f4b89829000-7f4b89849000 r--s 001ac000 08:01 787769                     /home/anonym/.m2/repository/org/nd4j/jackson/0.7.2/jackson-0.7.2.jar
7f4b89849000-7f4b89850000 r--s 0005e000 08:01 787337                     /home/anonym/.m2/repository/org/apache/commons/commons-lang3/3.3.1/commons-lang3-3.3.1.jar
7f4b89850000-7f4b89852000 r--s 00001000 08:01 787767                     /home/anonym/.m2/repository/org/nd4j/nd4j-context/0.7.2/nd4j-context-0.7.2.jar
7f4b89852000-7f4b89856000 r--s 0000f000 08:01 671021                     /home/anonym/.m2/repository/com/google/code/findbugs/annotations/2.0.1/annotations-2.0.1.jar
7f4b89856000-7f4b8985f000 r--s 000ae000 08:01 787362                     /home/anonym/.m2/repository/org/javassist/javassist/3.19.0-GA/javassist-3.19.0-GA.jar
7f4b8985f000-7f4b89862000 r--s 0001d000 08:01 787360                     /home/anonym/.m2/repository/org/reflections/reflections/0.9.10/reflections-0.9.10.jar
7f4b89862000-7f4b89865000 r--s 0001d000 08:01 787765                     /home/anonym/.m2/repository/org/nd4j/nd4j-common/0.7.2/nd4j-common-0.7.2.jar
7f4b89865000-7f4b89867000 r--s 0000d000 08:01 787763                     /home/anonym/.m2/repository/org/nd4j/nd4j-buffer/0.7.2/nd4j-buffer-0.7.2.jar
7f4b89867000-7f4b89876000 r--s 000cc000 08:01 787761                     /home/anonym/.m2/repository/org/nd4j/nd4j-api/0.7.2/nd4j-api-0.7.2.jar
7f4b89876000-7f4b89879000 r--s 00006000 08:01 787352                     /home/anonym/.m2/repository/com/google/code/findbugs/jsr305/1.3.9/jsr305-1.3.9.jar
7f4b89879000-7f4b89899000 r--s 00173000 08:01 787349                     /home/anonym/.m2/repository/com/google/guava/guava/11.0/guava-11.0.jar
7f4b89899000-7f4b898a0000 r--s 00053000 08:01 787347                     /home/anonym/.m2/repository/org/apache/commons/commons-compress/1.8/commons-compress-1.8.jar
7f4b898a0000-7f4b898c4000 r--s 001cd000 08:01 787345                     /home/anonym/.m2/repository/org/apache/commons/commons-math3/3.4.1/commons-math3-3.4.1.jar
7f4b898c4000-7f4b898d1000 r--s 000b6000 08:01 787334                     /home/anonym/.m2/repository/org/deeplearning4j/deeplearning4j-nn/0.7.2/deeplearning4j-nn-0.7.2.jar
7f4b898d1000-7f4b898d2000 r--s 00007000 08:01 671004                     /home/anonym/.m2/repository/org/slf4j/slf4j-api/1.7.12/slf4j-api-1.7.12.jar
7f4b898d2000-7f4b898d7000 r--s 0002a000 08:01 787332                     /home/anonym/.m2/repository/org/deeplearning4j/deeplearning4j-core/0.7.2/deeplearning4j-core-0.7.2.jar
7f4b898d7000-7f4b898d8000 r--s 000ac000 08:01 787759                     /home/anonym/.m2/repository/org/nd4j/nd4j-native/0.7.2/nd4j-native-0.7.2-linux-ppc64le.jar
7f4b898d8000-7f4b898d9000 r--s 00137000 08:01 787757                     /home/anonym/.m2/repository/org/nd4j/nd4j-native/0.7.2/nd4j-native-0.7.2-windows-x86_64.jar
7f4b898d9000-7f4b898da000 r--s 00105000 08:01 787755                     /home/anonym/.m2/repository/org/nd4j/nd4j-native/0.7.2/nd4j-native-0.7.2-macosx-x86_64.jar
7f4b898da000-7f4b898db000 r--s 0009d000 08:01 787753                     /home/anonym/.m2/repository/org/nd4j/nd4j-native/0.7.2/nd4j-native-0.7.2-linux-x86_64.jar
7f4b898db000-7f4b898dc000 r--s 0010a000 08:01 787751                     /home/anonym/.m2/repository/org/nd4j/nd4j-native/0.7.2/nd4j-native-0.7.2-android-x86.jar
7f4b898dc000-7f4b898dd000 r--s 000c8000 08:01 787749                     /home/anonym/.m2/repository/org/nd4j/nd4j-native/0.7.2/nd4j-native-0.7.2-android-arm.jar
7f4b898dd000-7f4b898de000 r--s 00639000 08:01 787623                     /home/anonym/.m2/repository/org/bytedeco/javacpp-presets/openblas/0.2.19-1.3/openblas-0.2.19-1.3-linux-ppc64le.jar
7f4b898de000-7f4b898df000 r--s 00ad9000 08:01 787621                     /home/anonym/.m2/repository/org/bytedeco/javacpp-presets/openblas/0.2.19-1.3/openblas-0.2.19-1.3-windows-x86_64.jar
7f4b898df000-7f4b898e1000 r--s 00bd4000 08:01 787619                     /home/anonym/.m2/repository/org/bytedeco/javacpp-presets/openblas/0.2.19-1.3/openblas-0.2.19-1.3-macosx-x86_64.jar
7f4b898e1000-7f4b898e2000 r--s 00b04000 08:01 787617                     /home/anonym/.m2/repository/org/bytedeco/javacpp-presets/openblas/0.2.19-1.3/openblas-0.2.19-1.3-linux-x86_64.jar
7f4b898e2000-7f4b898e3000 r--s 00104000 08:01 787615                     /home/anonym/.m2/repository/org/bytedeco/javacpp-presets/openblas/0.2.19-1.3/openblas-0.2.19-1.3-android-x86.jar
7f4b898e3000-7f4b898e4000 r--s 0009e000 08:01 787613                     /home/anonym/.m2/repository/org/bytedeco/javacpp-presets/openblas/0.2.19-1.3/openblas-0.2.19-1.3-android-arm.jar
7f4b898e4000-7f4b898e5000 r--s 0001c000 08:01 787611                     /home/anonym/.m2/repository/org/bytedeco/javacpp-presets/openblas/0.2.19-1.3/openblas-0.2.19-1.3.jar
7f4b898e5000-7f4b898ea000 r--s 00048000 08:01 787538                     /home/anonym/.m2/repository/org/bytedeco/javacpp/1.3.1/javacpp-1.3.1.jar
7f4b898ea000-7f4b898ec000 r--s 0000e000 08:01 787747                     /home/anonym/.m2/repository/org/nd4j/nd4j-native/0.7.2/nd4j-native-0.7.2.jar
7f4b898ec000-7f4b898ed000 r--s 00000000 08:01 787745                     /home/anonym/.m2/repository/org/nd4j/nd4j-native-platform/0.7.2/nd4j-native-platform-0.7.2.jar
7f4b898ed000-7f4b898f0000 ---p 00000000 00:00 0 
7f4b898f0000-7f4b899ee000 rw-p 00000000 00:00 0 
7f4b899ee000-7f4b899f1000 ---p 00000000 00:00 0 
7f4b899f1000-7f4b89aef000 rw-p 00000000 00:00 0 
7f4b89aef000-7f4b89af2000 ---p 00000000 00:00 0 
7f4b89af2000-7f4b89b28000 rw-p 00000000 00:00 0 
7f4b89b28000-7f4b89b2b000 r--s 00025000 08:01 786880                     /home/anonym/.m2/repository/org/im4java/im4java/1.4.0/im4java-1.4.0.jar
7f4b89b2b000-7f4b89b2c000 r--s 0000a000 08:01 786878                     /home/anonym/.m2/repository/asm/asm/3.3.1/asm-3.3.1.jar
7f4b89b2c000-7f4b89b33000 r--s 00040000 08:01 786876                     /home/anonym/.m2/repository/cglib/cglib/2.2.2/cglib-2.2.2.jar
7f4b89b33000-7f4b89b37000 r--s 00015000 08:01 786874                     /home/anonym/.m2/repository/org/rococoa/rococoa-core/0.5/rococoa-core-0.5.jar
7f4b89b37000-7f4b89b42000 r--s 00088000 08:01 786872                     /home/anonym/.m2/repository/com/github/jai-imageio/jai-imageio-core/1.3.1/jai-imageio-core-1.3.1.jar
7f4b89b42000-7f4b89b47000 r--s 00272000 08:01 786870                     /home/anonym/.m2/repository/net/sourceforge/lept4j/lept4j/1.3.0/lept4j-1.3.0.jar
7f4b89b47000-7f4b89b4b000 r--s 0002f000 08:01 671008                     /home/anonym/.m2/repository/commons-io/commons-io/2.5/commons-io-2.5.jar
7f4b89b4b000-7f4b89b54000 r--s 0006f000 08:01 671006                     /home/anonym/.m2/repository/log4j/log4j/1.2.17/log4j-1.2.17.jar
7f4b89b54000-7f4b89b56000 r--s 00003000 08:01 786868                     /home/anonym/.m2/repository/org/slf4j/jcl-over-slf4j/1.7.12/jcl-over-slf4j-1.7.12.jar
7f4b89b56000-7f4b89b58000 r--s 00000000 08:01 786866                     /home/anonym/.m2/repository/org/slf4j/jul-to-slf4j/1.7.12/jul-to-slf4j-1.7.12.jar
7f4b89b58000-7f4b89b5a000 r--s 00001000 08:01 671002                     /home/anonym/.m2/repository/org/slf4j/slf4j-log4j12/1.7.12/slf4j-log4j12-1.7.12.jar
7f4b89b5a000-7f4b89b5b000 r--s 0000c000 08:01 671000                     /home/anonym/.m2/repository/commons-cli/commons-cli/1.3.1/commons-cli-1.3.1.jar
7f4b89b5b000-7f4b89b5f000 r--s 0001b000 08:01 670998                     /home/anonym/.m2/repository/org/apache/tika/tika-batch/1.14/tika-batch-1.14.jar
7f4b89b5f000-7f4b89b61000 r--s 0001b000 08:01 670996                     /home/anonym/.m2/repository/com/adobe/xmp/xmpcore/5.1.2/xmpcore-5.1.2.jar
7f4b89b61000-7f4b89b63000 r--s 00007000 08:01 670994                     /home/anonym/.m2/repository/org/apache/tika/tika-xmp/1.14/tika-xmp-1.14.jar
7f4b89b63000-7f4b89b65000 r--s 00003000 08:01 670992                     /home/anonym/.m2/repository/org/apache/tika/tika-serialization/1.14/tika-serialization-1.14.jar
7f4b89b65000-7f4b89b66000 r--s 00004000 08:01 670990                     /home/anonym/.m2/repository/com/intellij/annotations/12.0/annotations-12.0.jar
7f4b89b66000-7f4b89b6a000 r--s 00024000 08:01 670988                     /home/anonym/.m2/repository/net/arnx/jsonic/1.2.11/jsonic-1.2.11.jar
7f4b89b6a000-7f4b89b6e000 r--s 001c7000 08:01 670986                     /home/anonym/.m2/repository/com/optimaize/languagedetector/language-detector/0.5/language-detector-0.5.jar
7f4b89b6e000-7f4b89b70000 r--s 00003000 08:01 670984                     /home/anonym/.m2/repository/org/apache/tika/tika-langdetect/1.14/tika-langdetect-1.14.jar
7f4b89b70000-7f4b89b74000 r--s 00041000 08:01 668502                     /home/anonym/.m2/repository/com/fasterxml/jackson/core/jackson-core/2.8.1/jackson-core-2.8.1.jar
7f4b89b74000-7f4b89b79000 r--s 0003b000 08:01 668500                     /home/anonym/.m2/repository/javax/measure/jsr-275/0.9.3/jsr-275-0.9.3.jar
7f4b89b79000-7f4b89b81000 r--s 0002d000 08:01 668497                     /home/anonym/.m2/repository/org/opengis/geoapi/3.0.0/geoapi-3.0.0.jar
7f4b89b81000-7f4b89b8d000 r--s 0007a000 08:01 668495                     /home/anonym/.m2/repository/org/apache/sis/core/sis-metadata/0.6/sis-metadata-0.6.jar
7f4b89b8d000-7f4b89b97000 r--s 0008c000 08:01 668493                     /home/anonym/.m2/repository/org/apache/sis/core/sis-referencing/0.6/sis-referencing-0.6.jar
7f4b89b97000-7f4b89b9a000 r--s 0000f000 08:01 668491                     /home/anonym/.m2/repository/org/apache/sis/storage/sis-storage/0.6/sis-storage-0.6.jar
7f4b89b9a000-7f4b89b9c000 r--s 0000c000 08:01 668489                     /home/anonym/.m2/repository/org/apache/sis/storage/sis-netcdf/0.6/sis-netcdf-0.6.jar
7f4b89b9c000-7f4b89ba8000 r--s 00092000 08:01 668486                     /home/anonym/.m2/repository/org/apache/sis/core/sis-utility/0.6/sis-utility-0.6.jar
7f4b89ba8000-7f4b89baa000 r--s 00007000 08:01 668484                     /home/anonym/.m2/repository/org/apache/commons/commons-csv/1.0/commons-csv-1.0.jar
7f4b89baa000-7f4b89bac000 r--s 0000e000 08:01 668478                     /home/anonym/.m2/repository/edu/ucar/httpservices/4.5.5/httpservices-4.5.5.jar
7f4b89bac000-7f4b89bae000 r--s 0000d000 08:01 668476                     /home/anonym/.m2/repository/com/beust/jcommander/1.35/jcommander-1.35.jar
7f4b89bae000-7f4b89bc9000 r--s 0012c000 08:01 668472                     /home/anonym/.m2/repository/net/sf/ehcache/ehcache-core/2.6.2/ehcache-core-2.6.2.jar
7f4b89bc9000-7f4b89bd4000 r--s 0008a000 08:01 668470                     /home/anonym/.m2/repository/c3p0/c3p0/0.9.1.1/c3p0-0.9.1.1.jar
7f4b89bd4000-7f4b89bde000 r--s 00096000 08:01 668467                     /home/anonym/.m2/repository/org/quartz-scheduler/quartz/2.2.0/quartz-2.2.0.jar
7f4b89bde000-7f4b89be1000 r--s 0001c000 08:01 668461                     /home/anonym/.m2/repository/edu/ucar/udunits/4.5.5/udunits-4.5.5.jar
7f4b89be1000-7f4b89c0f000 r--s 003cf000 08:01 668458                     /home/anonym/.m2/repository/edu/ucar/cdm/4.5.5/cdm-4.5.5.jar
7f4b89c0f000-7f4b89c11000 r--s 0000b000 08:01 668456                     /home/anonym/.m2/repository/org/itadaki/bzip2/0.9.1/bzip2-0.9.1.jar
7f4b89c11000-7f4b89c18000 r--s 0007b000 08:01 668453                     /home/anonym/.m2/repository/edu/ucar/jj2000/5.2/jj2000-5.2.jar
7f4b89c18000-7f4b89c1e000 r--s 00042000 08:01 668450                     /home/anonym/.m2/repository/org/jsoup/jsoup/1.7.2/jsoup-1.7.2.jar
7f4b89c1e000-7f4b89c23000 r--s 00044000 08:01 668448                     /home/anonym/.m2/repository/org/jdom/jdom2/2.0.4/jdom2-2.0.4.jar
7f4b89c23000-7f4b89c2b000 r--s 0007b000 08:01 668445                     /home/anonym/.m2/repository/com/google/protobuf/protobuf-java/2.5.0/protobuf-java-2.5.0.jar
7f4b89c2b000-7f4b89c3c000 r--s 004d3000 08:01 668439                     /home/anonym/.m2/repository/edu/ucar/grib/4.5.5/grib-4.5.5.jar
7f4b89c3c000-7f4b89c3d000 r--s 00000000 08:01 668437                     /home/anonym/.m2/repository/net/jcip/jcip-annotations/1.0/jcip-annotations-1.0.jar
7f4b89c3d000-7f4b89c3f000 r--s 0000e000 08:01 668435                     /home/anonym/.m2/repository/edu/ucar/netcdf4/4.5.5/netcdf4-4.5.5.jar
7f4b89c3f000-7f4b89c44000 r--s 0002a000 08:01 668433                     /home/anonym/.m2/repository/com/google/code/gson/gson/2.2.4/gson-2.2.4.jar
7f4b89c44000-7f4b89c45000 r--s 00005000 08:01 668427                     /home/anonym/.m2/repository/com/googlecode/json-simple/json-simple/1.1.1/json-simple-1.1.1.jar
7f4b89c45000-7f4b89c4a000 r--s 00025000 08:01 668424                     /home/anonym/.m2/repository/net/sf/jwordnet/jwnl/1.3.3/jwnl-1.3.3.jar
7f4b89c4a000-7f4b89c4d000 r--s 0001d000 08:01 668418                     /home/anonym/.m2/repository/org/apache/opennlp/opennlp-maxent/3.0.3/opennlp-maxent-3.0.3.jar
7f4b89c4d000-7f4b89c5d000 r--s 000b9000 08:01 668408                     /home/anonym/.m2/repository/org/apache/opennlp/opennlp-tools/1.5.3/opennlp-tools-1.5.3.jar
7f4b89c5d000-7f4b89c5f000 r--s 0000c000 08:01 668323                     /home/anonym/.m2/repository/org/apache/commons/commons-exec/1.3/commons-exec-1.3.jar
7f4b89c5f000-7f4b89c61000 r--s 00005000 08:01 668299                     /home/anonym/.m2/repository/javax/annotation/javax.annotation-api/1.2/javax.annotation-api-1.2.jar
7f4b89c61000-7f4b89c65000 r--s 00019000 08:01 668297                     /home/anonym/.m2/repository/javax/ws/rs/javax.ws.rs-api/2.0.1/javax.ws.rs-api-2.0.1.jar
7f4b89c65000-7f4b89c6d000 r--s 00087000 08:01 668253                     /home/anonym/.m2/repository/org/apache/cxf/cxf-rt-frontend-jaxrs/3.0.3/cxf-rt-frontend-jaxrs-3.0.3.jar
7f4b89c6d000-7f4b89c72000 r--s 00024000 08:01 668246                     /home/anonym/.m2/repository/org/apache/ws/xmlschema/xmlschema-core/2.1.0/xmlschema-core-2.1.0.jar
7f4b89c72000-7f4b89c89000 r--s 0012e000 08:01 670983                     /home/anonym/.m2/repository/org/apache/cxf/cxf-core/3.0.3/cxf-core-3.0.3.jar
7f4b89c89000-7f4b89c8e000 r--s 0003b000 08:01 670981                     /home/anonym/.m2/repository/org/apache/cxf/cxf-rt-transports-http/3.0.3/cxf-rt-transports-http-3.0.3.jar
7f4b89c8e000-7f4b89c91000 r--s 00022000 08:01 670979                     /home/anonym/.m2/repository/org/apache/cxf/cxf-rt-rs-client/3.0.3/cxf-rt-rs-client-3.0.3.jar
7f4b89c91000-7f4b89c93000 r--s 00005000 08:01 670977                     /home/anonym/.m2/repository/regexp/regexp/1.3/regexp-1.3.jar
7f4b89c93000-7f4b89c95000 r--s 00008000 08:01 670975                     /home/anonym/.m2/repository/org/apache/maven/scm/maven-scm-provider-svn-commons/1.4/maven-scm-provider-svn-commons-1.4.jar
7f4b89c95000-7f4b89c98000 r--s 0000f000 08:01 670973                     /home/anonym/.m2/repository/org/apache/maven/scm/maven-scm-provider-svnexe/1.4/maven-scm-provider-svnexe-1.4.jar
7f4b89c98000-7f4b89c9d000 r--s 00039000 08:01 670971                     /home/anonym/.m2/repository/org/codehaus/plexus/plexus-utils/1.5.6/plexus-utils-1.5.6.jar
7f4b89c9d000-7f4b89ca1000 r--s 00014000 08:01 670969                     /home/anonym/.m2/repository/org/apache/maven/scm/maven-scm-api/1.4/maven-scm-api-1.4.jar
7f4b89ca1000-7f4b89caa000 r--s 0005d000 08:01 670967                     /home/anonym/.m2/repository/org/apache/commons/commons-vfs2/2.0/commons-vfs2-2.0.jar
7f4b89caa000-7f4b89cad000 r--s 00023000 08:01 670965                     /home/anonym/.m2/repository/com/github/junrar/junrar/0.7/junrar-0.7.jar
7f4b89cad000-7f4b89cb2000 r--s 00035000 08:01 670961                     /home/anonym/.m2/repository/org/codelibs/jhighlight/1.0.2/jhighlight-1.0.2.jar
7f4b89cb2000-7f4b89cb5000 r--s 00033000 08:01 670959                     /home/anonym/.m2/repository/com/googlecode/juniversalchardet/juniversalchardet/1.0.3/juniversalchardet-1.0.3.jar
7f4b89cb5000-7f4b89cb8000 r--s 0001b000 08:01 670957                     /home/anonym/.m2/repository/org/gagravarr/vorbis-java-core/0.8/vorbis-java-core-0.8.jar
7f4b89cb8000-7f4b89cbc000 r--s 00038000 08:01 670953                     /home/anonym/.m2/repository/com/rometools/rome/1.5.1/rome-1.5.1.jar
7f4b89cbc000-7f4b89cbf000 r--s 00014000 08:01 670951                     /home/anonym/.m2/repository/de/l3s/boilerpipe/boilerpipe/1.1.0/boilerpipe-1.1.0.jar
7f4b89cbf000-7f4b89cc5000 r--s 00057000 08:01 670949                     /home/anonym/.m2/repository/com/drewnoakes/metadata-extractor/2.9.1/metadata-extractor-2.9.1.jar
7f4b89cc5000-7f4b89cd8000 r--s 000f0000 08:01 670947                     /home/anonym/.m2/repository/com/googlecode/mp4parser/isoparser/1.1.18/isoparser-1.1.18.jar
7f4b89cd8000-7f4b89cda000 r--s 0000c000 08:01 670945                     /home/anonym/.m2/repository/org/ow2/asm/asm/5.0.4/asm-5.0.4.jar
7f4b89cda000-7f4b89cdc000 r--s 00015000 08:01 670943                     /home/anonym/.m2/repository/org/ccil/cowan/tagsoup/tagsoup/1.2.1/tagsoup-1.2.1.jar
7f4b89cdc000-7f4b89ce0000 r--s 00015000 08:01 670941                     /home/anonym/.m2/repository/com/github/virtuald/curvesapi/1.04/curvesapi-1.04.jar
7f4b89ce0000-7f4b89d1e000 r--s 0025d000 08:01 670939                     /home/anonym/.m2/repository/org/apache/xmlbeans/xmlbeans/2.6.0/xmlbeans-2.6.0.jar
7f4b89d1e000-7f4b89dd8000 r--s 004dd000 08:01 670937                     /home/anonym/.m2/repository/org/apache/poi/poi-ooxml-schemas/3.15/poi-ooxml-schemas-3.15.jar
7f4b89dd8000-7f4b89de9000 r--s 00136000 08:01 670935                     /home/anonym/.m2/repository/org/apache/poi/poi-ooxml/3.15/poi-ooxml-3.15.jar
7f4b89de9000-7f4b89dfb000 r--s 00132000 08:01 670933                     /home/anonym/.m2/repository/org/apache/poi/poi-scratchpad/3.15/poi-scratchpad-3.15.jar
7f4b89dfb000-7f4b89e0b000 r--s 000a8000 08:01 670931                     /home/anonym/.m2/repository/org/apache/commons/commons-collections4/4.1/commons-collections4-4.1.jar
7f4b89e0b000-7f4b89e35000 r--s 0024c000 08:01 670929                     /home/anonym/.m2/repository/org/apache/poi/poi/3.15/poi-3.15.jar
7f4b89e35000-7f4b89e7d000 r--s 002d9000 08:01 670927                     /home/anonym/.m2/repository/org/bouncycastle/bcprov-jdk15on/1.54/bcprov-jdk15on-1.54.jar
7f4b89e7d000-7f4b89e8e000 r--s 00094000 08:01 670925                     /home/anonym/.m2/repository/org/bouncycastle/bcpkix-jdk15on/1.54/bcpkix-jdk15on-1.54.jar
7f4b89e8e000-7f4b89e90000 r--s 00017000 08:01 670923                     /home/anonym/.m2/repository/org/bouncycastle/bcmail-jdk15on/1.54/bcmail-jdk15on-1.54.jar
7f4b89e90000-7f4b89e92000 r--s 0000b000 08:01 670921                     /home/anonym/.m2/repository/org/apache/pdfbox/jempbox/1.8.12/jempbox-1.8.12.jar
7f4b89e92000-7f4b89e97000 r--s 00033000 08:01 670919                     /home/anonym/.m2/repository/org/apache/pdfbox/pdfbox-debugger/2.0.3/pdfbox-debugger-2.0.3.jar
7f4b89e97000-7f4b89e99000 r--s 00010000 08:01 670917                     /home/anonym/.m2/repository/org/apache/pdfbox/pdfbox-tools/2.0.3/pdfbox-tools-2.0.3.jar
7f4b89e99000-7f4b89e9f000 r--s 00163000 08:01 670915                     /home/anonym/.m2/repository/org/apache/pdfbox/fontbox/2.0.3/fontbox-2.0.3.jar
7f4b89e9f000-7f4b89eb5000 r--s 0023f000 08:01 670913                     /home/anonym/.m2/repository/org/apache/pdfbox/pdfbox/2.0.3/pdfbox-2.0.3.jar
7f4b89eb5000-7f4b89ebc000 r--s 0003f000 08:01 670911                     /home/anonym/.m2/repository/commons-codec/commons-codec/1.10/commons-codec-1.10.jar
7f4b89ebc000-7f4b89ec0000 r--s 00015000 08:01 670909                     /home/anonym/.m2/repository/org/tukaani/xz/1.5/xz-1.5.jar
7f4b89ec0000-7f4b89ec7000 r--s 00044000 08:01 670905                     /home/anonym/.m2/repository/org/apache/james/apache-mime4j-dom/0.7.2/apache-mime4j-dom-0.7.2.jar
7f4b89ec7000-7f4b89eca000 r--s 00015000 08:01 670903                     /home/anonym/.m2/repository/org/apache/james/apache-mime4j-core/0.7.2/apache-mime4j-core-0.7.2.jar
7f4b89eca000-7f4b89ecc000 r--s 00010000 08:01 670901                     /home/anonym/.m2/repository/org/tallison/jmatio/1.2/jmatio-1.2.jar
7f4b89ecc000-7f4b89ecf000 r--s 00012000 08:01 670899                     /home/anonym/.m2/repository/com/healthmarketscience/jackcess/jackcess-encrypt/2.1.1/jackcess-encrypt-2.1.1.jar
7f4b89ecf000-7f4b89eda000 r--s 000be000 08:01 670895                     /home/anonym/.m2/repository/com/healthmarketscience/jackcess/jackcess/2.1.4/jackcess-2.1.4.jar
7f4b89eda000-7f4b89ee3000 r--s 0008f000 08:01 670891                     /home/anonym/.m2/repository/org/apache/tika/tika-core/1.14/tika-core-1.14.jar
7f4b89ee3000-7f4b89ef0000 r--s 000c9000 08:01 670889                     /home/anonym/.m2/repository/org/apache/tika/tika-parsers/1.14/tika-parsers-1.14.jar
7f4b89ef0000-7f4b89f7f000 rw-p 00000000 00:00 0 
7f4b89f7f000-7f4b8a318000 r--s 0319e000 08:01 670887                     /home/anonym/.m2/repository/org/apache/tika/tika-app/1.14/tika-app-1.14.jar
7f4b8a318000-7f4b8a333000 r--s 001d6000 08:01 2106268                    /usr/lib/jvm/java-8-openjdk-amd64/jre/lib/ext/nashorn.jar
7f4b8a333000-7f4b8a33d000 r--s 00116000 08:01 2106274                    /usr/lib/jvm/java-8-openjdk-amd64/jre/lib/ext/localedata.jar
7f4b8a33d000-7f4b8a33e000 ---p 00000000 00:00 0 
7f4b8a33e000-7f4b8a43e000 rw-p 00000000 00:00 0 
7f4b8a43e000-7f4b8a441000 ---p 00000000 00:00 0 
7f4b8a441000-7f4b8a53f000 rw-p 00000000 00:00 0 
7f4b8a53f000-7f4b8a542000 ---p 00000000 00:00 0 
7f4b8a542000-7f4b8a640000 rw-p 00000000 00:00 0 
7f4b8a640000-7f4b8a643000 ---p 00000000 00:00 0 
7f4b8a643000-7f4b8a741000 rw-p 00000000 00:00 0 
7f4b8a741000-7f4b8a744000 ---p 00000000 00:00 0 
7f4b8a744000-7f4b8a842000 rw-p 00000000 00:00 0 
7f4b8a842000-7f4b8ab1a000 r--p 00000000 08:01 1708794                    /usr/lib/locale/locale-archive
7f4b8ab1a000-7f4b8ab1d000 ---p 00000000 00:00 0 
7f4b8ab1d000-7f4b8ac1b000 rw-p 00000000 00:00 0 
7f4b8ac1b000-7f4b8ac1e000 ---p 00000000 00:00 0 
7f4b8ac1e000-7f4b8ad1c000 rw-p 00000000 00:00 0 
7f4b8ad1c000-7f4b8ad1d000 ---p 00000000 00:00 0 
7f4b8ad1d000-7f4b8d000000 rw-p 00000000 00:00 0 
7f4b8d000000-7f4b8d310000 rwxp 00000000 00:00 0 
7f4b8d310000-7f4b9c000000 ---p 00000000 00:00 0 
7f4b9c000000-7f4b9d3ee000 rw-p 00000000 00:00 0 
7f4b9d3ee000-7f4ba0000000 ---p 00000000 00:00 0 
7f4ba0000000-7f4ba0001000 r--s 00014000 08:01 670963                     /home/anonym/.m2/repository/com/pff/java-libpst/0.8.1/java-libpst-0.8.1.jar
7f4ba0001000-7f4ba0003000 r--s 00005000 08:01 670893                     /home/anonym/.m2/repository/org/gagravarr/vorbis-java-tika/0.8/vorbis-java-tika-0.8.jar
7f4ba0003000-7f4ba0008000 r--s 0003b000 08:01 2106275                    /usr/lib/jvm/java-8-openjdk-amd64/jre/lib/ext/sunjce_provider.jar
7f4ba0008000-7f4ba0023000 r--s 00394000 08:01 2106271                    /usr/lib/jvm/java-8-openjdk-amd64/jre/lib/ext/cldrdata.jar
7f4ba0023000-7f4ba0697000 rw-p 00000000 00:00 0 
7f4ba0697000-7f4ba0865000 r--s 03c06000 08:01 2106282                    /usr/lib/jvm/java-8-openjdk-amd64/jre/lib/rt.jar
7f4ba0865000-7f4ba109b000 rw-p 00000000 00:00 0 
7f4ba109b000-7f4ba10db000 ---p 00000000 00:00 0 
7f4ba10db000-7f4ba12c9000 rw-p 00000000 00:00 0 
7f4ba12c9000-7f4ba12ca000 ---p 00000000 00:00 0 
7f4ba12ca000-7f4ba13ca000 rw-p 00000000 00:00 0 
7f4ba13ca000-7f4ba13cb000 ---p 00000000 00:00 0 
7f4ba13cb000-7f4ba14e0000 rw-p 00000000 00:00 0 
7f4ba14e0000-7f4ba1615000 ---p 00000000 00:00 0 
7f4ba1615000-7f4ba162a000 rw-p 00000000 00:00 0 
7f4ba162a000-7f4ba175e000 ---p 00000000 00:00 0 
7f4ba175e000-7f4ba1769000 rw-p 00000000 00:00 0 
7f4ba1769000-7f4ba1803000 ---p 00000000 00:00 0 
7f4ba1803000-7f4ba1811000 rw-p 00000000 00:00 0 
7f4ba1811000-7f4ba1bc4000 ---p 00000000 00:00 0 
7f4ba1bc4000-7f4ba1bcc000 r-xp 00000000 08:01 2106227                    /usr/lib/jvm/java-8-openjdk-amd64/jre/lib/amd64/libzip.so
7f4ba1bcc000-7f4ba1dcb000 ---p 00008000 08:01 2106227                    /usr/lib/jvm/java-8-openjdk-amd64/jre/lib/amd64/libzip.so
7f4ba1dcb000-7f4ba1dcc000 r--p 00007000 08:01 2106227                    /usr/lib/jvm/java-8-openjdk-amd64/jre/lib/amd64/libzip.so
7f4ba1dcc000-7f4ba1dcd000 rw-p 00008000 08:01 2106227                    /usr/lib/jvm/java-8-openjdk-amd64/jre/lib/amd64/libzip.so
7f4ba1dcd000-7f4ba1dd8000 r-xp 00000000 08:01 3415650                    /lib/x86_64-linux-gnu/libnss_files-2.23.so
7f4ba1dd8000-7f4ba1fd7000 ---p 0000b000 08:01 3415650                    /lib/x86_64-linux-gnu/libnss_files-2.23.so
7f4ba1fd7000-7f4ba1fd8000 r--p 0000a000 08:01 3415650                    /lib/x86_64-linux-gnu/libnss_files-2.23.so
7f4ba1fd8000-7f4ba1fd9000 rw-p 0000b000 08:01 3415650                    /lib/x86_64-linux-gnu/libnss_files-2.23.so
7f4ba1fd9000-7f4ba1fdf000 rw-p 00000000 00:00 0 
7f4ba1fdf000-7f4ba1fea000 r-xp 00000000 08:01 3412702                    /lib/x86_64-linux-gnu/libnss_nis-2.23.so
7f4ba1fea000-7f4ba21e9000 ---p 0000b000 08:01 3412702                    /lib/x86_64-linux-gnu/libnss_nis-2.23.so
7f4ba21e9000-7f4ba21ea000 r--p 0000a000 08:01 3412702                    /lib/x86_64-linux-gnu/libnss_nis-2.23.so
7f4ba21ea000-7f4ba21eb000 rw-p 0000b000 08:01 3412702                    /lib/x86_64-linux-gnu/libnss_nis-2.23.so
7f4ba21eb000-7f4ba2201000 r-xp 00000000 08:01 3412726                    /lib/x86_64-linux-gnu/libnsl-2.23.so
7f4ba2201000-7f4ba2400000 ---p 00016000 08:01 3412726                    /lib/x86_64-linux-gnu/libnsl-2.23.so
7f4ba2400000-7f4ba2401000 r--p 00015000 08:01 3412726                    /lib/x86_64-linux-gnu/libnsl-2.23.so
7f4ba2401000-7f4ba2402000 rw-p 00016000 08:01 3412726                    /lib/x86_64-linux-gnu/libnsl-2.23.so
7f4ba2402000-7f4ba2404000 rw-p 00000000 00:00 0 
7f4ba2404000-7f4ba240c000 r-xp 00000000 08:01 3415654                    /lib/x86_64-linux-gnu/libnss_compat-2.23.so
7f4ba240c000-7f4ba260b000 ---p 00008000 08:01 3415654                    /lib/x86_64-linux-gnu/libnss_compat-2.23.so
7f4ba260b000-7f4ba260c000 r--p 00007000 08:01 3415654                    /lib/x86_64-linux-gnu/libnss_compat-2.23.so
7f4ba260c000-7f4ba260d000 rw-p 00008000 08:01 3415654                    /lib/x86_64-linux-gnu/libnss_compat-2.23.so
7f4ba260d000-7f4ba263a000 r-xp 00000000 08:01 2106254                    /usr/lib/jvm/java-8-openjdk-amd64/jre/lib/amd64/libjava.so
7f4ba263a000-7f4ba2839000 ---p 0002d000 08:01 2106254                    /usr/lib/jvm/java-8-openjdk-amd64/jre/lib/amd64/libjava.so
7f4ba2839000-7f4ba283a000 r--p 0002c000 08:01 2106254                    /usr/lib/jvm/java-8-openjdk-amd64/jre/lib/amd64/libjava.so
7f4ba283a000-7f4ba283c000 rw-p 0002d000 08:01 2106254                    /usr/lib/jvm/java-8-openjdk-amd64/jre/lib/amd64/libjava.so
7f4ba283c000-7f4ba284b000 r-xp 00000000 08:01 2106220                    /usr/lib/jvm/java-8-openjdk-amd64/jre/lib/amd64/libverify.so
7f4ba284b000-7f4ba2a4a000 ---p 0000f000 08:01 2106220                    /usr/lib/jvm/java-8-openjdk-amd64/jre/lib/amd64/libverify.so
7f4ba2a4a000-7f4ba2a4c000 r--p 0000e000 08:01 2106220                    /usr/lib/jvm/java-8-openjdk-amd64/jre/lib/amd64/libverify.so
7f4ba2a4c000-7f4ba2a4d000 rw-p 00010000 08:01 2106220                    /usr/lib/jvm/java-8-openjdk-amd64/jre/lib/amd64/libverify.so
7f4ba2a4d000-7f4ba2a54000 r-xp 00000000 08:01 3415655                    /lib/x86_64-linux-gnu/librt-2.23.so
7f4ba2a54000-7f4ba2c53000 ---p 00007000 08:01 3415655                    /lib/x86_64-linux-gnu/librt-2.23.so
7f4ba2c53000-7f4ba2c54000 r--p 00006000 08:01 3415655                    /lib/x86_64-linux-gnu/librt-2.23.so
7f4ba2c54000-7f4ba2c55000 rw-p 00007000 08:01 3415655                    /lib/x86_64-linux-gnu/librt-2.23.so
7f4ba2c55000-7f4ba2c6b000 r-xp 00000000 08:01 3412724                    /lib/x86_64-linux-gnu/libgcc_s.so.1
7f4ba2c6b000-7f4ba2e6a000 ---p 00016000 08:01 3412724                    /lib/x86_64-linux-gnu/libgcc_s.so.1
7f4ba2e6a000-7f4ba2e6b000 rw-p 00015000 08:01 3412724                    /lib/x86_64-linux-gnu/libgcc_s.so.1
7f4ba2e6b000-7f4ba2f73000 r-xp 00000000 08:01 3412713                    /lib/x86_64-linux-gnu/libm-2.23.so
7f4ba2f73000-7f4ba3172000 ---p 00108000 08:01 3412713                    /lib/x86_64-linux-gnu/libm-2.23.so
7f4ba3172000-7f4ba3173000 r--p 00107000 08:01 3412713                    /lib/x86_64-linux-gnu/libm-2.23.so
7f4ba3173000-7f4ba3174000 rw-p 00108000 08:01 3412713                    /lib/x86_64-linux-gnu/libm-2.23.so
7f4ba3174000-7f4ba32e6000 r-xp 00000000 08:01 1706113                    /usr/lib/x86_64-linux-gnu/libstdc++.so.6.0.21
7f4ba32e6000-7f4ba34e6000 ---p 00172000 08:01 1706113                    /usr/lib/x86_64-linux-gnu/libstdc++.so.6.0.21
7f4ba34e6000-7f4ba34f0000 r--p 00172000 08:01 1706113                    /usr/lib/x86_64-linux-gnu/libstdc++.so.6.0.21
7f4ba34f0000-7f4ba34f2000 rw-p 0017c000 08:01 1706113                    /usr/lib/x86_64-linux-gnu/libstdc++.so.6.0.21
7f4ba34f2000-7f4ba34f6000 rw-p 00000000 00:00 0 
7f4ba34f6000-7f4ba4146000 r-xp 00000000 08:01 2106249                    /usr/lib/jvm/java-8-openjdk-amd64/jre/lib/amd64/server/libjvm.so
7f4ba4146000-7f4ba4345000 ---p 00c50000 08:01 2106249                    /usr/lib/jvm/java-8-openjdk-amd64/jre/lib/amd64/server/libjvm.so
7f4ba4345000-7f4ba43d8000 r--p 00c4f000 08:01 2106249                    /usr/lib/jvm/java-8-openjdk-amd64/jre/lib/amd64/server/libjvm.so
7f4ba43d8000-7f4ba4401000 rw-p 00ce2000 08:01 2106249                    /usr/lib/jvm/java-8-openjdk-amd64/jre/lib/amd64/server/libjvm.so
7f4ba4401000-7f4ba4431000 rw-p 00000000 00:00 0 
7f4ba4431000-7f4ba4449000 r-xp 00000000 08:01 3415659                    /lib/x86_64-linux-gnu/libpthread-2.23.so
7f4ba4449000-7f4ba4648000 ---p 00018000 08:01 3415659                    /lib/x86_64-linux-gnu/libpthread-2.23.so
7f4ba4648000-7f4ba4649000 r--p 00017000 08:01 3415659                    /lib/x86_64-linux-gnu/libpthread-2.23.so
7f4ba4649000-7f4ba464a000 rw-p 00018000 08:01 3415659                    /lib/x86_64-linux-gnu/libpthread-2.23.so
7f4ba464a000-7f4ba464e000 rw-p 00000000 00:00 0 
7f4ba464e000-7f4ba4651000 r-xp 00000000 08:01 3412698                    /lib/x86_64-linux-gnu/libdl-2.23.so
7f4ba4651000-7f4ba4850000 ---p 00003000 08:01 3412698                    /lib/x86_64-linux-gnu/libdl-2.23.so
7f4ba4850000-7f4ba4851000 r--p 00002000 08:01 3412698                    /lib/x86_64-linux-gnu/libdl-2.23.so
7f4ba4851000-7f4ba4852000 rw-p 00003000 08:01 3412698                    /lib/x86_64-linux-gnu/libdl-2.23.so
7f4ba4852000-7f4ba486b000 r-xp 00000000 08:01 3412877                    /lib/x86_64-linux-gnu/libz.so.1.2.8
7f4ba486b000-7f4ba4a6a000 ---p 00019000 08:01 3412877                    /lib/x86_64-linux-gnu/libz.so.1.2.8
7f4ba4a6a000-7f4ba4a6b000 r--p 00018000 08:01 3412877                    /lib/x86_64-linux-gnu/libz.so.1.2.8
7f4ba4a6b000-7f4ba4a6c000 rw-p 00019000 08:01 3412877                    /lib/x86_64-linux-gnu/libz.so.1.2.8
7f4ba4a6c000-7f4ba4c2b000 r-xp 00000000 08:01 3412742                    /lib/x86_64-linux-gnu/libc-2.23.so
7f4ba4c2b000-7f4ba4e2b000 ---p 001bf000 08:01 3412742                    /lib/x86_64-linux-gnu/libc-2.23.so
7f4ba4e2b000-7f4ba4e2f000 r--p 001bf000 08:01 3412742                    /lib/x86_64-linux-gnu/libc-2.23.so
7f4ba4e2f000-7f4ba4e31000 rw-p 001c3000 08:01 3412742                    /lib/x86_64-linux-gnu/libc-2.23.so
7f4ba4e31000-7f4ba4e35000 rw-p 00000000 00:00 0 
7f4ba4e35000-7f4ba4e42000 r-xp 00000000 08:01 2106243                    /usr/lib/jvm/java-8-openjdk-amd64/jre/lib/amd64/jli/libjli.so
7f4ba4e42000-7f4ba5042000 ---p 0000d000 08:01 2106243                    /usr/lib/jvm/java-8-openjdk-amd64/jre/lib/amd64/jli/libjli.so
7f4ba5042000-7f4ba5043000 r--p 0000d000 08:01 2106243                    /usr/lib/jvm/java-8-openjdk-amd64/jre/lib/amd64/jli/libjli.so
7f4ba5043000-7f4ba5044000 rw-p 0000e000 08:01 2106243                    /usr/lib/jvm/java-8-openjdk-amd64/jre/lib/amd64/jli/libjli.so
7f4ba5044000-7f4ba506a000 r-xp 00000000 08:01 3412852                    /lib/x86_64-linux-gnu/ld-2.23.so
7f4ba506a000-7f4ba506b000 r--s 00001000 08:01 670955                     /home/anonym/.m2/repository/com/rometools/rome-utils/1.5.1/rome-utils-1.5.1.jar
7f4ba506b000-7f4ba506e000 r--s 0000f000 08:01 2106270                    /usr/lib/jvm/java-8-openjdk-amd64/jre/lib/ext/icedtea-sound.jar
7f4ba506e000-7f4ba5147000 rw-p 00000000 00:00 0 
7f4ba5147000-7f4ba514a000 ---p 00000000 00:00 0 
7f4ba514a000-7f4ba524d000 rw-p 00000000 00:00 0 
7f4ba524d000-7f4ba524f000 r--s 0000f000 08:01 787814                     /home/anonym/Documents/eclipseWS/TessSimple/lib/tess4j-4.0.jar
7f4ba524f000-7f4ba5253000 r--s 00037000 08:01 2106273                    /usr/lib/jvm/java-8-openjdk-amd64/jre/lib/ext/sunpkcs11.jar
7f4ba5253000-7f4ba5254000 r--s 00010000 08:01 2106272                    /usr/lib/jvm/java-8-openjdk-amd64/jre/lib/ext/zipfs.jar
7f4ba5254000-7f4ba5255000 r--s 0000a000 08:01 2106276                    /usr/lib/jvm/java-8-openjdk-amd64/jre/lib/ext/jaccess.jar
7f4ba5255000-7f4ba5257000 r--s 00008000 08:01 2106267                    /usr/lib/jvm/java-8-openjdk-amd64/jre/lib/ext/sunec.jar
7f4ba5257000-7f4ba5259000 r--s 00001000 08:01 2106269                    /usr/lib/jvm/java-8-openjdk-amd64/jre/lib/ext/dnsns.jar
7f4ba5259000-7f4ba5261000 rw-s 00000000 08:01 2645764                    /tmp/hsperfdata_anonym/9891
7f4ba5261000-7f4ba5262000 rw-p 00000000 00:00 0 
7f4ba5262000-7f4ba5263000 r--p 00000000 00:00 0 
7f4ba5263000-7f4ba5265000 rw-p 00000000 00:00 0 
7f4ba5265000-7f4ba5267000 r--p 00000000 00:00 0                          [vvar]
7f4ba5267000-7f4ba5269000 r-xp 00000000 00:00 0                          [vdso]
7f4ba5269000-7f4ba526a000 r--p 00025000 08:01 3412852                    /lib/x86_64-linux-gnu/ld-2.23.so
7f4ba526a000-7f4ba526b000 rw-p 00026000 08:01 3412852                    /lib/x86_64-linux-gnu/ld-2.23.so
7f4ba526b000-7f4ba526c000 rw-p 00000000 00:00 0 
7ffe961db000-7ffe96200000 rw-p 00000000 00:00 0                          [stack]
ffffffffff600000-ffffffffff601000 r-xp 00000000 00:00 0                  [vsyscall]

VM Arguments:
jvm_args: -Dfile.encoding=UTF-8 
java_command: Test
java_class_path (initial): /home/anonym/Documents/eclipseWS/TessSimple/target/classes:/home/anonym/Documents/eclipseWS/TessSimple/lib/tess4j-4.0.jar:/home/anonym/.m2/repository/org/apache/tika/tika-app/1.14/tika-app-1.14.jar:/home/anonym/.m2/repository/org/apache/tika/tika-parsers/1.14/tika-parsers-1.14.jar:/home/anonym/.m2/repository/org/apache/tika/tika-core/1.14/tika-core-1.14.jar:/home/anonym/.m2/repository/org/gagravarr/vorbis-java-tika/0.8/vorbis-java-tika-0.8.jar:/home/anonym/.m2/repository/com/healthmarketscience/jackcess/jackcess/2.1.4/jackcess-2.1.4.jar:/home/anonym/.m2/repository/com/healthmarketscience/jackcess/jackcess-encrypt/2.1.1/jackcess-encrypt-2.1.1.jar:/home/anonym/.m2/repository/org/tallison/jmatio/1.2/jmatio-1.2.jar:/home/anonym/.m2/repository/org/apache/james/apache-mime4j-core/0.7.2/apache-mime4j-core-0.7.2.jar:/home/anonym/.m2/repository/org/apache/james/apache-mime4j-dom/0.7.2/apache-mime4j-dom-0.7.2.jar:/home/anonym/.m2/repository/org/tukaani/xz/1.5/xz-1.5.jar:/home/anonym/.m2/repository/commons-codec/commons-codec/1.10/commons-codec-1.10.jar:/home/anonym/.m2/repository/org/apache/pdfbox/pdfbox/2.0.3/pdfbox-2.0.3.jar:/home/anonym/.m2/repository/org/apache/pdfbox/fontbox/2.0.3/fontbox-2.0.3.jar:/home/anonym/.m2/repository/org/apache/pdfbox/pdfbox-tools/2.0.3/pdfbox-tools-2.0.3.jar:/home/anonym/.m2/repository/org/apache/pdfbox/pdfbox-debugger/2.0.3/pdfbox-debugger-2.0.3.jar:/home/anonym/.m2/repository/org/apache/pdfbox/jempbox/1.8.12/jempbox-1.8.12.jar:/home/anonym/.m2/repository/org/bouncycastle/bcmail-jdk15on/1.54/bcmail-jdk15on-1.54.jar:/home/anonym/.m2/repository/org/bouncycastle/bcpkix-jdk15on/1.54/bcpkix-jdk15on-1.54.jar:/home/anonym/.m2/repository/org/bouncycastle/bcprov-jdk15on/1.54/bcprov-jdk15on-1.54.jar:/home/anonym/.m2/repository/org/apache/poi/poi/3.15/poi-3.15.jar:/home/anonym/.m2/repository/org/apache/commons/commons-collections4/4.1/commons-collections4-4.1.jar:/home/anonym/.m2/repository/org/apache/poi/poi-scratchpad/3.15/
Launcher Type: SUN_STANDARD

Environment Variables:
PATH=/home/anonym/bin:/home/anonym/.local/bin:/usr/local/sbin:/usr/local/bin:/usr/sbin:/usr/bin:/sbin:/bin:/usr/games:/usr/local/games:/snap/bin
SHELL=/bin/bash
DISPLAY=:0

Signal Handlers:
SIGSEGV: [libjvm.so+0xa66fd0], sa_mask[0]=11111111011111111101111111111110, sa_flags=SA_RESTART|SA_SIGINFO
SIGBUS: [libjvm.so+0xa66fd0], sa_mask[0]=11111111011111111101111111111110, sa_flags=SA_RESTART|SA_SIGINFO
SIGFPE: [libjvm.so+0x8b0180], sa_mask[0]=11111111011111111101111111111110, sa_flags=SA_RESTART|SA_SIGINFO
SIGPIPE: [libjvm.so+0x8b0180], sa_mask[0]=11111111011111111101111111111110, sa_flags=SA_RESTART|SA_SIGINFO
SIGXFSZ: [libjvm.so+0x8b0180], sa_mask[0]=11111111011111111101111111111110, sa_flags=SA_RESTART|SA_SIGINFO
SIGILL: [libjvm.so+0x8b0180], sa_mask[0]=11111111011111111101111111111110, sa_flags=SA_RESTART|SA_SIGINFO
SIGUSR1: SIG_DFL, sa_mask[0]=00000000000000000000000000000000, sa_flags=none
SIGUSR2: [libjvm.so+0x8b0030], sa_mask[0]=00100000000000000000000000000000, sa_flags=SA_RESTART|SA_SIGINFO
SIGHUP: [libjvm.so+0x8b0500], sa_mask[0]=11111111011111111101111111111110, sa_flags=SA_RESTART|SA_SIGINFO
SIGINT: [libjvm.so+0x8b0500], sa_mask[0]=11111111011111111101111111111110, sa_flags=SA_RESTART|SA_SIGINFO
SIGTERM: [libjvm.so+0x8b0500], sa_mask[0]=11111111011111111101111111111110, sa_flags=SA_RESTART|SA_SIGINFO
SIGQUIT: [libjvm.so+0x8b0500], sa_mask[0]=11111111011111111101111111111110, sa_flags=SA_RESTART|SA_SIGINFO


---------------  S Y S T E M  ---------------

OS:DISTRIB_ID=Ubuntu
DISTRIB_RELEASE=16.04
DISTRIB_CODENAME=xenial
DISTRIB_DESCRIPTION="Ubuntu 16.04.1 LTS"

uname:Linux 4.4.0-72-generic #93-Ubuntu SMP Fri Mar 31 14:07:41 UTC 2017 x86_64
libc:glibc 2.23 NPTL 2.23 
rlimit: STACK 8192k, CORE 0k, NPROC 15637, NOFILE 65536, AS infinity
load average:0.72 0.43 0.49

/proc/meminfo:
MemTotal:        4042532 kB
MemFree:          130560 kB
MemAvailable:    1000328 kB
Buffers:           56400 kB
Cached:          1005032 kB
SwapCached:         1716 kB
Active:          2945336 kB
Inactive:         811580 kB
Active(anon):    2418356 kB
Inactive(anon):   289588 kB
Active(file):     526980 kB
Inactive(file):   521992 kB
Unevictable:           0 kB
Mlocked:               0 kB
SwapTotal:       4192252 kB
SwapFree:        4188584 kB
Dirty:              2080 kB
Writeback:             0 kB
AnonPages:       2694100 kB
Mapped:           234768 kB
Shmem:             12168 kB
Slab:              84188 kB
SReclaimable:      53968 kB
SUnreclaim:        30220 kB
KernelStack:       10048 kB
PageTables:        35804 kB
NFS_Unstable:          0 kB
Bounce:                0 kB
WritebackTmp:          0 kB
CommitLimit:     6213516 kB
Committed_AS:    7965396 kB
VmallocTotal:   34359738367 kB
VmallocUsed:           0 kB
VmallocChunk:          0 kB
HardwareCorrupted:     0 kB
AnonHugePages:   1519616 kB
CmaTotal:              0 kB
CmaFree:               0 kB
HugePages_Total:       0
HugePages_Free:        0
HugePages_Rsvd:        0
HugePages_Surp:        0
Hugepagesize:       2048 kB
DirectMap4k:       81840 kB
DirectMap2M:     4112384 kB


CPU:total 2 (2 cores per cpu, 1 threads per core) family 6 model 58 stepping 9, cmov, cx8, fxsr, mmx, sse, sse2, sse3, ssse3, sse4.1, sse4.2, popcnt, avx, aes, clmul, erms, tsc, tscinvbit, tscinv

/proc/cpuinfo:
processor	: 0
vendor_id	: GenuineIntel
cpu family	: 6
model		: 58
model name	: Intel(R) Core(TM) i7-3520M CPU @ 2.90GHz
stepping	: 9
microcode	: 0x15
cpu MHz		: 2893.406
cache size	: 4096 KB
physical id	: 0
siblings	: 2
core id		: 0
cpu cores	: 2
apicid		: 0
initial apicid	: 0
fpu		: yes
fpu_exception	: yes
cpuid level	: 13
wp		: yes
flags		: fpu vme de pse tsc msr pae mce cx8 apic sep mtrr pge mca cmov pat pse36 clflush mmx fxsr sse sse2 ss ht syscall nx rdtscp lm constant_tsc nopl xtopology nonstop_tsc eagerfpu pni pclmulqdq ssse3 cx16 pcid sse4_1 sse4_2 x2apic popcnt tsc_deadline_timer aes xsave avx f16c rdrand hypervisor lahf_lm fsgsbase smep xsaveopt dtherm arat pln pts
bugs		:
bogomips	: 5786.81
clflush size	: 64
cache_alignment	: 64
address sizes	: 36 bits physical, 48 bits virtual
power management:

processor	: 1
vendor_id	: GenuineIntel
cpu family	: 6
model		: 58
model name	: Intel(R) Core(TM) i7-3520M CPU @ 2.90GHz
stepping	: 9
microcode	: 0x15
cpu MHz		: 2893.406
cache size	: 4096 KB
physical id	: 0
siblings	: 2
core id		: 1
cpu cores	: 2
apicid		: 1
initial apicid	: 1
fpu		: yes
fpu_exception	: yes
cpuid level	: 13
wp		: yes
flags		: fpu vme de pse tsc msr pae mce cx8 apic sep mtrr pge mca cmov pat pse36 clflush mmx fxsr sse sse2 ss ht syscall nx rdtscp lm constant_tsc nopl xtopology nonstop_tsc eagerfpu pni pclmulqdq ssse3 cx16 pcid sse4_1 sse4_2 x2apic popcnt tsc_deadline_timer aes xsave avx f16c rdrand hypervisor lahf_lm fsgsbase smep xsaveopt dtherm arat pln pts
bugs		:
bogomips	: 5786.81
clflush size	: 64
cache_alignment	: 64
address sizes	: 36 bits physical, 48 bits virtual
power management:



Memory: 4k page, physical 4042532k(130560k free), swap 4192252k(4188584k free)

vm_info: OpenJDK 64-Bit Server VM (25.121-b13) for linux-amd64 JRE (1.8.0_121-8u121-b13-0ubuntu1.16.04.2-b13), built on Jan 23 2017 15:51:29 by "buildd" with gcc 5.4.0 20160609

time: Fri Apr 14 13:06:36 2017
elapsed time: 3 seconds (0d 0h 0m 3s)

