#
# A fatal error has been detected by the Java Runtime Environment:
#
#  SIGSEGV (0xb) at pc=0x00007fb9538973b7, pid=10313, tid=0x00007fb9a41cf700
#
# JRE version: OpenJDK Runtime Environment (8.0_121-b13) (build 1.8.0_121-8u121-b13-0ubuntu1.16.04.2-b13)
# Java VM: OpenJDK 64-Bit Server VM (25.121-b13 mixed mode linux-amd64 compressed oops)
# Problematic frame:
# C  [libtesseract.so+0xc83b7]  tesseract::Tesseract::recog_all_words(PAGE_RES*, ETEXT_DESC*, TBOX const*, char const*, int)+0x5f7
#
# Failed to write core dump. Core dumps have been disabled. To enable core dumping, try "ulimit -c unlimited" before starting Java again
#
# If you would like to submit a bug report, please visit:
#   http://bugreport.java.com/bugreport/crash.jsp
# The crash happened outside the Java Virtual Machine in native code.
# See problematic frame for where to report the bug.
#

---------------  T H R E A D  ---------------

Current thread (0x00007fb99c012000):  JavaThread "main" [_thread_in_native, id=10319, stack(0x00007fb9a40cf000,0x00007fb9a41d0000)]

siginfo: si_signo: 11 (SIGSEGV), si_code: 1 (SEGV_MAPERR), si_addr: 0x000000000000000c

Registers:
RAX=0x0000000000000000, RBX=0x00007fb99cc407f0, RCX=0x0000000000000000, RDX=0x0000000000000000
RSP=0x00007fb9a41cd5b0, RBP=0x00007fb9a41cd600, RSI=0x0000000000000000, RDI=0x00007fb9a41cd6c0
R8 =0x0000000000000000, R9 =0x00007fb99c2870a0, R10=0x000000000000122f, R11=0x00007fb953a5d930
R12=0x00007fb99d2ddaa0, R13=0x0000000000000000, R14=0x0000000000000001, R15=0x00000000ffffffff
RIP=0x00007fb9538973b7, EFLAGS=0x0000000000010246, CSGSFS=0x0000000000000033, ERR=0x0000000000000004
  TRAPNO=0x000000000000000e

Top of Stack: (sp=0x00007fb9a41cd5b0)
0x00007fb9a41cd5b0:   0000000000000000 0000000000000000
0x00007fb9a41cd5c0:   0000000000000000 0000000000000000
0x00007fb9a41cd5d0:   0000000000000000 0000000000000000
0x00007fb9a41cd5e0:   0000000000ff0000 0000000000000000
0x00007fb9a41cd5f0:   0000000000000000 0000000000000000
0x00007fb9a41cd600:   00007fb99d2ddaa0 0000000000000000
0x00007fb9a41cd610:   0000000000000000 0000000000000000
0x00007fb9a41cd620:   00007fb99d2a7d10 00007fb99c5d1a60
0x00007fb9a41cd630:   00007fb99d244eb0 00007fb99d2b6400
0x00007fb9a41cd640:   00007fb99c28e3a0 00007fb99c2870a0
0x00007fb9a41cd650:   00007fb99d2ddaa8 00007fb99d244eb0
0x00007fb9a41cd660:   00007fb99c2870a0 00007fb99d1cf1c0
0x00007fb9a41cd670:   0000000000000000 00007fb99d244eb0
0x00007fb9a41cd680:   0000000000000001 00007fb99c2870c8
0x00007fb9a41cd690:   00007fb99c28e3a0 00007fb99c28e3a0
0x00007fb9a41cd6a0:   00007fb99c28e3a0 0000007c00000000
0x00007fb9a41cd6b0:   00007fb99c28e3a0 00007fb99d2dda00
0x00007fb9a41cd6c0:   00007fb99c28e3c0 00007fb99d2b6400
0x00007fb9a41cd6d0:   00007fb99d2df650 00007fb99c459a40
0x00007fb9a41cd6e0:   0000000000000000 00007fb99d2b6400
0x00007fb9a41cd6f0:   0000000000000001 3da724d74fa9f700
0x00007fb9a41cd700:   00007fb99cc407f0 00007fb99cc3f5b0
0x00007fb9a41cd710:   00007fb9a41cd790 0000000000000000
0x00007fb9a41cd720:   00007fb99d2ddaa0 0000000000000001
0x00007fb9a41cd730:   00000000ffffffff 00007fb95387e6fd
0x00007fb9a41cd740:   0000000000000000 000000008aa19898
0x00007fb9a41cd750:   00007fb9a41cd701 3da724d74fa9f700
0x00007fb9a41cd760:   00007fb99cc3f5b0 00007fb9a41cd8c8
0x00007fb9a41cd770:   0000000000000001 0000000000000000
0x00007fb9a41cd780:   0000000000000002 00007fb9a41ce1a0
0x00007fb9a41cd790:   00007fb9a41cd7a0 00007fb9885a97a0
0x00007fb9a41cd7a0:   000000000000000a 00007fb9a41ce228 

Instructions: (pc=0x00007fb9538973b7)
0x00007fb953897397:   02 fd ff 83 7c 24 04 01 0f 84 d2 fb ff ff e9 ac
0x00007fb9538973a7:   fa ff ff 66 0f 1f 44 00 00 48 8b 83 38 0b 00 00
0x00007fb9538973b7:   80 78 0c 00 0f 84 cc fd ff ff 48 89 df e8 a7 00
0x00007fb9538973c7:   fd ff e9 bf fd ff ff 4c 89 e6 48 89 df e8 97 ff 

Register to memory mapping:

RAX=0x0000000000000000 is an unknown value
RBX=0x00007fb99cc407f0 is an unknown value
RCX=0x0000000000000000 is an unknown value
RDX=0x0000000000000000 is an unknown value
RSP=0x00007fb9a41cd5b0 is pointing into the stack for thread: 0x00007fb99c012000
RBP=0x00007fb9a41cd600 is pointing into the stack for thread: 0x00007fb99c012000
RSI=0x0000000000000000 is an unknown value
RDI=0x00007fb9a41cd6c0 is pointing into the stack for thread: 0x00007fb99c012000
R8 =0x0000000000000000 is an unknown value
R9 =0x00007fb99c2870a0 is an unknown value
R10=0x000000000000122f is an unknown value
R11=0x00007fb953a5d930: _ZN11PAGE_RES_IT16internal_forwardEbb+0 in /usr/local/lib/libtesseract.so at 0x00007fb9537cf000
R12=0x00007fb99d2ddaa0 is an unknown value
R13=0x0000000000000000 is an unknown value
R14=0x0000000000000001 is an unknown value
R15=0x00000000ffffffff is an unallocated location in the heap


Stack: [0x00007fb9a40cf000,0x00007fb9a41d0000],  sp=0x00007fb9a41cd5b0,  free space=1017k
Native frames: (J=compiled Java code, j=interpreted, Vv=VM code, C=native code)
C  [libtesseract.so+0xc83b7]  tesseract::Tesseract::recog_all_words(PAGE_RES*, ETEXT_DESC*, TBOX const*, char const*, int)+0x5f7
C  0x0000000000000000

Java frames: (J=compiled Java code, j=interpreted, Vv=VM code)
j  com.sun.jna.Native.invokeInt(JI[Ljava/lang/Object;)I+0
j  com.sun.jna.Function.invoke([Ljava/lang/Object;Ljava/lang/Class;Z)Ljava/lang/Object;+225
j  com.sun.jna.Function.invoke(Ljava/lang/Class;[Ljava/lang/Object;Ljava/util/Map;)Ljava/lang/Object;+262
j  com.sun.jna.Library$Handler.invoke(Ljava/lang/Object;Ljava/lang/reflect/Method;[Ljava/lang/Object;)Ljava/lang/Object;+316
j  com.sun.proxy.$Proxy0.TessBaseAPIRecognize(Lnet/sourceforge/tess4j/ITessAPI$TessBaseAPI;Lnet/sourceforge/tess4j/ITessAPI$ETEXT_DESC;)I+20
j  etl.ConvTesseract.getSymbols()Ljava/util/List;+19
j  etl.ConvTesseract.getOCRText(Ljava/lang/String;)Ljava/lang/String;+1
j  etl.ConvTesseract.doOCR(Ljava/io/File;Ljava/awt/Rectangle;)Ljava/lang/String;+27
j  etl.ConvTesseract.doOCR(Ljava/io/File;)Ljava/lang/String;+3
j  etl.OCR.doOCRFiles()V+120
j  etl.OCR.processing()Ljava/lang/String;+5
j  etl.ETL.processing()V+13
j  Test.main([Ljava/lang/String;)V+18
v  ~StubRoutines::call_stub

---------------  P R O C E S S  ---------------

Java Threads: ( => current thread )
  0x00007fb99cd0c000 JavaThread "Java2D Disposer" daemon [_thread_blocked, id=10345, stack(0x00007fb988976000,0x00007fb988a77000)]
  0x00007fb99c610000 JavaThread "process reaper" daemon [_thread_blocked, id=10334, stack(0x00007fb988a77000,0x00007fb988ab0000)]
  0x00007fb99c0bb800 JavaThread "Service Thread" daemon [_thread_blocked, id=10331, stack(0x00007fb9893d3000,0x00007fb9894d4000)]
  0x00007fb99c0b3800 JavaThread "C1 CompilerThread1" daemon [_thread_blocked, id=10327, stack(0x00007fb9894d4000,0x00007fb9895d5000)]
  0x00007fb99c0b1000 JavaThread "C2 CompilerThread0" daemon [_thread_blocked, id=10326, stack(0x00007fb9895d5000,0x00007fb9896d6000)]
  0x00007fb99c0ae800 JavaThread "Signal Dispatcher" daemon [_thread_blocked, id=10325, stack(0x00007fb9896d6000,0x00007fb9897d7000)]
  0x00007fb99c087800 JavaThread "Finalizer" daemon [_thread_blocked, id=10324, stack(0x00007fb989aaf000,0x00007fb989bb0000)]
  0x00007fb99c083000 JavaThread "Reference Handler" daemon [_thread_blocked, id=10323, stack(0x00007fb989bb0000,0x00007fb989cb1000)]
=>0x00007fb99c012000 JavaThread "main" [_thread_in_native, id=10319, stack(0x00007fb9a40cf000,0x00007fb9a41d0000)]

Other Threads:
  0x00007fb99c07b000 VMThread [stack: 0x00007fb989cb1000,0x00007fb989db2000] [id=10322]
  0x00007fb99c0bd800 WatcherThread [stack: 0x00007fb9892d2000,0x00007fb9893d3000] [id=10332]

VM state:not at safepoint (normal execution)

VM Mutex/Monitor currently owned by a thread: None

Heap:
 PSYoungGen      total 18432K, used 8783K [0x00000000eb700000, 0x00000000ecb80000, 0x0000000100000000)
  eden space 15872K, 39% used [0x00000000eb700000,0x00000000ebd15580,0x00000000ec680000)
  from space 2560K, 99% used [0x00000000ec900000,0x00000000ecb7ea38,0x00000000ecb80000)
  to   space 2560K, 0% used [0x00000000ec680000,0x00000000ec680000,0x00000000ec900000)
 ParOldGen       total 42496K, used 9200K [0x00000000c2400000, 0x00000000c4d80000, 0x00000000eb700000)
  object space 42496K, 21% used [0x00000000c2400000,0x00000000c2cfc0f8,0x00000000c4d80000)
 Metaspace       used 8667K, capacity 8846K, committed 9088K, reserved 1056768K
  class space    used 946K, capacity 1025K, committed 1152K, reserved 1048576K

Card table byte_map: [0x00007fb9a0599000,0x00007fb9a0788000] byte_map_base: 0x00007fb99ff87000

Marking Bits: (ParMarkBitMap*) 0x00007fb9a3398220
 Begin Bits: [0x00007fb98b120000, 0x00007fb98c090000)
 End Bits:   [0x00007fb98c090000, 0x00007fb98d000000)

Polling page: 0x00007fb9a41ea000

CodeCache: size=245760Kb used=3001Kb max_used=3005Kb free=242758Kb
 bounds [0x00007fb98d000000, 0x00007fb98d300000, 0x00007fb99c000000]
 total_blobs=1085 nmethods=740 adapters=260
 compilation: enabled

Compilation events (10 events):
Event: 2.975 Thread 0x00007fb99c0b1000  736   !   4       java.util.zip.Inflater::inflate (113 bytes)
Event: 2.979 Thread 0x00007fb99c0b1000 nmethod 736 0x00007fb98d2eea10 code [0x00007fb98d2eeb80, 0x00007fb98d2ef048]
Event: 2.994 Thread 0x00007fb99c0b3800  737 %     3       com.sun.imageio.plugins.png.PNGImageReader::decodeAverageFilter @ 58 (128 bytes)
Event: 2.994 Thread 0x00007fb99c0b3800 nmethod 737% 0x00007fb98d2e8310 code [0x00007fb98d2e84a0, 0x00007fb98d2e8990]
Event: 3.004 Thread 0x00007fb99c0b3800  738       3       com.sun.imageio.plugins.png.PNGImageReader::decodeAverageFilter (128 bytes)
Event: 3.004 Thread 0x00007fb99c0b3800 nmethod 738 0x00007fb98d2e7910 code [0x00007fb98d2e7aa0, 0x00007fb98d2e7e90]
Event: 3.038 Thread 0x00007fb99c0b3800  739       3       sun.reflect.ClassFileAssembler::emitByte (11 bytes)
Event: 3.038 Thread 0x00007fb99c0b3800 nmethod 739 0x00007fb98d2ee390 code [0x00007fb98d2ee500, 0x00007fb98d2ee6c8]
Event: 3.038 Thread 0x00007fb99c0b3800  740       3       sun.reflect.ByteVectorImpl::add (38 bytes)
Event: 3.038 Thread 0x00007fb99c0b3800 nmethod 740 0x00007fb98d2f2a90 code [0x00007fb98d2f2c00, 0x00007fb98d2f2e28]

GC Heap History (4 events):
Event: 2.536 GC heap before
{Heap before GC invocations=1 (full 0):
 PSYoungGen      total 18432K, used 15872K [0x00000000eb700000, 0x00000000ecb80000, 0x0000000100000000)
  eden space 15872K, 100% used [0x00000000eb700000,0x00000000ec680000,0x00000000ec680000)
  from space 2560K, 0% used [0x00000000ec900000,0x00000000ec900000,0x00000000ecb80000)
  to   space 2560K, 0% used [0x00000000ec680000,0x00000000ec680000,0x00000000ec900000)
 ParOldGen       total 42496K, used 0K [0x00000000c2400000, 0x00000000c4d80000, 0x00000000eb700000)
  object space 42496K, 0% used [0x00000000c2400000,0x00000000c2400000,0x00000000c4d80000)
 Metaspace       used 5791K, capacity 5988K, committed 6144K, reserved 1056768K
  class space    used 648K, capacity 734K, committed 768K, reserved 1048576K
Event: 2.543 GC heap after
Heap after GC invocations=1 (full 0):
 PSYoungGen      total 18432K, used 2549K [0x00000000eb700000, 0x00000000ecb80000, 0x0000000100000000)
  eden space 15872K, 0% used [0x00000000eb700000,0x00000000eb700000,0x00000000ec680000)
  from space 2560K, 99% used [0x00000000ec680000,0x00000000ec8fd630,0x00000000ec900000)
  to   space 2560K, 0% used [0x00000000ec900000,0x00000000ec900000,0x00000000ecb80000)
 ParOldGen       total 42496K, used 211K [0x00000000c2400000, 0x00000000c4d80000, 0x00000000eb700000)
  object space 42496K, 0% used [0x00000000c2400000,0x00000000c2434cf0,0x00000000c4d80000)
 Metaspace       used 5791K, capacity 5988K, committed 6144K, reserved 1056768K
  class space    used 648K, capacity 734K, committed 768K, reserved 1048576K
}
Event: 2.948 GC heap before
{Heap before GC invocations=2 (full 0):
 PSYoungGen      total 18432K, used 18421K [0x00000000eb700000, 0x00000000ecb80000, 0x0000000100000000)
  eden space 15872K, 100% used [0x00000000eb700000,0x00000000ec680000,0x00000000ec680000)
  from space 2560K, 99% used [0x00000000ec680000,0x00000000ec8fd630,0x00000000ec900000)
  to   space 2560K, 0% used [0x00000000ec900000,0x00000000ec900000,0x00000000ecb80000)
 ParOldGen       total 42496K, used 8548K [0x00000000c2400000, 0x00000000c4d80000, 0x00000000eb700000)
  object space 42496K, 20% used [0x00000000c2400000,0x00000000c2c591d0,0x00000000c4d80000)
 Metaspace       used 8529K, capacity 8712K, committed 8960K, reserved 1056768K
  class space    used 933K, capacity 1024K, committed 1024K, reserved 1048576K
Event: 2.954 GC heap after
Heap after GC invocations=2 (full 0):
 PSYoungGen      total 18432K, used 2554K [0x00000000eb700000, 0x00000000ecb80000, 0x0000000100000000)
  eden space 15872K, 0% used [0x00000000eb700000,0x00000000eb700000,0x00000000ec680000)
  from space 2560K, 99% used [0x00000000ec900000,0x00000000ecb7ea38,0x00000000ecb80000)
  to   space 2560K, 0% used [0x00000000ec680000,0x00000000ec680000,0x00000000ec900000)
 ParOldGen       total 42496K, used 9200K [0x00000000c2400000, 0x00000000c4d80000, 0x00000000eb700000)
  object space 42496K, 21% used [0x00000000c2400000,0x00000000c2cfc0f8,0x00000000c4d80000)
 Metaspace       used 8529K, capacity 8712K, committed 8960K, reserved 1056768K
  class space    used 933K, capacity 1024K, committed 1024K, reserved 1048576K
}

Deoptimization events (10 events):
Event: 0.218 Thread 0x00007fb99c012000 Uncommon trap: reason=unstable_if action=reinterpret pc=0x00007fb98d10ff44 method=java.lang.String.hashCode()I @ 14
Event: 0.311 Thread 0x00007fb99c012000 Uncommon trap: reason=unstable_if action=reinterpret pc=0x00007fb98d1158b8 method=java.lang.String.indexOf(II)I @ 49
Event: 2.325 Thread 0x00007fb99c012000 Uncommon trap: reason=unstable_if action=reinterpret pc=0x00007fb98d1be7e8 method=java.lang.String.indexOf([CII[CIII)I @ 3
Event: 2.598 Thread 0x00007fb99c012000 Uncommon trap: reason=bimorphic action=maybe_recompile pc=0x00007fb98d1ead8c method=java.util.HashMap.getNode(ILjava/lang/Object;)Ljava/util/HashMap$Node; @ 126
Event: 2.598 Thread 0x00007fb99c012000 Uncommon trap: reason=bimorphic action=maybe_recompile pc=0x00007fb98d1ead8c method=java.util.HashMap.getNode(ILjava/lang/Object;)Ljava/util/HashMap$Node; @ 126
Event: 2.598 Thread 0x00007fb99c012000 Uncommon trap: reason=bimorphic action=maybe_recompile pc=0x00007fb98d1ead8c method=java.util.HashMap.getNode(ILjava/lang/Object;)Ljava/util/HashMap$Node; @ 126
Event: 2.599 Thread 0x00007fb99c012000 Uncommon trap: reason=bimorphic action=maybe_recompile pc=0x00007fb98d1ead8c method=java.util.HashMap.getNode(ILjava/lang/Object;)Ljava/util/HashMap$Node; @ 126
Event: 2.676 Thread 0x00007fb99c012000 Uncommon trap: reason=unstable_if action=reinterpret pc=0x00007fb98d272804 method=java.util.HashMap.getNode(ILjava/lang/Object;)Ljava/util/HashMap$Node; @ 62
Event: 2.679 Thread 0x00007fb99c012000 Uncommon trap: reason=unstable_if action=reinterpret pc=0x00007fb98d27c0c0 method=java.util.HashMap.getNode(ILjava/lang/Object;)Ljava/util/HashMap$Node; @ 129
Event: 2.725 Thread 0x00007fb99c012000 Uncommon trap: reason=unstable_if action=reinterpret pc=0x00007fb98d279fc0 method=sun.net.www.ParseUtil.encodePath(Ljava/lang/String;Z)Ljava/lang/String; @ 109

Internal exceptions (10 events):
Event: 2.809 Thread 0x00007fb99c012000 Exception <a 'java/security/PrivilegedActionException'> (0x00000000ec0d9e58) thrown at [/build/openjdk-8-YiEakL/openjdk-8-8u121-b13/src/hotspot/src/share/vm/prims/jvm.cpp, line 1390]
Event: 2.809 Thread 0x00007fb99c012000 Exception <a 'java/security/PrivilegedActionException'> (0x00000000ec0da068) thrown at [/build/openjdk-8-YiEakL/openjdk-8-8u121-b13/src/hotspot/src/share/vm/prims/jvm.cpp, line 1390]
Event: 2.809 Thread 0x00007fb99c012000 Exception <a 'java/security/PrivilegedActionException'> (0x00000000ec0dee68) thrown at [/build/openjdk-8-YiEakL/openjdk-8-8u121-b13/src/hotspot/src/share/vm/prims/jvm.cpp, line 1390]
Event: 2.809 Thread 0x00007fb99c012000 Exception <a 'java/security/PrivilegedActionException'> (0x00000000ec0df078) thrown at [/build/openjdk-8-YiEakL/openjdk-8-8u121-b13/src/hotspot/src/share/vm/prims/jvm.cpp, line 1390]
Event: 2.809 Thread 0x00007fb99c012000 Exception <a 'java/security/PrivilegedActionException'> (0x00000000ec0e0268) thrown at [/build/openjdk-8-YiEakL/openjdk-8-8u121-b13/src/hotspot/src/share/vm/prims/jvm.cpp, line 1390]
Event: 2.809 Thread 0x00007fb99c012000 Exception <a 'java/security/PrivilegedActionException'> (0x00000000ec0e0478) thrown at [/build/openjdk-8-YiEakL/openjdk-8-8u121-b13/src/hotspot/src/share/vm/prims/jvm.cpp, line 1390]
Event: 2.809 Thread 0x00007fb99c012000 Exception <a 'java/security/PrivilegedActionException'> (0x00000000ec0e1fd0) thrown at [/build/openjdk-8-YiEakL/openjdk-8-8u121-b13/src/hotspot/src/share/vm/prims/jvm.cpp, line 1390]
Event: 2.809 Thread 0x00007fb99c012000 Exception <a 'java/security/PrivilegedActionException'> (0x00000000ec0e21e0) thrown at [/build/openjdk-8-YiEakL/openjdk-8-8u121-b13/src/hotspot/src/share/vm/prims/jvm.cpp, line 1390]
Event: 2.809 Thread 0x00007fb99c012000 Exception <a 'java/security/PrivilegedActionException'> (0x00000000ec0e33a8) thrown at [/build/openjdk-8-YiEakL/openjdk-8-8u121-b13/src/hotspot/src/share/vm/prims/jvm.cpp, line 1390]
Event: 2.809 Thread 0x00007fb99c012000 Exception <a 'java/security/PrivilegedActionException'> (0x00000000ec0e35b8) thrown at [/build/openjdk-8-YiEakL/openjdk-8-8u121-b13/src/hotspot/src/share/vm/prims/jvm.cpp, line 1390]

Events (10 events):
Event: 3.038 loading class sun/reflect/Label
Event: 3.039 loading class sun/reflect/Label done
Event: 3.039 loading class sun/reflect/Label$PatchInfo
Event: 3.039 loading class sun/reflect/Label$PatchInfo done
Event: 3.039 loading class sun/reflect/MethodAccessorGenerator$1
Event: 3.039 loading class sun/reflect/MethodAccessorGenerator$1 done
Event: 3.039 loading class sun/reflect/ClassDefiner
Event: 3.039 loading class sun/reflect/ClassDefiner done
Event: 3.039 loading class sun/reflect/ClassDefiner$1
Event: 3.039 loading class sun/reflect/ClassDefiner$1 done


Dynamic libraries:
00400000-00401000 r-xp 00000000 08:01 2106288                            /usr/lib/jvm/java-8-openjdk-amd64/jre/bin/java
00600000-00601000 r--p 00000000 08:01 2106288                            /usr/lib/jvm/java-8-openjdk-amd64/jre/bin/java
00601000-00602000 rw-p 00001000 08:01 2106288                            /usr/lib/jvm/java-8-openjdk-amd64/jre/bin/java
009f4000-00a15000 rw-p 00000000 00:00 0                                  [heap]
c2400000-c4d80000 rw-p 00000000 00:00 0 
c4d80000-eb700000 ---p 00000000 00:00 0 
eb700000-ecb80000 rw-p 00000000 00:00 0 
ecb80000-100000000 ---p 00000000 00:00 0 
100000000-100120000 rw-p 00000000 00:00 0 
100120000-140000000 ---p 00000000 00:00 0 
7fb94fb5a000-7fb95037f000 rw-p 00000000 00:00 0 
7fb950ba4000-7fb9513c9000 rw-p 00000000 00:00 0 
7fb9513c9000-7fb9513ce000 r-xp 00000000 08:01 1713104                    /usr/lib/x86_64-linux-gnu/libXdmcp.so.6.0.0
7fb9513ce000-7fb9515cd000 ---p 00005000 08:01 1713104                    /usr/lib/x86_64-linux-gnu/libXdmcp.so.6.0.0
7fb9515cd000-7fb9515ce000 r--p 00004000 08:01 1713104                    /usr/lib/x86_64-linux-gnu/libXdmcp.so.6.0.0
7fb9515ce000-7fb9515cf000 rw-p 00005000 08:01 1713104                    /usr/lib/x86_64-linux-gnu/libXdmcp.so.6.0.0
7fb9515cf000-7fb9515d1000 r-xp 00000000 08:01 1713093                    /usr/lib/x86_64-linux-gnu/libXau.so.6.0.0
7fb9515d1000-7fb9517d1000 ---p 00002000 08:01 1713093                    /usr/lib/x86_64-linux-gnu/libXau.so.6.0.0
7fb9517d1000-7fb9517d2000 r--p 00002000 08:01 1713093                    /usr/lib/x86_64-linux-gnu/libXau.so.6.0.0
7fb9517d2000-7fb9517d3000 rw-p 00003000 08:01 1713093                    /usr/lib/x86_64-linux-gnu/libXau.so.6.0.0
7fb9517d3000-7fb9517f4000 r-xp 00000000 08:01 1714471                    /usr/lib/x86_64-linux-gnu/libxcb.so.1.1.0
7fb9517f4000-7fb9519f3000 ---p 00021000 08:01 1714471                    /usr/lib/x86_64-linux-gnu/libxcb.so.1.1.0
7fb9519f3000-7fb9519f4000 r--p 00020000 08:01 1714471                    /usr/lib/x86_64-linux-gnu/libxcb.so.1.1.0
7fb9519f4000-7fb9519f5000 rw-p 00021000 08:01 1714471                    /usr/lib/x86_64-linux-gnu/libxcb.so.1.1.0
7fb9519f5000-7fb951a04000 r-xp 00000000 08:01 1713114                    /usr/lib/x86_64-linux-gnu/libXi.so.6.1.0
7fb951a04000-7fb951c03000 ---p 0000f000 08:01 1713114                    /usr/lib/x86_64-linux-gnu/libXi.so.6.1.0
7fb951c03000-7fb951c04000 r--p 0000e000 08:01 1713114                    /usr/lib/x86_64-linux-gnu/libXi.so.6.1.0
7fb951c04000-7fb951c05000 rw-p 0000f000 08:01 1713114                    /usr/lib/x86_64-linux-gnu/libXi.so.6.1.0
7fb951c05000-7fb951c0a000 r-xp 00000000 08:01 1713132                    /usr/lib/x86_64-linux-gnu/libXtst.so.6.1.0
7fb951c0a000-7fb951e09000 ---p 00005000 08:01 1713132                    /usr/lib/x86_64-linux-gnu/libXtst.so.6.1.0
7fb951e09000-7fb951e0a000 r--p 00004000 08:01 1713132                    /usr/lib/x86_64-linux-gnu/libXtst.so.6.1.0
7fb951e0a000-7fb951e0b000 rw-p 00005000 08:01 1713132                    /usr/lib/x86_64-linux-gnu/libXtst.so.6.1.0
7fb951e0b000-7fb951e14000 r-xp 00000000 08:01 1713126                    /usr/lib/x86_64-linux-gnu/libXrender.so.1.3.0
7fb951e14000-7fb952013000 ---p 00009000 08:01 1713126                    /usr/lib/x86_64-linux-gnu/libXrender.so.1.3.0
7fb952013000-7fb952014000 r--p 00008000 08:01 1713126                    /usr/lib/x86_64-linux-gnu/libXrender.so.1.3.0
7fb952014000-7fb952015000 rw-p 00009000 08:01 1713126                    /usr/lib/x86_64-linux-gnu/libXrender.so.1.3.0
7fb952015000-7fb95214a000 r-xp 00000000 08:01 1713089                    /usr/lib/x86_64-linux-gnu/libX11.so.6.3.0
7fb95214a000-7fb95234a000 ---p 00135000 08:01 1713089                    /usr/lib/x86_64-linux-gnu/libX11.so.6.3.0
7fb95234a000-7fb95234b000 r--p 00135000 08:01 1713089                    /usr/lib/x86_64-linux-gnu/libX11.so.6.3.0
7fb95234b000-7fb95234f000 rw-p 00136000 08:01 1713089                    /usr/lib/x86_64-linux-gnu/libX11.so.6.3.0
7fb95234f000-7fb952360000 r-xp 00000000 08:01 1713106                    /usr/lib/x86_64-linux-gnu/libXext.so.6.4.0
7fb952360000-7fb95255f000 ---p 00011000 08:01 1713106                    /usr/lib/x86_64-linux-gnu/libXext.so.6.4.0
7fb95255f000-7fb952560000 r--p 00010000 08:01 1713106                    /usr/lib/x86_64-linux-gnu/libXext.so.6.4.0
7fb952560000-7fb952561000 rw-p 00011000 08:01 1713106                    /usr/lib/x86_64-linux-gnu/libXext.so.6.4.0
7fb952561000-7fb9525b5000 r-xp 00000000 08:01 2106246                    /usr/lib/jvm/java-8-openjdk-amd64/jre/lib/amd64/libawt_xawt.so
7fb9525b5000-7fb9527b5000 ---p 00054000 08:01 2106246                    /usr/lib/jvm/java-8-openjdk-amd64/jre/lib/amd64/libawt_xawt.so
7fb9527b5000-7fb9527b6000 r--p 00054000 08:01 2106246                    /usr/lib/jvm/java-8-openjdk-amd64/jre/lib/amd64/libawt_xawt.so
7fb9527b6000-7fb9527b9000 rw-p 00055000 08:01 2106246                    /usr/lib/jvm/java-8-openjdk-amd64/jre/lib/amd64/libawt_xawt.so
7fb9527b9000-7fb9527ba000 rw-p 00000000 00:00 0 
7fb9527ba000-7fb95285a000 r-xp 00000000 08:01 2106252                    /usr/lib/jvm/java-8-openjdk-amd64/jre/lib/amd64/libawt.so
7fb95285a000-7fb952a5a000 ---p 000a0000 08:01 2106252                    /usr/lib/jvm/java-8-openjdk-amd64/jre/lib/amd64/libawt.so
7fb952a5a000-7fb952a5b000 r--p 000a0000 08:01 2106252                    /usr/lib/jvm/java-8-openjdk-amd64/jre/lib/amd64/libawt.so
7fb952a5b000-7fb952a66000 rw-p 000a1000 08:01 2106252                    /usr/lib/jvm/java-8-openjdk-amd64/jre/lib/amd64/libawt.so
7fb952a66000-7fb952a8b000 rw-p 00000000 00:00 0 
7fb952a8b000-7fb952a96000 r-xp 00000000 08:01 1713823                    /usr/lib/x86_64-linux-gnu/libjbig.so.0
7fb952a96000-7fb952c95000 ---p 0000b000 08:01 1713823                    /usr/lib/x86_64-linux-gnu/libjbig.so.0
7fb952c95000-7fb952c96000 r--p 0000a000 08:01 1713823                    /usr/lib/x86_64-linux-gnu/libjbig.so.0
7fb952c96000-7fb952c99000 rw-p 0000b000 08:01 1713823                    /usr/lib/x86_64-linux-gnu/libjbig.so.0
7fb952c99000-7fb952cba000 r-xp 00000000 08:01 3412753                    /lib/x86_64-linux-gnu/liblzma.so.5.0.0
7fb952cba000-7fb952eb9000 ---p 00021000 08:01 3412753                    /lib/x86_64-linux-gnu/liblzma.so.5.0.0
7fb952eb9000-7fb952eba000 r--p 00020000 08:01 3412753                    /lib/x86_64-linux-gnu/liblzma.so.5.0.0
7fb952eba000-7fb952ebb000 rw-p 00021000 08:01 3412753                    /lib/x86_64-linux-gnu/liblzma.so.5.0.0
7fb952ebb000-7fb952f2b000 r-xp 00000000 08:01 1713469                    /usr/lib/x86_64-linux-gnu/libtiff.so.5.2.4
7fb952f2b000-7fb95312b000 ---p 00070000 08:01 1713469                    /usr/lib/x86_64-linux-gnu/libtiff.so.5.2.4
7fb95312b000-7fb95312c000 r--p 00070000 08:01 1713469                    /usr/lib/x86_64-linux-gnu/libtiff.so.5.2.4
7fb95312c000-7fb95312f000 rw-p 00071000 08:01 1713469                    /usr/lib/x86_64-linux-gnu/libtiff.so.5.2.4
7fb95312f000-7fb953186000 r-xp 00000000 08:01 1713827                    /usr/lib/x86_64-linux-gnu/libjpeg.so.8.0.2
7fb953186000-7fb953386000 ---p 00057000 08:01 1713827                    /usr/lib/x86_64-linux-gnu/libjpeg.so.8.0.2
7fb953386000-7fb953387000 r--p 00057000 08:01 1713827                    /usr/lib/x86_64-linux-gnu/libjpeg.so.8.0.2
7fb953387000-7fb953388000 rw-p 00058000 08:01 1713827                    /usr/lib/x86_64-linux-gnu/libjpeg.so.8.0.2
7fb953388000-7fb9533ac000 r-xp 00000000 08:01 3412827                    /lib/x86_64-linux-gnu/libpng12.so.0.54.0
7fb9533ac000-7fb9535ab000 ---p 00024000 08:01 3412827                    /lib/x86_64-linux-gnu/libpng12.so.0.54.0
7fb9535ab000-7fb9535ac000 r--p 00023000 08:01 3412827                    /lib/x86_64-linux-gnu/libpng12.so.0.54.0
7fb9535ac000-7fb9535ad000 rw-p 00024000 08:01 3412827                    /lib/x86_64-linux-gnu/libpng12.so.0.54.0
7fb9535ad000-7fb9535ce000 r-xp 00000000 08:01 1714107                    /usr/lib/x86_64-linux-gnu/libgomp.so.1.0.0
7fb9535ce000-7fb9537cd000 ---p 00021000 08:01 1714107                    /usr/lib/x86_64-linux-gnu/libgomp.so.1.0.0
7fb9537cd000-7fb9537ce000 r--p 00020000 08:01 1714107                    /usr/lib/x86_64-linux-gnu/libgomp.so.1.0.0
7fb9537ce000-7fb9537cf000 rw-p 00021000 08:01 1714107                    /usr/lib/x86_64-linux-gnu/libgomp.so.1.0.0
7fb9537cf000-7fb953b4f000 r-xp 00000000 08:01 1843317                    /usr/local/lib/libtesseract.so.4.0.0
7fb953b4f000-7fb953d4e000 ---p 00380000 08:01 1843317                    /usr/local/lib/libtesseract.so.4.0.0
7fb953d4e000-7fb953d53000 r--p 0037f000 08:01 1843317                    /usr/local/lib/libtesseract.so.4.0.0
7fb953d53000-7fb953d5b000 rw-p 00384000 08:01 1843317                    /usr/local/lib/libtesseract.so.4.0.0
7fb953d5b000-7fb954000000 rw-p 00000000 00:00 0 
7fb954000000-7fb954021000 rw-p 00000000 00:00 0 
7fb954021000-7fb958000000 ---p 00000000 00:00 0 
7fb958000000-7fb958021000 rw-p 00000000 00:00 0 
7fb958021000-7fb95c000000 ---p 00000000 00:00 0 
7fb95c000000-7fb95c021000 rw-p 00000000 00:00 0 
7fb95c021000-7fb960000000 ---p 00000000 00:00 0 
7fb960000000-7fb960021000 rw-p 00000000 00:00 0 
7fb960021000-7fb964000000 ---p 00000000 00:00 0 
7fb964000000-7fb9642ad000 rw-p 00000000 00:00 0 
7fb9642ad000-7fb968000000 ---p 00000000 00:00 0 
7fb968000000-7fb968021000 rw-p 00000000 00:00 0 
7fb968021000-7fb96c000000 ---p 00000000 00:00 0 
7fb96c000000-7fb96c021000 rw-p 00000000 00:00 0 
7fb96c021000-7fb970000000 ---p 00000000 00:00 0 
7fb970000000-7fb9702ca000 rw-p 00000000 00:00 0 
7fb9702ca000-7fb974000000 ---p 00000000 00:00 0 
7fb974000000-7fb974021000 rw-p 00000000 00:00 0 
7fb974021000-7fb978000000 ---p 00000000 00:00 0 
7fb978000000-7fb978021000 rw-p 00000000 00:00 0 
7fb978021000-7fb97c000000 ---p 00000000 00:00 0 
7fb97c000000-7fb97c021000 rw-p 00000000 00:00 0 
7fb97c021000-7fb980000000 ---p 00000000 00:00 0 
7fb980000000-7fb980021000 rw-p 00000000 00:00 0 
7fb980021000-7fb984000000 ---p 00000000 00:00 0 
7fb984000000-7fb984021000 rw-p 00000000 00:00 0 
7fb984021000-7fb988000000 ---p 00000000 00:00 0 
7fb98811b000-7fb988377000 r-xp 00000000 08:01 1843214                    /usr/local/lib/liblept.so.5.0.1
7fb988377000-7fb988577000 ---p 0025c000 08:01 1843214                    /usr/local/lib/liblept.so.5.0.1
7fb988577000-7fb988578000 r--p 0025c000 08:01 1843214                    /usr/local/lib/liblept.so.5.0.1
7fb988578000-7fb988581000 rw-p 0025d000 08:01 1843214                    /usr/local/lib/liblept.so.5.0.1
7fb988597000-7fb9885ae000 r-xp 00000000 08:01 2645771                    /tmp/jna--1412935968/jna492486796450821542.tmp (deleted)
7fb9885ae000-7fb9886ad000 ---p 00017000 08:01 2645771                    /tmp/jna--1412935968/jna492486796450821542.tmp (deleted)
7fb9886ad000-7fb9886af000 rw-p 00016000 08:01 2645771                    /tmp/jna--1412935968/jna492486796450821542.tmp (deleted)
7fb9886af000-7fb9886b0000 r--s 00006000 08:01 671300                     /home/anonym/.m2/repository/org/noggit/noggit/0.6/noggit-0.6.jar
7fb9886b0000-7fb9886b6000 r--s 00071000 08:01 668192                     /home/anonym/.m2/repository/org/codehaus/woodstox/woodstox-core-asl/4.4.1/woodstox-core-asl-4.4.1.jar
7fb9886b6000-7fb9886ba000 r--s 00024000 08:01 668194                     /home/anonym/.m2/repository/org/codehaus/woodstox/stax2-api/3.1.4/stax2-api-3.1.4.jar
7fb9886ba000-7fb9886c6000 r--s 000b6000 08:01 671298                     /home/anonym/.m2/repository/org/apache/zookeeper/zookeeper/3.4.6/zookeeper-3.4.6.jar
7fb9886c6000-7fb9886c7000 r--s 00009000 08:01 671294                     /home/anonym/.m2/repository/org/apache/httpcomponents/httpmime/4.4.1/httpmime-4.4.1.jar
7fb9886c7000-7fb9886ce000 r--s 00048000 08:01 671292                     /home/anonym/.m2/repository/org/apache/httpcomponents/httpcore/4.4.1/httpcore-4.4.1.jar
7fb9886ce000-7fb9886db000 r--s 000a4000 08:01 671286                     /home/anonym/.m2/repository/org/apache/httpcomponents/httpclient/4.4.1/httpclient-4.4.1.jar
7fb9886db000-7fb9886ed000 r--s 000ef000 08:01 671270                     /home/anonym/.m2/repository/org/apache/solr/solr-solrj/6.4.0/solr-solrj-6.4.0.jar
7fb9886ed000-7fb9886ef000 r--s 0000c000 08:01 668238                     /home/anonym/.m2/repository/org/json/json/20160810/json-20160810.jar
7fb9886ef000-7fb9886f2000 r--s 000e4000 08:01 786882                     /home/anonym/.m2/repository/net/java/dev/jna/jna/4.3.0/jna-4.3.0.jar
7fb9886f2000-7fb9886f4000 r--s 00002000 08:01 787773                     /home/anonym/.m2/repository/org/nd4j/nd4j-jackson/0.7.2/nd4j-jackson-0.7.2.jar
7fb9886f4000-7fb9886f9000 r--s 00041000 08:01 670897                     /home/anonym/.m2/repository/commons-lang/commons-lang/2.6/commons-lang-2.6.jar
7fb9886f9000-7fb9886fa000 r--s 00008000 08:01 787771                     /home/anonym/.m2/repository/org/nd4j/nd4j-native-api/0.7.2/nd4j-native-api-0.7.2.jar
7fb9886fb000-7fb988704000 r--s 004ea000 08:01 787450                     /home/anonym/.m2/repository/org/deeplearning4j/deeplearning4j-nlp/0.7.2/deeplearning4j-nlp-0.7.2.jar
7fb988704000-7fb988705000 r--s 00239000 08:01 787667                     /home/anonym/.m2/repository/org/bytedeco/javacpp-presets/leptonica/1.73-1.3/leptonica-1.73-1.3-linux-ppc64le.jar
7fb988705000-7fb988707000 r--s 00291000 08:01 787665                     /home/anonym/.m2/repository/org/bytedeco/javacpp-presets/leptonica/1.73-1.3/leptonica-1.73-1.3-windows-x86_64.jar
7fb988707000-7fb988708000 r--s 00254000 08:01 787663                     /home/anonym/.m2/repository/org/bytedeco/javacpp-presets/leptonica/1.73-1.3/leptonica-1.73-1.3-macosx-x86_64.jar
7fb988708000-7fb98870a000 r--s 00242000 08:01 787661                     /home/anonym/.m2/repository/org/bytedeco/javacpp-presets/leptonica/1.73-1.3/leptonica-1.73-1.3-linux-x86_64.jar
7fb98870a000-7fb98870b000 r--s 00245000 08:01 787659                     /home/anonym/.m2/repository/org/bytedeco/javacpp-presets/leptonica/1.73-1.3/leptonica-1.73-1.3-android-x86.jar
7fb98870b000-7fb98870c000 r--s 001e0000 08:01 787657                     /home/anonym/.m2/repository/org/bytedeco/javacpp-presets/leptonica/1.73-1.3/leptonica-1.73-1.3-android-arm.jar
7fb98870c000-7fb98870f000 r--s 00021000 08:01 787655                     /home/anonym/.m2/repository/org/bytedeco/javacpp-presets/leptonica/1.73-1.3/leptonica-1.73-1.3.jar
7fb98870f000-7fb988711000 r--s 00988000 08:01 787653                     /home/anonym/.m2/repository/org/bytedeco/javacpp-presets/opencv/3.1.0-1.3/opencv-3.1.0-1.3-linux-ppc64le.jar
7fb988711000-7fb988714000 r--s 009d8000 08:01 787651                     /home/anonym/.m2/repository/org/bytedeco/javacpp-presets/opencv/3.1.0-1.3/opencv-3.1.0-1.3-windows-x86_64.jar
7fb988714000-7fb988716000 r--s 00821000 08:01 787649                     /home/anonym/.m2/repository/org/bytedeco/javacpp-presets/opencv/3.1.0-1.3/opencv-3.1.0-1.3-macosx-x86_64.jar
7fb988716000-7fb988719000 r--s 007bf000 08:01 787647                     /home/anonym/.m2/repository/org/bytedeco/javacpp-presets/opencv/3.1.0-1.3/opencv-3.1.0-1.3-linux-x86_64.jar
7fb988719000-7fb98871b000 r--s 00bf0000 08:01 787645                     /home/anonym/.m2/repository/org/bytedeco/javacpp-presets/opencv/3.1.0-1.3/opencv-3.1.0-1.3-android-x86.jar
7fb98871b000-7fb98871d000 r--s 008f3000 08:01 787643                     /home/anonym/.m2/repository/org/bytedeco/javacpp-presets/opencv/3.1.0-1.3/opencv-3.1.0-1.3-android-arm.jar
7fb98871d000-7fb98872d000 r--s 00098000 08:01 787641                     /home/anonym/.m2/repository/org/bytedeco/javacpp-presets/opencv/3.1.0-1.3/opencv-3.1.0-1.3.jar
7fb98872d000-7fb98872e000 r--s 00002000 08:01 787639                     /home/anonym/.m2/repository/org/bytedeco/javacpp-presets/flandmark/1.07-1.3/flandmark-1.07-1.3.jar
7fb98872e000-7fb98872f000 r--s 00005000 08:01 787637                     /home/anonym/.m2/repository/org/bytedeco/javacpp-presets/artoolkitplus/2.3.1-1.3/artoolkitplus-2.3.1-1.3.jar
7fb98872f000-7fb988730000 r--s 00003000 08:01 787635                     /home/anonym/.m2/repository/org/bytedeco/javacpp-presets/videoinput/0.200-1.3/videoinput-0.200-1.3.jar
7fb988730000-7fb988733000 r--s 00009000 08:01 787633                     /home/anonym/.m2/repository/org/bytedeco/javacpp-presets/librealsense/1.9.6-1.3/librealsense-1.9.6-1.3.jar
7fb988733000-7fb988735000 r--s 00004000 08:01 787631                     /home/anonym/.m2/repository/org/bytedeco/javacpp-presets/libfreenect/0.5.3-1.3/libfreenect-0.5.3-1.3.jar
7fb988735000-7fb988737000 r--s 00006000 08:01 787629                     /home/anonym/.m2/repository/org/bytedeco/javacpp-presets/libdc1394/2.2.4-1.3/libdc1394-2.2.4-1.3.jar
7fb988737000-7fb98873b000 r--s 0001f000 08:01 787627                     /home/anonym/.m2/repository/org/bytedeco/javacpp-presets/flycapture/2.9.3.43-1.3/flycapture-2.9.3.43-1.3.jar
7fb98873b000-7fb988742000 r--s 00033000 08:01 787625                     /home/anonym/.m2/repository/org/bytedeco/javacpp-presets/ffmpeg/3.2.1-1.3/ffmpeg-3.2.1-1.3.jar
7fb988742000-7fb988746000 r--s 00058000 08:01 787402                     /home/anonym/.m2/repository/org/bytedeco/javacv/1.3/javacv-1.3.jar
7fb988746000-7fb988748000 r--s 0000b000 08:01 787400                     /home/anonym/.m2/repository/com/twelvemonkeys/imageio/imageio-bmp/3.1.1/imageio-bmp-3.1.1.jar
7fb988748000-7fb98874a000 r--s 0000f000 08:01 787398                     /home/anonym/.m2/repository/com/twelvemonkeys/imageio/imageio-psd/3.1.1/imageio-psd-3.1.1.jar
7fb98874a000-7fb98874c000 r--s 0000e000 08:01 787396                     /home/anonym/.m2/repository/com/twelvemonkeys/imageio/imageio-tiff/3.1.1/imageio-tiff-3.1.1.jar
7fb98874c000-7fb98874f000 r--s 00012000 08:01 787394                     /home/anonym/.m2/repository/com/twelvemonkeys/common/common-image/3.1.1/common-image-3.1.1.jar
7fb98874f000-7fb988751000 r--s 00014000 08:01 787393                     /home/anonym/.m2/repository/com/twelvemonkeys/common/common-io/3.1.1/common-io-3.1.1.jar
7fb988751000-7fb988754000 r--s 0001a000 08:01 787404                     /home/anonym/.m2/repository/com/twelvemonkeys/common/common-lang/3.1.1/common-lang-3.1.1.jar
7fb988754000-7fb988757000 r--s 0000e000 08:01 787389                     /home/anonym/.m2/repository/com/twelvemonkeys/imageio/imageio-metadata/3.1.1/imageio-metadata-3.1.1.jar
7fb988757000-7fb98875a000 r--s 0000c000 08:01 787387                     /home/anonym/.m2/repository/com/twelvemonkeys/imageio/imageio-core/3.1.1/imageio-core-3.1.1.jar
7fb98875a000-7fb98875c000 r--s 0000d000 08:01 787385                     /home/anonym/.m2/repository/com/twelvemonkeys/imageio/imageio-jpeg/3.1.1/imageio-jpeg-3.1.1.jar
7fb98875c000-7fb98875e000 r--s 0000f000 08:01 787379                     /home/anonym/.m2/repository/org/datavec/datavec-data-image/0.7.2/datavec-data-image-0.7.2.jar
7fb98875e000-7fb988776000 r--s 00132000 08:01 787381                     /home/anonym/.m2/repository/org/freemarker/freemarker/2.3.23/freemarker-2.3.23.jar
7fb988776000-7fb988783000 r--s 0008a000 08:01 787378                     /home/anonym/.m2/repository/org/datavec/datavec-api/0.7.2/datavec-api-0.7.2.jar
7fb988783000-7fb988785000 r--s 00001000 08:01 787380                     /home/anonym/.m2/repository/org/datavec/datavec-nd4j-common/0.7.2/datavec-nd4j-common-0.7.2.jar
7fb988796000-7fb98879a000 r--s 0009a000 08:01 2106278                    /usr/lib/jvm/java-8-openjdk-amd64/jre/lib/jsse.jar
7fb98879a000-7fb9887aa000 r--s 0007d000 08:01 668465                     /home/anonym/.m2/repository/joda-time/joda-time/2.2/joda-time-2.2.jar
7fb9887aa000-7fb9887b1000 r--s 0003c000 08:01 787372                     /home/anonym/.m2/repository/org/yaml/snakeyaml/1.12/snakeyaml-1.12.jar
7fb9887b1000-7fb9887d1000 r--s 001ac000 08:01 787769                     /home/anonym/.m2/repository/org/nd4j/jackson/0.7.2/jackson-0.7.2.jar
7fb9887d1000-7fb9887d8000 r--s 0005e000 08:01 787337                     /home/anonym/.m2/repository/org/apache/commons/commons-lang3/3.3.1/commons-lang3-3.3.1.jar
7fb9887d8000-7fb9887da000 r--s 00001000 08:01 787767                     /home/anonym/.m2/repository/org/nd4j/nd4j-context/0.7.2/nd4j-context-0.7.2.jar
7fb9887da000-7fb9887de000 r--s 0000f000 08:01 671021                     /home/anonym/.m2/repository/com/google/code/findbugs/annotations/2.0.1/annotations-2.0.1.jar
7fb9887de000-7fb9887e7000 r--s 000ae000 08:01 787362                     /home/anonym/.m2/repository/org/javassist/javassist/3.19.0-GA/javassist-3.19.0-GA.jar
7fb9887e7000-7fb9887ea000 r--s 0001d000 08:01 787360                     /home/anonym/.m2/repository/org/reflections/reflections/0.9.10/reflections-0.9.10.jar
7fb9887ea000-7fb9887ed000 r--s 0001d000 08:01 787765                     /home/anonym/.m2/repository/org/nd4j/nd4j-common/0.7.2/nd4j-common-0.7.2.jar
7fb9887ed000-7fb9887ef000 r--s 0000d000 08:01 787763                     /home/anonym/.m2/repository/org/nd4j/nd4j-buffer/0.7.2/nd4j-buffer-0.7.2.jar
7fb9887ef000-7fb9887fe000 r--s 000cc000 08:01 787761                     /home/anonym/.m2/repository/org/nd4j/nd4j-api/0.7.2/nd4j-api-0.7.2.jar
7fb9887fe000-7fb988801000 r--s 00006000 08:01 787352                     /home/anonym/.m2/repository/com/google/code/findbugs/jsr305/1.3.9/jsr305-1.3.9.jar
7fb988801000-7fb988821000 r--s 00173000 08:01 787349                     /home/anonym/.m2/repository/com/google/guava/guava/11.0/guava-11.0.jar
7fb988821000-7fb988828000 r--s 00053000 08:01 787347                     /home/anonym/.m2/repository/org/apache/commons/commons-compress/1.8/commons-compress-1.8.jar
7fb988828000-7fb98884c000 r--s 001cd000 08:01 787345                     /home/anonym/.m2/repository/org/apache/commons/commons-math3/3.4.1/commons-math3-3.4.1.jar
7fb98884c000-7fb988859000 r--s 000b6000 08:01 787334                     /home/anonym/.m2/repository/org/deeplearning4j/deeplearning4j-nn/0.7.2/deeplearning4j-nn-0.7.2.jar
7fb988859000-7fb98885a000 r--s 00007000 08:01 671004                     /home/anonym/.m2/repository/org/slf4j/slf4j-api/1.7.12/slf4j-api-1.7.12.jar
7fb98885a000-7fb98885f000 r--s 0002a000 08:01 787332                     /home/anonym/.m2/repository/org/deeplearning4j/deeplearning4j-core/0.7.2/deeplearning4j-core-0.7.2.jar
7fb98885f000-7fb988860000 r--s 000ac000 08:01 787759                     /home/anonym/.m2/repository/org/nd4j/nd4j-native/0.7.2/nd4j-native-0.7.2-linux-ppc64le.jar
7fb988860000-7fb988861000 r--s 00137000 08:01 787757                     /home/anonym/.m2/repository/org/nd4j/nd4j-native/0.7.2/nd4j-native-0.7.2-windows-x86_64.jar
7fb988861000-7fb988862000 r--s 00105000 08:01 787755                     /home/anonym/.m2/repository/org/nd4j/nd4j-native/0.7.2/nd4j-native-0.7.2-macosx-x86_64.jar
7fb988862000-7fb988863000 r--s 0009d000 08:01 787753                     /home/anonym/.m2/repository/org/nd4j/nd4j-native/0.7.2/nd4j-native-0.7.2-linux-x86_64.jar
7fb988863000-7fb988864000 r--s 0010a000 08:01 787751                     /home/anonym/.m2/repository/org/nd4j/nd4j-native/0.7.2/nd4j-native-0.7.2-android-x86.jar
7fb988864000-7fb988865000 r--s 000c8000 08:01 787749                     /home/anonym/.m2/repository/org/nd4j/nd4j-native/0.7.2/nd4j-native-0.7.2-android-arm.jar
7fb988865000-7fb988866000 r--s 00639000 08:01 787623                     /home/anonym/.m2/repository/org/bytedeco/javacpp-presets/openblas/0.2.19-1.3/openblas-0.2.19-1.3-linux-ppc64le.jar
7fb988866000-7fb988867000 r--s 00ad9000 08:01 787621                     /home/anonym/.m2/repository/org/bytedeco/javacpp-presets/openblas/0.2.19-1.3/openblas-0.2.19-1.3-windows-x86_64.jar
7fb988867000-7fb988869000 r--s 00bd4000 08:01 787619                     /home/anonym/.m2/repository/org/bytedeco/javacpp-presets/openblas/0.2.19-1.3/openblas-0.2.19-1.3-macosx-x86_64.jar
7fb988869000-7fb98886a000 r--s 00b04000 08:01 787617                     /home/anonym/.m2/repository/org/bytedeco/javacpp-presets/openblas/0.2.19-1.3/openblas-0.2.19-1.3-linux-x86_64.jar
7fb98886a000-7fb98886b000 r--s 00104000 08:01 787615                     /home/anonym/.m2/repository/org/bytedeco/javacpp-presets/openblas/0.2.19-1.3/openblas-0.2.19-1.3-android-x86.jar
7fb98886b000-7fb98886c000 r--s 0009e000 08:01 787613                     /home/anonym/.m2/repository/org/bytedeco/javacpp-presets/openblas/0.2.19-1.3/openblas-0.2.19-1.3-android-arm.jar
7fb98886c000-7fb98886d000 r--s 0001c000 08:01 787611                     /home/anonym/.m2/repository/org/bytedeco/javacpp-presets/openblas/0.2.19-1.3/openblas-0.2.19-1.3.jar
7fb98886d000-7fb988872000 r--s 00048000 08:01 787538                     /home/anonym/.m2/repository/org/bytedeco/javacpp/1.3.1/javacpp-1.3.1.jar
7fb988872000-7fb988874000 r--s 0000e000 08:01 787747                     /home/anonym/.m2/repository/org/nd4j/nd4j-native/0.7.2/nd4j-native-0.7.2.jar
7fb988874000-7fb988875000 r--s 00000000 08:01 787745                     /home/anonym/.m2/repository/org/nd4j/nd4j-native-platform/0.7.2/nd4j-native-platform-0.7.2.jar
7fb988875000-7fb988878000 ---p 00000000 00:00 0 
7fb988878000-7fb988976000 rw-p 00000000 00:00 0 
7fb988976000-7fb988979000 ---p 00000000 00:00 0 
7fb988979000-7fb988a77000 rw-p 00000000 00:00 0 
7fb988a77000-7fb988a7a000 ---p 00000000 00:00 0 
7fb988a7a000-7fb988ab0000 rw-p 00000000 00:00 0 
7fb988ab0000-7fb988ab3000 r--s 00025000 08:01 786880                     /home/anonym/.m2/repository/org/im4java/im4java/1.4.0/im4java-1.4.0.jar
7fb988ab3000-7fb988ab4000 r--s 0000a000 08:01 786878                     /home/anonym/.m2/repository/asm/asm/3.3.1/asm-3.3.1.jar
7fb988ab4000-7fb988abb000 r--s 00040000 08:01 786876                     /home/anonym/.m2/repository/cglib/cglib/2.2.2/cglib-2.2.2.jar
7fb988abb000-7fb988abf000 r--s 00015000 08:01 786874                     /home/anonym/.m2/repository/org/rococoa/rococoa-core/0.5/rococoa-core-0.5.jar
7fb988abf000-7fb988aca000 r--s 00088000 08:01 786872                     /home/anonym/.m2/repository/com/github/jai-imageio/jai-imageio-core/1.3.1/jai-imageio-core-1.3.1.jar
7fb988aca000-7fb988acf000 r--s 00272000 08:01 786870                     /home/anonym/.m2/repository/net/sourceforge/lept4j/lept4j/1.3.0/lept4j-1.3.0.jar
7fb988acf000-7fb988ad3000 r--s 0002f000 08:01 671008                     /home/anonym/.m2/repository/commons-io/commons-io/2.5/commons-io-2.5.jar
7fb988ad3000-7fb988adc000 r--s 0006f000 08:01 671006                     /home/anonym/.m2/repository/log4j/log4j/1.2.17/log4j-1.2.17.jar
7fb988adc000-7fb988ade000 r--s 00003000 08:01 786868                     /home/anonym/.m2/repository/org/slf4j/jcl-over-slf4j/1.7.12/jcl-over-slf4j-1.7.12.jar
7fb988ade000-7fb988ae0000 r--s 00000000 08:01 786866                     /home/anonym/.m2/repository/org/slf4j/jul-to-slf4j/1.7.12/jul-to-slf4j-1.7.12.jar
7fb988ae0000-7fb988ae2000 r--s 00001000 08:01 671002                     /home/anonym/.m2/repository/org/slf4j/slf4j-log4j12/1.7.12/slf4j-log4j12-1.7.12.jar
7fb988ae2000-7fb988ae3000 r--s 0000c000 08:01 671000                     /home/anonym/.m2/repository/commons-cli/commons-cli/1.3.1/commons-cli-1.3.1.jar
7fb988ae3000-7fb988ae7000 r--s 0001b000 08:01 670998                     /home/anonym/.m2/repository/org/apache/tika/tika-batch/1.14/tika-batch-1.14.jar
7fb988ae7000-7fb988ae9000 r--s 0001b000 08:01 670996                     /home/anonym/.m2/repository/com/adobe/xmp/xmpcore/5.1.2/xmpcore-5.1.2.jar
7fb988ae9000-7fb988aeb000 r--s 00007000 08:01 670994                     /home/anonym/.m2/repository/org/apache/tika/tika-xmp/1.14/tika-xmp-1.14.jar
7fb988aeb000-7fb988aed000 r--s 00003000 08:01 670992                     /home/anonym/.m2/repository/org/apache/tika/tika-serialization/1.14/tika-serialization-1.14.jar
7fb988aed000-7fb988aee000 r--s 00004000 08:01 670990                     /home/anonym/.m2/repository/com/intellij/annotations/12.0/annotations-12.0.jar
7fb988aee000-7fb988af2000 r--s 00024000 08:01 670988                     /home/anonym/.m2/repository/net/arnx/jsonic/1.2.11/jsonic-1.2.11.jar
7fb988af2000-7fb988af6000 r--s 001c7000 08:01 670986                     /home/anonym/.m2/repository/com/optimaize/languagedetector/language-detector/0.5/language-detector-0.5.jar
7fb988af6000-7fb988af8000 r--s 00003000 08:01 670984                     /home/anonym/.m2/repository/org/apache/tika/tika-langdetect/1.14/tika-langdetect-1.14.jar
7fb988af8000-7fb988afc000 r--s 00041000 08:01 668502                     /home/anonym/.m2/repository/com/fasterxml/jackson/core/jackson-core/2.8.1/jackson-core-2.8.1.jar
7fb988afc000-7fb988b01000 r--s 0003b000 08:01 668500                     /home/anonym/.m2/repository/javax/measure/jsr-275/0.9.3/jsr-275-0.9.3.jar
7fb988b01000-7fb988b0d000 r--s 00092000 08:01 668486                     /home/anonym/.m2/repository/org/apache/sis/core/sis-utility/0.6/sis-utility-0.6.jar
7fb988b0d000-7fb988b0f000 r--s 00007000 08:01 668484                     /home/anonym/.m2/repository/org/apache/commons/commons-csv/1.0/commons-csv-1.0.jar
7fb988b0f000-7fb988b17000 r--s 0002d000 08:01 668497                     /home/anonym/.m2/repository/org/opengis/geoapi/3.0.0/geoapi-3.0.0.jar
7fb988b17000-7fb988b23000 r--s 0007a000 08:01 668495                     /home/anonym/.m2/repository/org/apache/sis/core/sis-metadata/0.6/sis-metadata-0.6.jar
7fb988b23000-7fb988b2d000 r--s 0008c000 08:01 668493                     /home/anonym/.m2/repository/org/apache/sis/core/sis-referencing/0.6/sis-referencing-0.6.jar
7fb988b2d000-7fb988b30000 r--s 0000f000 08:01 668491                     /home/anonym/.m2/repository/org/apache/sis/storage/sis-storage/0.6/sis-storage-0.6.jar
7fb988b30000-7fb988b32000 r--s 0000c000 08:01 668489                     /home/anonym/.m2/repository/org/apache/sis/storage/sis-netcdf/0.6/sis-netcdf-0.6.jar
7fb988b32000-7fb988b34000 r--s 0000e000 08:01 668478                     /home/anonym/.m2/repository/edu/ucar/httpservices/4.5.5/httpservices-4.5.5.jar
7fb988b34000-7fb988b36000 r--s 0000d000 08:01 668476                     /home/anonym/.m2/repository/com/beust/jcommander/1.35/jcommander-1.35.jar
7fb988b36000-7fb988b51000 r--s 0012c000 08:01 668472                     /home/anonym/.m2/repository/net/sf/ehcache/ehcache-core/2.6.2/ehcache-core-2.6.2.jar
7fb988b51000-7fb988b5c000 r--s 0008a000 08:01 668470                     /home/anonym/.m2/repository/c3p0/c3p0/0.9.1.1/c3p0-0.9.1.1.jar
7fb988b5c000-7fb988b66000 r--s 00096000 08:01 668467                     /home/anonym/.m2/repository/org/quartz-scheduler/quartz/2.2.0/quartz-2.2.0.jar
7fb988b66000-7fb988b69000 r--s 0001c000 08:01 668461                     /home/anonym/.m2/repository/edu/ucar/udunits/4.5.5/udunits-4.5.5.jar
7fb988b69000-7fb988b97000 r--s 003cf000 08:01 668458                     /home/anonym/.m2/repository/edu/ucar/cdm/4.5.5/cdm-4.5.5.jar
7fb988b97000-7fb988b99000 r--s 0000b000 08:01 668456                     /home/anonym/.m2/repository/org/itadaki/bzip2/0.9.1/bzip2-0.9.1.jar
7fb988b99000-7fb988ba0000 r--s 0007b000 08:01 668453                     /home/anonym/.m2/repository/edu/ucar/jj2000/5.2/jj2000-5.2.jar
7fb988ba0000-7fb988ba6000 r--s 00042000 08:01 668450                     /home/anonym/.m2/repository/org/jsoup/jsoup/1.7.2/jsoup-1.7.2.jar
7fb988ba6000-7fb988bab000 r--s 00044000 08:01 668448                     /home/anonym/.m2/repository/org/jdom/jdom2/2.0.4/jdom2-2.0.4.jar
7fb988bab000-7fb988bb3000 r--s 0007b000 08:01 668445                     /home/anonym/.m2/repository/com/google/protobuf/protobuf-java/2.5.0/protobuf-java-2.5.0.jar
7fb988bb3000-7fb988bc4000 r--s 004d3000 08:01 668439                     /home/anonym/.m2/repository/edu/ucar/grib/4.5.5/grib-4.5.5.jar
7fb988bc4000-7fb988bc5000 r--s 00000000 08:01 668437                     /home/anonym/.m2/repository/net/jcip/jcip-annotations/1.0/jcip-annotations-1.0.jar
7fb988bc5000-7fb988bc7000 r--s 0000e000 08:01 668435                     /home/anonym/.m2/repository/edu/ucar/netcdf4/4.5.5/netcdf4-4.5.5.jar
7fb988bc7000-7fb988bcc000 r--s 0002a000 08:01 668433                     /home/anonym/.m2/repository/com/google/code/gson/gson/2.2.4/gson-2.2.4.jar
7fb988bcc000-7fb988bcd000 r--s 00005000 08:01 668427                     /home/anonym/.m2/repository/com/googlecode/json-simple/json-simple/1.1.1/json-simple-1.1.1.jar
7fb988bcd000-7fb988bd2000 r--s 00025000 08:01 668424                     /home/anonym/.m2/repository/net/sf/jwordnet/jwnl/1.3.3/jwnl-1.3.3.jar
7fb988bd2000-7fb988bd5000 r--s 0001d000 08:01 668418                     /home/anonym/.m2/repository/org/apache/opennlp/opennlp-maxent/3.0.3/opennlp-maxent-3.0.3.jar
7fb988bd5000-7fb988be5000 r--s 000b9000 08:01 668408                     /home/anonym/.m2/repository/org/apache/opennlp/opennlp-tools/1.5.3/opennlp-tools-1.5.3.jar
7fb988be5000-7fb988be7000 r--s 0000c000 08:01 668323                     /home/anonym/.m2/repository/org/apache/commons/commons-exec/1.3/commons-exec-1.3.jar
7fb988be7000-7fb988be9000 r--s 00005000 08:01 668299                     /home/anonym/.m2/repository/javax/annotation/javax.annotation-api/1.2/javax.annotation-api-1.2.jar
7fb988be9000-7fb988bed000 r--s 00019000 08:01 668297                     /home/anonym/.m2/repository/javax/ws/rs/javax.ws.rs-api/2.0.1/javax.ws.rs-api-2.0.1.jar
7fb988bed000-7fb988bf5000 r--s 00087000 08:01 668253                     /home/anonym/.m2/repository/org/apache/cxf/cxf-rt-frontend-jaxrs/3.0.3/cxf-rt-frontend-jaxrs-3.0.3.jar
7fb988bf5000-7fb988bfa000 r--s 00024000 08:01 668246                     /home/anonym/.m2/repository/org/apache/ws/xmlschema/xmlschema-core/2.1.0/xmlschema-core-2.1.0.jar
7fb988bfa000-7fb988c11000 r--s 0012e000 08:01 670983                     /home/anonym/.m2/repository/org/apache/cxf/cxf-core/3.0.3/cxf-core-3.0.3.jar
7fb988c11000-7fb988c16000 r--s 0003b000 08:01 670981                     /home/anonym/.m2/repository/org/apache/cxf/cxf-rt-transports-http/3.0.3/cxf-rt-transports-http-3.0.3.jar
7fb988c16000-7fb988c19000 r--s 00022000 08:01 670979                     /home/anonym/.m2/repository/org/apache/cxf/cxf-rt-rs-client/3.0.3/cxf-rt-rs-client-3.0.3.jar
7fb988c19000-7fb988c1b000 r--s 00005000 08:01 670977                     /home/anonym/.m2/repository/regexp/regexp/1.3/regexp-1.3.jar
7fb988c1b000-7fb988c1d000 r--s 00008000 08:01 670975                     /home/anonym/.m2/repository/org/apache/maven/scm/maven-scm-provider-svn-commons/1.4/maven-scm-provider-svn-commons-1.4.jar
7fb988c1d000-7fb988c20000 r--s 0000f000 08:01 670973                     /home/anonym/.m2/repository/org/apache/maven/scm/maven-scm-provider-svnexe/1.4/maven-scm-provider-svnexe-1.4.jar
7fb988c20000-7fb988c25000 r--s 00039000 08:01 670971                     /home/anonym/.m2/repository/org/codehaus/plexus/plexus-utils/1.5.6/plexus-utils-1.5.6.jar
7fb988c25000-7fb988c29000 r--s 00014000 08:01 670969                     /home/anonym/.m2/repository/org/apache/maven/scm/maven-scm-api/1.4/maven-scm-api-1.4.jar
7fb988c29000-7fb988c32000 r--s 0005d000 08:01 670967                     /home/anonym/.m2/repository/org/apache/commons/commons-vfs2/2.0/commons-vfs2-2.0.jar
7fb988c32000-7fb988c35000 r--s 00023000 08:01 670965                     /home/anonym/.m2/repository/com/github/junrar/junrar/0.7/junrar-0.7.jar
7fb988c35000-7fb988c36000 r--s 00014000 08:01 670963                     /home/anonym/.m2/repository/com/pff/java-libpst/0.8.1/java-libpst-0.8.1.jar
7fb988c36000-7fb988c3b000 r--s 00035000 08:01 670961                     /home/anonym/.m2/repository/org/codelibs/jhighlight/1.0.2/jhighlight-1.0.2.jar
7fb988c3b000-7fb988c3e000 r--s 00033000 08:01 670959                     /home/anonym/.m2/repository/com/googlecode/juniversalchardet/juniversalchardet/1.0.3/juniversalchardet-1.0.3.jar
7fb988c3e000-7fb988c41000 r--s 0001b000 08:01 670957                     /home/anonym/.m2/repository/org/gagravarr/vorbis-java-core/0.8/vorbis-java-core-0.8.jar
7fb988c41000-7fb988c45000 r--s 00038000 08:01 670953                     /home/anonym/.m2/repository/com/rometools/rome/1.5.1/rome-1.5.1.jar
7fb988c45000-7fb988c48000 r--s 00014000 08:01 670951                     /home/anonym/.m2/repository/de/l3s/boilerpipe/boilerpipe/1.1.0/boilerpipe-1.1.0.jar
7fb988c48000-7fb988c4e000 r--s 00057000 08:01 670949                     /home/anonym/.m2/repository/com/drewnoakes/metadata-extractor/2.9.1/metadata-extractor-2.9.1.jar
7fb988c4e000-7fb988c61000 r--s 000f0000 08:01 670947                     /home/anonym/.m2/repository/com/googlecode/mp4parser/isoparser/1.1.18/isoparser-1.1.18.jar
7fb988c61000-7fb988c63000 r--s 0000c000 08:01 670945                     /home/anonym/.m2/repository/org/ow2/asm/asm/5.0.4/asm-5.0.4.jar
7fb988c63000-7fb988c65000 r--s 00015000 08:01 670943                     /home/anonym/.m2/repository/org/ccil/cowan/tagsoup/tagsoup/1.2.1/tagsoup-1.2.1.jar
7fb988c65000-7fb988c69000 r--s 00015000 08:01 670941                     /home/anonym/.m2/repository/com/github/virtuald/curvesapi/1.04/curvesapi-1.04.jar
7fb988c69000-7fb988ca7000 r--s 0025d000 08:01 670939                     /home/anonym/.m2/repository/org/apache/xmlbeans/xmlbeans/2.6.0/xmlbeans-2.6.0.jar
7fb988ca7000-7fb988d61000 r--s 004dd000 08:01 670937                     /home/anonym/.m2/repository/org/apache/poi/poi-ooxml-schemas/3.15/poi-ooxml-schemas-3.15.jar
7fb988d61000-7fb988d72000 r--s 00136000 08:01 670935                     /home/anonym/.m2/repository/org/apache/poi/poi-ooxml/3.15/poi-ooxml-3.15.jar
7fb988d72000-7fb988d84000 r--s 00132000 08:01 670933                     /home/anonym/.m2/repository/org/apache/poi/poi-scratchpad/3.15/poi-scratchpad-3.15.jar
7fb988d84000-7fb988d94000 r--s 000a8000 08:01 670931                     /home/anonym/.m2/repository/org/apache/commons/commons-collections4/4.1/commons-collections4-4.1.jar
7fb988d94000-7fb988dbe000 r--s 0024c000 08:01 670929                     /home/anonym/.m2/repository/org/apache/poi/poi/3.15/poi-3.15.jar
7fb988dbe000-7fb988e06000 r--s 002d9000 08:01 670927                     /home/anonym/.m2/repository/org/bouncycastle/bcprov-jdk15on/1.54/bcprov-jdk15on-1.54.jar
7fb988e06000-7fb988e17000 r--s 00094000 08:01 670925                     /home/anonym/.m2/repository/org/bouncycastle/bcpkix-jdk15on/1.54/bcpkix-jdk15on-1.54.jar
7fb988e17000-7fb988e19000 r--s 00017000 08:01 670923                     /home/anonym/.m2/repository/org/bouncycastle/bcmail-jdk15on/1.54/bcmail-jdk15on-1.54.jar
7fb988e19000-7fb988e1b000 r--s 0000b000 08:01 670921                     /home/anonym/.m2/repository/org/apache/pdfbox/jempbox/1.8.12/jempbox-1.8.12.jar
7fb988e1b000-7fb988e20000 r--s 00033000 08:01 670919                     /home/anonym/.m2/repository/org/apache/pdfbox/pdfbox-debugger/2.0.3/pdfbox-debugger-2.0.3.jar
7fb988e20000-7fb988e22000 r--s 00010000 08:01 670917                     /home/anonym/.m2/repository/org/apache/pdfbox/pdfbox-tools/2.0.3/pdfbox-tools-2.0.3.jar
7fb988e22000-7fb988e28000 r--s 00163000 08:01 670915                     /home/anonym/.m2/repository/org/apache/pdfbox/fontbox/2.0.3/fontbox-2.0.3.jar
7fb988e28000-7fb988e3e000 r--s 0023f000 08:01 670913                     /home/anonym/.m2/repository/org/apache/pdfbox/pdfbox/2.0.3/pdfbox-2.0.3.jar
7fb988e3e000-7fb988e45000 r--s 0003f000 08:01 670911                     /home/anonym/.m2/repository/commons-codec/commons-codec/1.10/commons-codec-1.10.jar
7fb988e45000-7fb988e49000 r--s 00015000 08:01 670909                     /home/anonym/.m2/repository/org/tukaani/xz/1.5/xz-1.5.jar
7fb988e49000-7fb988e50000 r--s 00044000 08:01 670905                     /home/anonym/.m2/repository/org/apache/james/apache-mime4j-dom/0.7.2/apache-mime4j-dom-0.7.2.jar
7fb988e50000-7fb988e53000 r--s 00015000 08:01 670903                     /home/anonym/.m2/repository/org/apache/james/apache-mime4j-core/0.7.2/apache-mime4j-core-0.7.2.jar
7fb988e53000-7fb988e5e000 r--s 000be000 08:01 670895                     /home/anonym/.m2/repository/com/healthmarketscience/jackcess/jackcess/2.1.4/jackcess-2.1.4.jar
7fb988e5e000-7fb988e67000 r--s 0008f000 08:01 670891                     /home/anonym/.m2/repository/org/apache/tika/tika-core/1.14/tika-core-1.14.jar
7fb988e67000-7fb988e74000 r--s 000c9000 08:01 670889                     /home/anonym/.m2/repository/org/apache/tika/tika-parsers/1.14/tika-parsers-1.14.jar
7fb988e74000-7fb988f03000 rw-p 00000000 00:00 0 
7fb988f03000-7fb98929c000 r--s 0319e000 08:01 670887                     /home/anonym/.m2/repository/org/apache/tika/tika-app/1.14/tika-app-1.14.jar
7fb98929c000-7fb9892b7000 r--s 001d6000 08:01 2106268                    /usr/lib/jvm/java-8-openjdk-amd64/jre/lib/ext/nashorn.jar
7fb9892b7000-7fb9892d2000 r--s 00394000 08:01 2106271                    /usr/lib/jvm/java-8-openjdk-amd64/jre/lib/ext/cldrdata.jar
7fb9892d2000-7fb9892d3000 ---p 00000000 00:00 0 
7fb9892d3000-7fb9893d3000 rw-p 00000000 00:00 0 
7fb9893d3000-7fb9893d6000 ---p 00000000 00:00 0 
7fb9893d6000-7fb9894d4000 rw-p 00000000 00:00 0 
7fb9894d4000-7fb9894d7000 ---p 00000000 00:00 0 
7fb9894d7000-7fb9895d5000 rw-p 00000000 00:00 0 
7fb9895d5000-7fb9895d8000 ---p 00000000 00:00 0 
7fb9895d8000-7fb9896d6000 rw-p 00000000 00:00 0 
7fb9896d6000-7fb9896d9000 ---p 00000000 00:00 0 
7fb9896d9000-7fb9897d7000 rw-p 00000000 00:00 0 
7fb9897d7000-7fb989aaf000 r--p 00000000 08:01 1708794                    /usr/lib/locale/locale-archive
7fb989aaf000-7fb989ab2000 ---p 00000000 00:00 0 
7fb989ab2000-7fb989bb0000 rw-p 00000000 00:00 0 
7fb989bb0000-7fb989bb3000 ---p 00000000 00:00 0 
7fb989bb3000-7fb989cb1000 rw-p 00000000 00:00 0 
7fb989cb1000-7fb989cb2000 ---p 00000000 00:00 0 
7fb989cb2000-7fb98a6dc000 rw-p 00000000 00:00 0 
7fb98a6dc000-7fb98a8aa000 r--s 03c06000 08:01 2106282                    /usr/lib/jvm/java-8-openjdk-amd64/jre/lib/rt.jar
7fb98a8aa000-7fb98b0e0000 rw-p 00000000 00:00 0 
7fb98b0e0000-7fb98b120000 ---p 00000000 00:00 0 
7fb98b120000-7fb98d000000 rw-p 00000000 00:00 0 
7fb98d000000-7fb98d300000 rwxp 00000000 00:00 0 
7fb98d300000-7fb99c000000 ---p 00000000 00:00 0 
7fb99c000000-7fb99d3f5000 rw-p 00000000 00:00 0 
7fb99d3f5000-7fb9a0000000 ---p 00000000 00:00 0 
7fb9a0000000-7fb9a0001000 r--s 00001000 08:01 670955                     /home/anonym/.m2/repository/com/rometools/rome-utils/1.5.1/rome-utils-1.5.1.jar
7fb9a0001000-7fb9a0003000 r--s 00010000 08:01 670901                     /home/anonym/.m2/repository/org/tallison/jmatio/1.2/jmatio-1.2.jar
7fb9a0003000-7fb9a0006000 r--s 00012000 08:01 670899                     /home/anonym/.m2/repository/com/healthmarketscience/jackcess/jackcess-encrypt/2.1.1/jackcess-encrypt-2.1.1.jar
7fb9a0006000-7fb9a0008000 r--s 00005000 08:01 670893                     /home/anonym/.m2/repository/org/gagravarr/vorbis-java-tika/0.8/vorbis-java-tika-0.8.jar
7fb9a0008000-7fb9a0012000 r--s 00116000 08:01 2106274                    /usr/lib/jvm/java-8-openjdk-amd64/jre/lib/ext/localedata.jar
7fb9a0012000-7fb9a024d000 rw-p 00000000 00:00 0 
7fb9a024d000-7fb9a024e000 ---p 00000000 00:00 0 
7fb9a024e000-7fb9a034e000 rw-p 00000000 00:00 0 
7fb9a034e000-7fb9a034f000 ---p 00000000 00:00 0 
7fb9a034f000-7fb9a0464000 rw-p 00000000 00:00 0 
7fb9a0464000-7fb9a0599000 ---p 00000000 00:00 0 
7fb9a0599000-7fb9a05ae000 rw-p 00000000 00:00 0 
7fb9a05ae000-7fb9a06e2000 ---p 00000000 00:00 0 
7fb9a06e2000-7fb9a06ed000 rw-p 00000000 00:00 0 
7fb9a06ed000-7fb9a0787000 ---p 00000000 00:00 0 
7fb9a0787000-7fb9a0794000 rw-p 00000000 00:00 0 
7fb9a0794000-7fb9a0b48000 ---p 00000000 00:00 0 
7fb9a0b48000-7fb9a0b50000 r-xp 00000000 08:01 2106227                    /usr/lib/jvm/java-8-openjdk-amd64/jre/lib/amd64/libzip.so
7fb9a0b50000-7fb9a0d4f000 ---p 00008000 08:01 2106227                    /usr/lib/jvm/java-8-openjdk-amd64/jre/lib/amd64/libzip.so
7fb9a0d4f000-7fb9a0d50000 r--p 00007000 08:01 2106227                    /usr/lib/jvm/java-8-openjdk-amd64/jre/lib/amd64/libzip.so
7fb9a0d50000-7fb9a0d51000 rw-p 00008000 08:01 2106227                    /usr/lib/jvm/java-8-openjdk-amd64/jre/lib/amd64/libzip.so
7fb9a0d51000-7fb9a0d5c000 r-xp 00000000 08:01 3415650                    /lib/x86_64-linux-gnu/libnss_files-2.23.so
7fb9a0d5c000-7fb9a0f5b000 ---p 0000b000 08:01 3415650                    /lib/x86_64-linux-gnu/libnss_files-2.23.so
7fb9a0f5b000-7fb9a0f5c000 r--p 0000a000 08:01 3415650                    /lib/x86_64-linux-gnu/libnss_files-2.23.so
7fb9a0f5c000-7fb9a0f5d000 rw-p 0000b000 08:01 3415650                    /lib/x86_64-linux-gnu/libnss_files-2.23.so
7fb9a0f5d000-7fb9a0f63000 rw-p 00000000 00:00 0 
7fb9a0f63000-7fb9a0f6e000 r-xp 00000000 08:01 3412702                    /lib/x86_64-linux-gnu/libnss_nis-2.23.so
7fb9a0f6e000-7fb9a116d000 ---p 0000b000 08:01 3412702                    /lib/x86_64-linux-gnu/libnss_nis-2.23.so
7fb9a116d000-7fb9a116e000 r--p 0000a000 08:01 3412702                    /lib/x86_64-linux-gnu/libnss_nis-2.23.so
7fb9a116e000-7fb9a116f000 rw-p 0000b000 08:01 3412702                    /lib/x86_64-linux-gnu/libnss_nis-2.23.so
7fb9a116f000-7fb9a1185000 r-xp 00000000 08:01 3412726                    /lib/x86_64-linux-gnu/libnsl-2.23.so
7fb9a1185000-7fb9a1384000 ---p 00016000 08:01 3412726                    /lib/x86_64-linux-gnu/libnsl-2.23.so
7fb9a1384000-7fb9a1385000 r--p 00015000 08:01 3412726                    /lib/x86_64-linux-gnu/libnsl-2.23.so
7fb9a1385000-7fb9a1386000 rw-p 00016000 08:01 3412726                    /lib/x86_64-linux-gnu/libnsl-2.23.so
7fb9a1386000-7fb9a1388000 rw-p 00000000 00:00 0 
7fb9a1388000-7fb9a1390000 r-xp 00000000 08:01 3415654                    /lib/x86_64-linux-gnu/libnss_compat-2.23.so
7fb9a1390000-7fb9a158f000 ---p 00008000 08:01 3415654                    /lib/x86_64-linux-gnu/libnss_compat-2.23.so
7fb9a158f000-7fb9a1590000 r--p 00007000 08:01 3415654                    /lib/x86_64-linux-gnu/libnss_compat-2.23.so
7fb9a1590000-7fb9a1591000 rw-p 00008000 08:01 3415654                    /lib/x86_64-linux-gnu/libnss_compat-2.23.so
7fb9a1591000-7fb9a15be000 r-xp 00000000 08:01 2106254                    /usr/lib/jvm/java-8-openjdk-amd64/jre/lib/amd64/libjava.so
7fb9a15be000-7fb9a17bd000 ---p 0002d000 08:01 2106254                    /usr/lib/jvm/java-8-openjdk-amd64/jre/lib/amd64/libjava.so
7fb9a17bd000-7fb9a17be000 r--p 0002c000 08:01 2106254                    /usr/lib/jvm/java-8-openjdk-amd64/jre/lib/amd64/libjava.so
7fb9a17be000-7fb9a17c0000 rw-p 0002d000 08:01 2106254                    /usr/lib/jvm/java-8-openjdk-amd64/jre/lib/amd64/libjava.so
7fb9a17c0000-7fb9a17cf000 r-xp 00000000 08:01 2106220                    /usr/lib/jvm/java-8-openjdk-amd64/jre/lib/amd64/libverify.so
7fb9a17cf000-7fb9a19ce000 ---p 0000f000 08:01 2106220                    /usr/lib/jvm/java-8-openjdk-amd64/jre/lib/amd64/libverify.so
7fb9a19ce000-7fb9a19d0000 r--p 0000e000 08:01 2106220                    /usr/lib/jvm/java-8-openjdk-amd64/jre/lib/amd64/libverify.so
7fb9a19d0000-7fb9a19d1000 rw-p 00010000 08:01 2106220                    /usr/lib/jvm/java-8-openjdk-amd64/jre/lib/amd64/libverify.so
7fb9a19d1000-7fb9a19d8000 r-xp 00000000 08:01 3415655                    /lib/x86_64-linux-gnu/librt-2.23.so
7fb9a19d8000-7fb9a1bd7000 ---p 00007000 08:01 3415655                    /lib/x86_64-linux-gnu/librt-2.23.so
7fb9a1bd7000-7fb9a1bd8000 r--p 00006000 08:01 3415655                    /lib/x86_64-linux-gnu/librt-2.23.so
7fb9a1bd8000-7fb9a1bd9000 rw-p 00007000 08:01 3415655                    /lib/x86_64-linux-gnu/librt-2.23.so
7fb9a1bd9000-7fb9a1bef000 r-xp 00000000 08:01 3412724                    /lib/x86_64-linux-gnu/libgcc_s.so.1
7fb9a1bef000-7fb9a1dee000 ---p 00016000 08:01 3412724                    /lib/x86_64-linux-gnu/libgcc_s.so.1
7fb9a1dee000-7fb9a1def000 rw-p 00015000 08:01 3412724                    /lib/x86_64-linux-gnu/libgcc_s.so.1
7fb9a1def000-7fb9a1ef7000 r-xp 00000000 08:01 3412713                    /lib/x86_64-linux-gnu/libm-2.23.so
7fb9a1ef7000-7fb9a20f6000 ---p 00108000 08:01 3412713                    /lib/x86_64-linux-gnu/libm-2.23.so
7fb9a20f6000-7fb9a20f7000 r--p 00107000 08:01 3412713                    /lib/x86_64-linux-gnu/libm-2.23.so
7fb9a20f7000-7fb9a20f8000 rw-p 00108000 08:01 3412713                    /lib/x86_64-linux-gnu/libm-2.23.so
7fb9a20f8000-7fb9a226a000 r-xp 00000000 08:01 1706113                    /usr/lib/x86_64-linux-gnu/libstdc++.so.6.0.21
7fb9a226a000-7fb9a246a000 ---p 00172000 08:01 1706113                    /usr/lib/x86_64-linux-gnu/libstdc++.so.6.0.21
7fb9a246a000-7fb9a2474000 r--p 00172000 08:01 1706113                    /usr/lib/x86_64-linux-gnu/libstdc++.so.6.0.21
7fb9a2474000-7fb9a2476000 rw-p 0017c000 08:01 1706113                    /usr/lib/x86_64-linux-gnu/libstdc++.so.6.0.21
7fb9a2476000-7fb9a247a000 rw-p 00000000 00:00 0 
7fb9a247a000-7fb9a30ca000 r-xp 00000000 08:01 2106249                    /usr/lib/jvm/java-8-openjdk-amd64/jre/lib/amd64/server/libjvm.so
7fb9a30ca000-7fb9a32c9000 ---p 00c50000 08:01 2106249                    /usr/lib/jvm/java-8-openjdk-amd64/jre/lib/amd64/server/libjvm.so
7fb9a32c9000-7fb9a335c000 r--p 00c4f000 08:01 2106249                    /usr/lib/jvm/java-8-openjdk-amd64/jre/lib/amd64/server/libjvm.so
7fb9a335c000-7fb9a3385000 rw-p 00ce2000 08:01 2106249                    /usr/lib/jvm/java-8-openjdk-amd64/jre/lib/amd64/server/libjvm.so
7fb9a3385000-7fb9a33b5000 rw-p 00000000 00:00 0 
7fb9a33b5000-7fb9a33cd000 r-xp 00000000 08:01 3415659                    /lib/x86_64-linux-gnu/libpthread-2.23.so
7fb9a33cd000-7fb9a35cc000 ---p 00018000 08:01 3415659                    /lib/x86_64-linux-gnu/libpthread-2.23.so
7fb9a35cc000-7fb9a35cd000 r--p 00017000 08:01 3415659                    /lib/x86_64-linux-gnu/libpthread-2.23.so
7fb9a35cd000-7fb9a35ce000 rw-p 00018000 08:01 3415659                    /lib/x86_64-linux-gnu/libpthread-2.23.so
7fb9a35ce000-7fb9a35d2000 rw-p 00000000 00:00 0 
7fb9a35d2000-7fb9a35d5000 r-xp 00000000 08:01 3412698                    /lib/x86_64-linux-gnu/libdl-2.23.so
7fb9a35d5000-7fb9a37d4000 ---p 00003000 08:01 3412698                    /lib/x86_64-linux-gnu/libdl-2.23.so
7fb9a37d4000-7fb9a37d5000 r--p 00002000 08:01 3412698                    /lib/x86_64-linux-gnu/libdl-2.23.so
7fb9a37d5000-7fb9a37d6000 rw-p 00003000 08:01 3412698                    /lib/x86_64-linux-gnu/libdl-2.23.so
7fb9a37d6000-7fb9a37ef000 r-xp 00000000 08:01 3412877                    /lib/x86_64-linux-gnu/libz.so.1.2.8
7fb9a37ef000-7fb9a39ee000 ---p 00019000 08:01 3412877                    /lib/x86_64-linux-gnu/libz.so.1.2.8
7fb9a39ee000-7fb9a39ef000 r--p 00018000 08:01 3412877                    /lib/x86_64-linux-gnu/libz.so.1.2.8
7fb9a39ef000-7fb9a39f0000 rw-p 00019000 08:01 3412877                    /lib/x86_64-linux-gnu/libz.so.1.2.8
7fb9a39f0000-7fb9a3baf000 r-xp 00000000 08:01 3412742                    /lib/x86_64-linux-gnu/libc-2.23.so
7fb9a3baf000-7fb9a3daf000 ---p 001bf000 08:01 3412742                    /lib/x86_64-linux-gnu/libc-2.23.so
7fb9a3daf000-7fb9a3db3000 r--p 001bf000 08:01 3412742                    /lib/x86_64-linux-gnu/libc-2.23.so
7fb9a3db3000-7fb9a3db5000 rw-p 001c3000 08:01 3412742                    /lib/x86_64-linux-gnu/libc-2.23.so
7fb9a3db5000-7fb9a3db9000 rw-p 00000000 00:00 0 
7fb9a3db9000-7fb9a3dc6000 r-xp 00000000 08:01 2106243                    /usr/lib/jvm/java-8-openjdk-amd64/jre/lib/amd64/jli/libjli.so
7fb9a3dc6000-7fb9a3fc6000 ---p 0000d000 08:01 2106243                    /usr/lib/jvm/java-8-openjdk-amd64/jre/lib/amd64/jli/libjli.so
7fb9a3fc6000-7fb9a3fc7000 r--p 0000d000 08:01 2106243                    /usr/lib/jvm/java-8-openjdk-amd64/jre/lib/amd64/jli/libjli.so
7fb9a3fc7000-7fb9a3fc8000 rw-p 0000e000 08:01 2106243                    /usr/lib/jvm/java-8-openjdk-amd64/jre/lib/amd64/jli/libjli.so
7fb9a3fc8000-7fb9a3fee000 r-xp 00000000 08:01 3412852                    /lib/x86_64-linux-gnu/ld-2.23.so
7fb9a3fee000-7fb9a3ff3000 r--s 0003b000 08:01 2106275                    /usr/lib/jvm/java-8-openjdk-amd64/jre/lib/ext/sunjce_provider.jar
7fb9a3ff3000-7fb9a3ff6000 r--s 0000f000 08:01 2106270                    /usr/lib/jvm/java-8-openjdk-amd64/jre/lib/ext/icedtea-sound.jar
7fb9a3ff6000-7fb9a40cf000 rw-p 00000000 00:00 0 
7fb9a40cf000-7fb9a40d2000 ---p 00000000 00:00 0 
7fb9a40d2000-7fb9a41d5000 rw-p 00000000 00:00 0 
7fb9a41d5000-7fb9a41d7000 r--s 0000f000 08:01 787814                     /home/anonym/Documents/eclipseWS/TessSimple/lib/tess4j-4.0.jar
7fb9a41d7000-7fb9a41db000 r--s 00037000 08:01 2106273                    /usr/lib/jvm/java-8-openjdk-amd64/jre/lib/ext/sunpkcs11.jar
7fb9a41db000-7fb9a41dc000 r--s 00010000 08:01 2106272                    /usr/lib/jvm/java-8-openjdk-amd64/jre/lib/ext/zipfs.jar
7fb9a41dc000-7fb9a41dd000 r--s 0000a000 08:01 2106276                    /usr/lib/jvm/java-8-openjdk-amd64/jre/lib/ext/jaccess.jar
7fb9a41dd000-7fb9a41df000 r--s 00008000 08:01 2106267                    /usr/lib/jvm/java-8-openjdk-amd64/jre/lib/ext/sunec.jar
7fb9a41df000-7fb9a41e1000 r--s 00001000 08:01 2106269                    /usr/lib/jvm/java-8-openjdk-amd64/jre/lib/ext/dnsns.jar
7fb9a41e1000-7fb9a41e9000 rw-s 00000000 08:01 2645770                    /tmp/hsperfdata_anonym/10313
7fb9a41e9000-7fb9a41ea000 rw-p 00000000 00:00 0 
7fb9a41ea000-7fb9a41eb000 r--p 00000000 00:00 0 
7fb9a41eb000-7fb9a41ed000 rw-p 00000000 00:00 0 
7fb9a41ed000-7fb9a41ee000 r--p 00025000 08:01 3412852                    /lib/x86_64-linux-gnu/ld-2.23.so
7fb9a41ee000-7fb9a41ef000 rw-p 00026000 08:01 3412852                    /lib/x86_64-linux-gnu/ld-2.23.so
7fb9a41ef000-7fb9a41f0000 rw-p 00000000 00:00 0 
7fffb44bf000-7fffb44e4000 rw-p 00000000 00:00 0                          [stack]
7fffb44f7000-7fffb44f9000 r--p 00000000 00:00 0                          [vvar]
7fffb44f9000-7fffb44fb000 r-xp 00000000 00:00 0                          [vdso]
ffffffffff600000-ffffffffff601000 r-xp 00000000 00:00 0                  [vsyscall]

VM Arguments:
jvm_args: -Dfile.encoding=UTF-8 
java_command: Test
java_class_path (initial): /home/anonym/Documents/eclipseWS/TessSimple/target/classes:/home/anonym/Documents/eclipseWS/TessSimple/lib/tess4j-4.0.jar:/home/anonym/.m2/repository/org/apache/tika/tika-app/1.14/tika-app-1.14.jar:/home/anonym/.m2/repository/org/apache/tika/tika-parsers/1.14/tika-parsers-1.14.jar:/home/anonym/.m2/repository/org/apache/tika/tika-core/1.14/tika-core-1.14.jar:/home/anonym/.m2/repository/org/gagravarr/vorbis-java-tika/0.8/vorbis-java-tika-0.8.jar:/home/anonym/.m2/repository/com/healthmarketscience/jackcess/jackcess/2.1.4/jackcess-2.1.4.jar:/home/anonym/.m2/repository/com/healthmarketscience/jackcess/jackcess-encrypt/2.1.1/jackcess-encrypt-2.1.1.jar:/home/anonym/.m2/repository/org/tallison/jmatio/1.2/jmatio-1.2.jar:/home/anonym/.m2/repository/org/apache/james/apache-mime4j-core/0.7.2/apache-mime4j-core-0.7.2.jar:/home/anonym/.m2/repository/org/apache/james/apache-mime4j-dom/0.7.2/apache-mime4j-dom-0.7.2.jar:/home/anonym/.m2/repository/org/tukaani/xz/1.5/xz-1.5.jar:/home/anonym/.m2/repository/commons-codec/commons-codec/1.10/commons-codec-1.10.jar:/home/anonym/.m2/repository/org/apache/pdfbox/pdfbox/2.0.3/pdfbox-2.0.3.jar:/home/anonym/.m2/repository/org/apache/pdfbox/fontbox/2.0.3/fontbox-2.0.3.jar:/home/anonym/.m2/repository/org/apache/pdfbox/pdfbox-tools/2.0.3/pdfbox-tools-2.0.3.jar:/home/anonym/.m2/repository/org/apache/pdfbox/pdfbox-debugger/2.0.3/pdfbox-debugger-2.0.3.jar:/home/anonym/.m2/repository/org/apache/pdfbox/jempbox/1.8.12/jempbox-1.8.12.jar:/home/anonym/.m2/repository/org/bouncycastle/bcmail-jdk15on/1.54/bcmail-jdk15on-1.54.jar:/home/anonym/.m2/repository/org/bouncycastle/bcpkix-jdk15on/1.54/bcpkix-jdk15on-1.54.jar:/home/anonym/.m2/repository/org/bouncycastle/bcprov-jdk15on/1.54/bcprov-jdk15on-1.54.jar:/home/anonym/.m2/repository/org/apache/poi/poi/3.15/poi-3.15.jar:/home/anonym/.m2/repository/org/apache/commons/commons-collections4/4.1/commons-collections4-4.1.jar:/home/anonym/.m2/repository/org/apache/poi/poi-scratchpad/3.15/
Launcher Type: SUN_STANDARD

Environment Variables:
PATH=/home/anonym/bin:/home/anonym/.local/bin:/usr/local/sbin:/usr/local/bin:/usr/sbin:/usr/bin:/sbin:/bin:/usr/games:/usr/local/games:/snap/bin
SHELL=/bin/bash
DISPLAY=:0

Signal Handlers:
SIGSEGV: [libjvm.so+0xa66fd0], sa_mask[0]=11111111011111111101111111111110, sa_flags=SA_RESTART|SA_SIGINFO
SIGBUS: [libjvm.so+0xa66fd0], sa_mask[0]=11111111011111111101111111111110, sa_flags=SA_RESTART|SA_SIGINFO
SIGFPE: [libjvm.so+0x8b0180], sa_mask[0]=11111111011111111101111111111110, sa_flags=SA_RESTART|SA_SIGINFO
SIGPIPE: [libjvm.so+0x8b0180], sa_mask[0]=11111111011111111101111111111110, sa_flags=SA_RESTART|SA_SIGINFO
SIGXFSZ: [libjvm.so+0x8b0180], sa_mask[0]=11111111011111111101111111111110, sa_flags=SA_RESTART|SA_SIGINFO
SIGILL: [libjvm.so+0x8b0180], sa_mask[0]=11111111011111111101111111111110, sa_flags=SA_RESTART|SA_SIGINFO
SIGUSR1: SIG_DFL, sa_mask[0]=00000000000000000000000000000000, sa_flags=none
SIGUSR2: [libjvm.so+0x8b0030], sa_mask[0]=00100000000000000000000000000000, sa_flags=SA_RESTART|SA_SIGINFO
SIGHUP: [libjvm.so+0x8b0500], sa_mask[0]=11111111011111111101111111111110, sa_flags=SA_RESTART|SA_SIGINFO
SIGINT: [libjvm.so+0x8b0500], sa_mask[0]=11111111011111111101111111111110, sa_flags=SA_RESTART|SA_SIGINFO
SIGTERM: [libjvm.so+0x8b0500], sa_mask[0]=11111111011111111101111111111110, sa_flags=SA_RESTART|SA_SIGINFO
SIGQUIT: [libjvm.so+0x8b0500], sa_mask[0]=11111111011111111101111111111110, sa_flags=SA_RESTART|SA_SIGINFO


---------------  S Y S T E M  ---------------

OS:DISTRIB_ID=Ubuntu
DISTRIB_RELEASE=16.04
DISTRIB_CODENAME=xenial
DISTRIB_DESCRIPTION="Ubuntu 16.04.1 LTS"

uname:Linux 4.4.0-72-generic #93-Ubuntu SMP Fri Mar 31 14:07:41 UTC 2017 x86_64
libc:glibc 2.23 NPTL 2.23 
rlimit: STACK 8192k, CORE 0k, NPROC 15637, NOFILE 65536, AS infinity
load average:1.20 0.83 0.64

/proc/meminfo:
MemTotal:        4042532 kB
MemFree:          107180 kB
MemAvailable:     963944 kB
Buffers:           56968 kB
Cached:           989776 kB
SwapCached:          612 kB
Active:          2616624 kB
Inactive:        1160540 kB
Active(anon):    2096724 kB
Inactive(anon):   645844 kB
Active(file):     519900 kB
Inactive(file):   514696 kB
Unevictable:           0 kB
Mlocked:               0 kB
SwapTotal:       4192252 kB
SwapFree:        4187168 kB
Dirty:             53764 kB
Writeback:             0 kB
AnonPages:       2729840 kB
Mapped:           225336 kB
Shmem:             12152 kB
Slab:              86588 kB
SReclaimable:      56708 kB
SUnreclaim:        29880 kB
KernelStack:        9920 kB
PageTables:        35788 kB
NFS_Unstable:          0 kB
Bounce:                0 kB
WritebackTmp:          0 kB
CommitLimit:     6213516 kB
Committed_AS:    7927892 kB
VmallocTotal:   34359738367 kB
VmallocUsed:           0 kB
VmallocChunk:          0 kB
HardwareCorrupted:     0 kB
AnonHugePages:   1652736 kB
CmaTotal:              0 kB
CmaFree:               0 kB
HugePages_Total:       0
HugePages_Free:        0
HugePages_Rsvd:        0
HugePages_Surp:        0
Hugepagesize:       2048 kB
DirectMap4k:       81840 kB
DirectMap2M:     4112384 kB


CPU:total 2 (2 cores per cpu, 1 threads per core) family 6 model 58 stepping 9, cmov, cx8, fxsr, mmx, sse, sse2, sse3, ssse3, sse4.1, sse4.2, popcnt, avx, aes, clmul, erms, tsc, tscinvbit, tscinv

/proc/cpuinfo:
processor	: 0
vendor_id	: GenuineIntel
cpu family	: 6
model		: 58
model name	: Intel(R) Core(TM) i7-3520M CPU @ 2.90GHz
stepping	: 9
microcode	: 0x15
cpu MHz		: 2893.406
cache size	: 4096 KB
physical id	: 0
siblings	: 2
core id		: 0
cpu cores	: 2
apicid		: 0
initial apicid	: 0
fpu		: yes
fpu_exception	: yes
cpuid level	: 13
wp		: yes
flags		: fpu vme de pse tsc msr pae mce cx8 apic sep mtrr pge mca cmov pat pse36 clflush mmx fxsr sse sse2 ss ht syscall nx rdtscp lm constant_tsc nopl xtopology nonstop_tsc eagerfpu pni pclmulqdq ssse3 cx16 pcid sse4_1 sse4_2 x2apic popcnt tsc_deadline_timer aes xsave avx f16c rdrand hypervisor lahf_lm fsgsbase smep xsaveopt dtherm arat pln pts
bugs		:
bogomips	: 5786.81
clflush size	: 64
cache_alignment	: 64
address sizes	: 36 bits physical, 48 bits virtual
power management:

processor	: 1
vendor_id	: GenuineIntel
cpu family	: 6
model		: 58
model name	: Intel(R) Core(TM) i7-3520M CPU @ 2.90GHz
stepping	: 9
microcode	: 0x15
cpu MHz		: 2893.406
cache size	: 4096 KB
physical id	: 0
siblings	: 2
core id		: 1
cpu cores	: 2
apicid		: 1
initial apicid	: 1
fpu		: yes
fpu_exception	: yes
cpuid level	: 13
wp		: yes
flags		: fpu vme de pse tsc msr pae mce cx8 apic sep mtrr pge mca cmov pat pse36 clflush mmx fxsr sse sse2 ss ht syscall nx rdtscp lm constant_tsc nopl xtopology nonstop_tsc eagerfpu pni pclmulqdq ssse3 cx16 pcid sse4_1 sse4_2 x2apic popcnt tsc_deadline_timer aes xsave avx f16c rdrand hypervisor lahf_lm fsgsbase smep xsaveopt dtherm arat pln pts
bugs		:
bogomips	: 5786.81
clflush size	: 64
cache_alignment	: 64
address sizes	: 36 bits physical, 48 bits virtual
power management:



Memory: 4k page, physical 4042532k(107180k free), swap 4192252k(4187168k free)

vm_info: OpenJDK 64-Bit Server VM (25.121-b13) for linux-amd64 JRE (1.8.0_121-8u121-b13-0ubuntu1.16.04.2-b13), built on Jan 23 2017 15:51:29 by "buildd" with gcc 5.4.0 20160609

time: Fri Apr 14 13:08:27 2017
elapsed time: 3 seconds (0d 0h 0m 3s)

